Info: constraining clock net 'clk' to 25.00 MHz

Info: Logic utilisation before packing:
Info:     Total LUT4s:        27/24288     0%
Info:         logic LUTs:      3/24288     0%
Info:         carry LUTs:     24/24288     0%
Info:           RAM LUTs:      0/ 3036     0%
Info:          RAMW LUTs:      0/ 6072     0%

Info:      Total DFFs:        24/24288     0%

Info: Packing IOs..
Info: pin 'rst$tr_io' constrained to Bel 'X6/Y50/PIOA'.
Info: pin 'clk$tr_io' constrained to Bel 'X0/Y47/PIOC'.
Info: pin 'LED$tr_io' constrained to Bel 'X4/Y50/PIOA'.
Info: Packing constants..
Info: Packing carries...
Info: Packing LUTs...
Info: Packing LUT5-7s...
Info: Packing FFs...
Info:     24 FFs paired with LUTs.
Info: Generating derived timing constraints...
Info: Promoting globals...
Info:     promoting clock net clk$TRELLIS_IO_IN to global network
Info: Checksum: 0xe99a011a

Info: Device utilisation:
Info: 	          TRELLIS_IO:       3/    197     1%
Info: 	                DCCA:       1/     56     1%
Info: 	              DP16KD:       0/     56     0%
Info: 	          MULT18X18D:       0/     28     0%
Info: 	              ALU54B:       0/     14     0%
Info: 	             EHXPLLL:       0/      2     0%
Info: 	             EXTREFB:       0/      1     0%
Info: 	                DCUA:       0/      1     0%
Info: 	           PCSCLKDIV:       0/      2     0%
Info: 	             IOLOGIC:       0/    128     0%
Info: 	            SIOLOGIC:       0/     69     0%
Info: 	                 GSR:       0/      1     0%
Info: 	               JTAGG:       0/      1     0%
Info: 	                OSCG:       0/      1     0%
Info: 	               SEDGA:       0/      1     0%
Info: 	                 DTR:       0/      1     0%
Info: 	             USRMCLK:       0/      1     0%
Info: 	             CLKDIVF:       0/      4     0%
Info: 	           ECLKSYNCB:       0/     10     0%
Info: 	             DLLDELD:       0/      8     0%
Info: 	              DDRDLL:       0/      4     0%
Info: 	             DQSBUFM:       0/      8     0%
Info: 	     TRELLIS_ECLKBUF:       0/      8     0%
Info: 	        ECLKBRIDGECS:       0/      2     0%
Info: 	                DCSC:       0/      2     0%
Info: 	          TRELLIS_FF:      24/  24288     0%
Info: 	        TRELLIS_COMB:      33/  24288     0%
Info: 	        TRELLIS_RAMW:       0/   3036     0%

Info: Placed 3 cells based on constraints.
Info: Creating initial analytic placement for 5 cells, random placement wirelen = 303.
Info:     at initial placer iter 0, wirelen = 36
Info:     at initial placer iter 1, wirelen = 36
Info:     at initial placer iter 2, wirelen = 36
Info:     at initial placer iter 3, wirelen = 36
Info: Running main analytical placer, max placement attempts per cell = 10000.
Info:     at iteration #1, type TRELLIS_COMB: wirelen solved = 36, spread = 50, legal = 47; time = 0.00s
Info:     at iteration #2, type TRELLIS_COMB: wirelen solved = 35, spread = 54, legal = 50; time = 0.00s
Info:     at iteration #3, type TRELLIS_COMB: wirelen solved = 35, spread = 54, legal = 50; time = 0.00s
Info:     at iteration #4, type TRELLIS_COMB: wirelen solved = 37, spread = 46, legal = 46; time = 0.00s
Info: HeAP Placer Time: 0.02s
Info:   of which solving equations: 0.00s
Info:   of which spreading cells: 0.00s
Info:   of which strict legalisation: 0.00s

Info: Running simulated annealing placer for refinement.
Info:   at iteration #1: temp = 0.000000, timing cost = 1, wirelen = 46
Info:   at iteration #4: temp = 0.000000, timing cost = 1, wirelen = 42 
Info: SA placement time 0.00s

Info: Max frequency for clock '$glbnet$clk$TRELLIS_IO_IN': 357.65 MHz (PASS at 25.00 MHz)

Info: Max delay <async>                           -> posedge $glbnet$clk$TRELLIS_IO_IN: 2.42 ns
Info: Max delay posedge $glbnet$clk$TRELLIS_IO_IN -> <async>                          : 2.68 ns

Info: Slack histogram:
Info:  legend: * represents 1 endpoint(s)
Info:          + represents [1,1) endpoint(s)
Info: [ 37204,  37306) |*** 
Info: [ 37306,  37408) |*** 
Info: [ 37408,  37510) |*** 
Info: [ 37510,  37612) |*** 
Info: [ 37612,  37714) |*** 
Info: [ 37714,  37816) |*** 
Info: [ 37816,  37918) |*** 
Info: [ 37918,  38020) |** 
Info: [ 38020,  38122) | 
Info: [ 38122,  38224) | 
Info: [ 38224,  38326) | 
Info: [ 38326,  38428) | 
Info: [ 38428,  38530) | 
Info: [ 38530,  38632) | 
Info: [ 38632,  38734) | 
Info: [ 38734,  38836) | 
Info: [ 38836,  38938) | 
Info: [ 38938,  39040) | 
Info: [ 39040,  39142) | 
Info: [ 39142,  39244) |* 
Info: Checksum: 0xbdb80377
Info: Routing globals...
Info:     routing clock net $glbnet$clk$TRELLIS_IO_IN using global 0

Info: Routing..
Info: Setting up routing queue.
Info: Routing 94 arcs.
Info:            |   (re-)routed arcs  |   delta    | remaining|       time spent     |
Info:    IterCnt |  w/ripup   wo/ripup |  w/r  wo/r |      arcs| batch(sec) total(sec)|
Info:         94 |        0         80 |    0    80 |         0|       0.01       0.01|
Info: Routing complete.
Info: Router1 time 0.01s
Info: Checksum: 0x92ea69ce

Info: Critical path report for clock '$glbnet$clk$TRELLIS_IO_IN' (posedge -> posedge):
Info:       type curr  total name
Info:   clk-to-q  0.52  0.52 Source counter_TRELLIS_FF_Q_12.Q
Info:    routing  0.88  1.41 Net LED_LUT4_Z_D_CCU2C_B1_B0[0] (4,48) -> (4,47)
Info:                          Sink LED_LUT4_Z_D_CCU2C_B1_S0_CCU2C_S1$CCU2_COMB0.B
Info:                          Defined in:
Info:                               blink.v:15.18-15.29
Info:                               /usr/local/bin/../share/yosys/lattice/arith_map_ccu2c.v:32.22-32.23
Info:      logic  0.45  1.85 Source LED_LUT4_Z_D_CCU2C_B1_S0_CCU2C_S1$CCU2_COMB0.FCO
Info:    routing  0.00  1.85 Net LED_LUT4_Z_D_CCU2C_B1_S0_CCU2C_S1$CCU2_FCI_INT (4,47) -> (4,47)
Info:                          Sink LED_LUT4_Z_D_CCU2C_B1_S0_CCU2C_S1$CCU2_COMB1.FCI
Info:      logic  0.00  1.85 Source LED_LUT4_Z_D_CCU2C_B1_S0_CCU2C_S1$CCU2_COMB1.FCO
Info:    routing  0.00  1.85 Net LED_LUT4_Z_D_CCU2C_B1_S0_CCU2C_S1_COUT (4,47) -> (4,47)
Info:                          Sink LED_LUT4_Z_D_CCU2C_B1_S0_CCU2C_S0_3$CCU2_COMB0.FCI
Info:                          Defined in:
Info:                               blink.v:15.18-15.29
Info:                               /usr/local/bin/../share/yosys/lattice/arith_map_ccu2c.v:74.7-80.4
Info:                               /usr/local/bin/../share/yosys/lattice/ccu2c_sim.vh:9.9-9.13
Info:      logic  0.07  1.92 Source LED_LUT4_Z_D_CCU2C_B1_S0_CCU2C_S0_3$CCU2_COMB0.FCO
Info:    routing  0.00  1.92 Net LED_LUT4_Z_D_CCU2C_B1_S0_CCU2C_S0_3$CCU2_FCI_INT (4,47) -> (4,47)
Info:                          Sink LED_LUT4_Z_D_CCU2C_B1_S0_CCU2C_S0_3$CCU2_COMB1.FCI
Info:      logic  0.00  1.92 Source LED_LUT4_Z_D_CCU2C_B1_S0_CCU2C_S0_3$CCU2_COMB1.FCO
Info:    routing  0.00  1.92 Net LED_LUT4_Z_D_CCU2C_B1_S0_CCU2C_S0_3_COUT (4,47) -> (4,47)
Info:                          Sink LED_LUT4_Z_D_CCU2C_B1_S0_CCU2C_S0_2$CCU2_COMB0.FCI
Info:                          Defined in:
Info:                               blink.v:15.18-15.29
Info:                               /usr/local/bin/../share/yosys/lattice/arith_map_ccu2c.v:74.7-80.4
Info:                               /usr/local/bin/../share/yosys/lattice/ccu2c_sim.vh:9.9-9.13
Info:      logic  0.07  2.00 Source LED_LUT4_Z_D_CCU2C_B1_S0_CCU2C_S0_2$CCU2_COMB0.FCO
Info:    routing  0.00  2.00 Net LED_LUT4_Z_D_CCU2C_B1_S0_CCU2C_S0_2$CCU2_FCI_INT (4,47) -> (4,47)
Info:                          Sink LED_LUT4_Z_D_CCU2C_B1_S0_CCU2C_S0_2$CCU2_COMB1.FCI
Info:      logic  0.00  2.00 Source LED_LUT4_Z_D_CCU2C_B1_S0_CCU2C_S0_2$CCU2_COMB1.FCO
Info:    routing  0.00  2.00 Net LED_LUT4_Z_D_CCU2C_B1_S0_CCU2C_S0_2_COUT (4,47) -> (5,47)
Info:                          Sink LED_LUT4_Z_D_CCU2C_B1_S0_CCU2C_S0_1$CCU2_COMB0.FCI
Info:                          Defined in:
Info:                               blink.v:15.18-15.29
Info:                               /usr/local/bin/../share/yosys/lattice/arith_map_ccu2c.v:74.7-80.4
Info:                               /usr/local/bin/../share/yosys/lattice/ccu2c_sim.vh:9.9-9.13
Info:      logic  0.07  2.07 Source LED_LUT4_Z_D_CCU2C_B1_S0_CCU2C_S0_1$CCU2_COMB0.FCO
Info:    routing  0.00  2.07 Net LED_LUT4_Z_D_CCU2C_B1_S0_CCU2C_S0_1$CCU2_FCI_INT (5,47) -> (5,47)
Info:                          Sink LED_LUT4_Z_D_CCU2C_B1_S0_CCU2C_S0_1$CCU2_COMB1.FCI
Info:      logic  0.00  2.07 Source LED_LUT4_Z_D_CCU2C_B1_S0_CCU2C_S0_1$CCU2_COMB1.FCO
Info:    routing  0.00  2.07 Net LED_LUT4_Z_D_CCU2C_B1_S0_CCU2C_S0_1_COUT (5,47) -> (5,47)
Info:                          Sink LED_LUT4_Z_D_CCU2C_B1_S0_CCU2C_S0$CCU2_COMB0.FCI
Info:                          Defined in:
Info:                               blink.v:15.18-15.29
Info:                               /usr/local/bin/../share/yosys/lattice/arith_map_ccu2c.v:74.7-80.4
Info:                               /usr/local/bin/../share/yosys/lattice/ccu2c_sim.vh:9.9-9.13
Info:      logic  0.07  2.14 Source LED_LUT4_Z_D_CCU2C_B1_S0_CCU2C_S0$CCU2_COMB0.FCO
Info:    routing  0.00  2.14 Net LED_LUT4_Z_D_CCU2C_B1_S0_CCU2C_S0$CCU2_FCI_INT (5,47) -> (5,47)
Info:                          Sink LED_LUT4_Z_D_CCU2C_B1_S0_CCU2C_S0$CCU2_COMB1.FCI
Info:      logic  0.00  2.14 Source LED_LUT4_Z_D_CCU2C_B1_S0_CCU2C_S0$CCU2_COMB1.FCO
Info:    routing  0.00  2.14 Net LED_LUT4_Z_D_CCU2C_B1_S0_CCU2C_S0_COUT (5,47) -> (5,47)
Info:                          Sink LED_LUT4_Z_D_CCU2C_B1_S0_CCU2C_S0_9$CCU2_COMB0.FCI
Info:                          Defined in:
Info:                               blink.v:15.18-15.29
Info:                               /usr/local/bin/../share/yosys/lattice/arith_map_ccu2c.v:74.7-80.4
Info:                               /usr/local/bin/../share/yosys/lattice/ccu2c_sim.vh:9.9-9.13
Info:      logic  0.07  2.21 Source LED_LUT4_Z_D_CCU2C_B1_S0_CCU2C_S0_9$CCU2_COMB0.FCO
Info:    routing  0.00  2.21 Net LED_LUT4_Z_D_CCU2C_B1_S0_CCU2C_S0_9$CCU2_FCI_INT (5,47) -> (5,47)
Info:                          Sink LED_LUT4_Z_D_CCU2C_B1_S0_CCU2C_S0_9$CCU2_COMB1.FCI
Info:      logic  0.00  2.21 Source LED_LUT4_Z_D_CCU2C_B1_S0_CCU2C_S0_9$CCU2_COMB1.FCO
Info:    routing  0.00  2.21 Net LED_LUT4_Z_D_CCU2C_B1_S0_CCU2C_S0_9_COUT (5,47) -> (5,47)
Info:                          Sink LED_LUT4_Z_D_CCU2C_B1_S0_CCU2C_S0_8$CCU2_COMB0.FCI
Info:                          Defined in:
Info:                               blink.v:15.18-15.29
Info:                               /usr/local/bin/../share/yosys/lattice/arith_map_ccu2c.v:74.7-80.4
Info:                               /usr/local/bin/../share/yosys/lattice/ccu2c_sim.vh:9.9-9.13
Info:      logic  0.07  2.28 Source LED_LUT4_Z_D_CCU2C_B1_S0_CCU2C_S0_8$CCU2_COMB0.FCO
Info:    routing  0.00  2.28 Net LED_LUT4_Z_D_CCU2C_B1_S0_CCU2C_S0_8$CCU2_FCI_INT (5,47) -> (5,47)
Info:                          Sink LED_LUT4_Z_D_CCU2C_B1_S0_CCU2C_S0_8$CCU2_COMB1.FCI
Info:      logic  0.00  2.28 Source LED_LUT4_Z_D_CCU2C_B1_S0_CCU2C_S0_8$CCU2_COMB1.FCO
Info:    routing  0.00  2.28 Net LED_LUT4_Z_D_CCU2C_B1_S0_CCU2C_S0_8_COUT (5,47) -> (6,47)
Info:                          Sink LED_LUT4_Z_D_CCU2C_B1_S0_CCU2C_S0_7$CCU2_COMB0.FCI
Info:                          Defined in:
Info:                               blink.v:15.18-15.29
Info:                               /usr/local/bin/../share/yosys/lattice/arith_map_ccu2c.v:74.7-80.4
Info:                               /usr/local/bin/../share/yosys/lattice/ccu2c_sim.vh:9.9-9.13
Info:      logic  0.07  2.35 Source LED_LUT4_Z_D_CCU2C_B1_S0_CCU2C_S0_7$CCU2_COMB0.FCO
Info:    routing  0.00  2.35 Net LED_LUT4_Z_D_CCU2C_B1_S0_CCU2C_S0_7$CCU2_FCI_INT (6,47) -> (6,47)
Info:                          Sink LED_LUT4_Z_D_CCU2C_B1_S0_CCU2C_S0_7$CCU2_COMB1.FCI
Info:      logic  0.00  2.35 Source LED_LUT4_Z_D_CCU2C_B1_S0_CCU2C_S0_7$CCU2_COMB1.FCO
Info:    routing  0.00  2.35 Net LED_LUT4_Z_D_CCU2C_B1_S0_CCU2C_S0_7_COUT (6,47) -> (6,47)
Info:                          Sink LED_LUT4_Z_D_CCU2C_B1_S0_CCU2C_S0_6$CCU2_COMB0.FCI
Info:                          Defined in:
Info:                               blink.v:15.18-15.29
Info:                               /usr/local/bin/../share/yosys/lattice/arith_map_ccu2c.v:74.7-80.4
Info:                               /usr/local/bin/../share/yosys/lattice/ccu2c_sim.vh:9.9-9.13
Info:      logic  0.07  2.42 Source LED_LUT4_Z_D_CCU2C_B1_S0_CCU2C_S0_6$CCU2_COMB0.FCO
Info:    routing  0.00  2.42 Net LED_LUT4_Z_D_CCU2C_B1_S0_CCU2C_S0_6$CCU2_FCI_INT (6,47) -> (6,47)
Info:                          Sink LED_LUT4_Z_D_CCU2C_B1_S0_CCU2C_S0_6$CCU2_COMB1.FCI
Info:      logic  0.00  2.42 Source LED_LUT4_Z_D_CCU2C_B1_S0_CCU2C_S0_6$CCU2_COMB1.FCO
Info:    routing  0.00  2.42 Net LED_LUT4_Z_D_CCU2C_B1_S0_CCU2C_S0_6_COUT (6,47) -> (6,47)
Info:                          Sink LED_LUT4_Z_D_CCU2C_B1_S0_CCU2C_S0_5$CCU2_COMB0.FCI
Info:                          Defined in:
Info:                               blink.v:15.18-15.29
Info:                               /usr/local/bin/../share/yosys/lattice/arith_map_ccu2c.v:74.7-80.4
Info:                               /usr/local/bin/../share/yosys/lattice/ccu2c_sim.vh:9.9-9.13
Info:      logic  0.07  2.49 Source LED_LUT4_Z_D_CCU2C_B1_S0_CCU2C_S0_5$CCU2_COMB0.FCO
Info:    routing  0.00  2.49 Net LED_LUT4_Z_D_CCU2C_B1_S0_CCU2C_S0_5$CCU2_FCI_INT (6,47) -> (6,47)
Info:                          Sink LED_LUT4_Z_D_CCU2C_B1_S0_CCU2C_S0_5$CCU2_COMB1.FCI
Info:      logic  0.00  2.49 Source LED_LUT4_Z_D_CCU2C_B1_S0_CCU2C_S0_5$CCU2_COMB1.FCO
Info:    routing  0.00  2.49 Net LED_LUT4_Z_D_CCU2C_B1_S0_CCU2C_S0_5_COUT (6,47) -> (6,47)
Info:                          Sink LED_LUT4_Z_D_CCU2C_B1_S0_CCU2C_S0_4$CCU2_COMB0.FCI
Info:                          Defined in:
Info:                               blink.v:15.18-15.29
Info:                               /usr/local/bin/../share/yosys/lattice/arith_map_ccu2c.v:74.7-80.4
Info:                               /usr/local/bin/../share/yosys/lattice/ccu2c_sim.vh:9.9-9.13
Info:      logic  0.07  2.56 Source LED_LUT4_Z_D_CCU2C_B1_S0_CCU2C_S0_4$CCU2_COMB0.FCO
Info:    routing  0.00  2.56 Net LED_LUT4_Z_D_CCU2C_B1_S0_CCU2C_S0_4$CCU2_FCI_INT (6,47) -> (6,47)
Info:                          Sink LED_LUT4_Z_D_CCU2C_B1_S0_CCU2C_S0_4$CCU2_COMB1.FCI
Info:      logic  0.00  2.56 Source LED_LUT4_Z_D_CCU2C_B1_S0_CCU2C_S0_4$CCU2_COMB1.FCO
Info:    routing  0.00  2.56 Net LED_LUT4_Z_D_CCU2C_B1_S0_CCU2C_S0_4_COUT (6,47) -> (7,47)
Info:                          Sink LED_LUT4_Z_D_CCU2C_B1$CCU2_COMB0.FCI
Info:                          Defined in:
Info:                               blink.v:15.18-15.29
Info:                               /usr/local/bin/../share/yosys/lattice/arith_map_ccu2c.v:74.7-80.4
Info:                               /usr/local/bin/../share/yosys/lattice/ccu2c_sim.vh:9.9-9.13
Info:      logic  0.07  2.63 Source LED_LUT4_Z_D_CCU2C_B1$CCU2_COMB0.FCO
Info:    routing  0.00  2.63 Net LED_LUT4_Z_D_CCU2C_B1$CCU2_FCI_INT (7,47) -> (7,47)
Info:                          Sink LED_LUT4_Z_D_CCU2C_B1$CCU2_COMB1.FCI
Info:      logic  0.40  3.04 Source LED_LUT4_Z_D_CCU2C_B1$CCU2_COMB1.F
Info:    routing  0.13  3.17 Net LED_LUT4_Z_D_CCU2C_B1_S0[23] (7,47) -> (7,47)
Info:                          Sink LED_LUT4_Z_D_TRELLIS_FF_Q.DI
Info:                          Defined in:
Info:                               blink.v:15.18-15.29
Info:                               /usr/local/bin/../share/yosys/lattice/arith_map_ccu2c.v:34.26-34.27
Info:      setup  0.00  3.17 Source LED_LUT4_Z_D_TRELLIS_FF_Q.DI
Info: 2.16 ns logic, 1.01 ns routing

Info: Critical path report for cross-domain path '<async>' -> 'posedge $glbnet$clk$TRELLIS_IO_IN':
Info:       type curr  total name
Info:     source  0.00  0.00 Source rst$tr_io.O
Info:    routing  0.82  0.82 Net rst$TRELLIS_IO_IN (6,50) -> (6,48)
Info:                          Sink rst_LUT4_D.D
Info:                          Defined in:
Info:                               blink.v:3.12-3.15
Info:      logic  0.24  1.05 Source rst_LUT4_D.F
Info:    routing  0.62  1.67 Net rst_LUT4_D_Z (6,48) -> (6,47)
Info:                          Sink clk_TRELLIS_FF_CLK_8.LSR
Info:      setup  0.42  2.09 Source clk_TRELLIS_FF_CLK_8.LSR
Info: 0.66 ns logic, 1.43 ns routing

Info: Critical path report for cross-domain path 'posedge $glbnet$clk$TRELLIS_IO_IN' -> '<async>':
Info:       type curr  total name
Info:   clk-to-q  0.52  0.52 Source LED_LUT4_Z_D_TRELLIS_FF_Q.Q
Info:    routing  0.73  1.25 Net LED_LUT4_Z_D (7,47) -> (6,48)
Info:                          Sink LED_LUT4_Z.D
Info:                          Defined in:
Info:                               blink.v:15.18-15.29
Info:                               /usr/local/bin/../share/yosys/lattice/arith_map_ccu2c.v:32.22-32.23
Info:      logic  0.24  1.49 Source LED_LUT4_Z.F
Info:    routing  1.04  2.52 Net LED$TRELLIS_IO_OUT (6,48) -> (4,50)
Info:                          Sink LED$tr_io.I
Info:                          Defined in:
Info:                               blink.v:4.12-4.15
Info: 0.76 ns logic, 1.76 ns routing

Info: Max frequency for clock '$glbnet$clk$TRELLIS_IO_IN': 315.76 MHz (PASS at 25.00 MHz)

Info: Max delay <async>                           -> posedge $glbnet$clk$TRELLIS_IO_IN: 2.09 ns
Info: Max delay posedge $glbnet$clk$TRELLIS_IO_IN -> <async>                          : 2.52 ns

Info: Slack histogram:
Info:  legend: * represents 1 endpoint(s)
Info:          + represents [1,1) endpoint(s)
Info: [ 36833,  36936) |**** 
Info: [ 36936,  37039) |* 
Info: [ 37039,  37142) |**** 
Info: [ 37142,  37245) |*** 
Info: [ 37245,  37348) |** 
Info: [ 37348,  37451) |**** 
Info: [ 37451,  37554) |** 
Info: [ 37554,  37657) |*** 
Info: [ 37657,  37760) | 
Info: [ 37760,  37863) | 
Info: [ 37863,  37966) | 
Info: [ 37966,  38069) | 
Info: [ 38069,  38172) | 
Info: [ 38172,  38275) | 
Info: [ 38275,  38378) | 
Info: [ 38378,  38481) | 
Info: [ 38481,  38584) | 
Info: [ 38584,  38687) | 
Info: [ 38687,  38790) | 
Info: [ 38790,  38893) |* 

Info: Program finished normally.
