
crt0.o:     file format elf32-littleriscv

Sections:
Idx Name          Size      VMA       LMA       File off  Algn
  0 .text         000000c0  00000000  00000000  00000034  2**1
                  CONTENTS, ALLOC, LOAD, RELOC, READONLY, CODE
  1 .data         00000000  00000000  00000000  000000f4  2**0
                  CONTENTS, ALLOC, LOAD, DATA
  2 .bss          00000000  00000000  00000000  000000f4  2**0
                  ALLOC
  3 .debug_line   000001a4  00000000  00000000  000000f4  2**0
                  CONTENTS, RELOC, READONLY, DEBUGGING, OCTETS
  4 .debug_line_str 00000080  00000000  00000000  00000298  2**0
                  CONTENTS, READONLY, DEBUGGING, OCTETS
  5 .debug_info   00000025  00000000  00000000  00000318  2**0
                  CONTENTS, RELOC, READONLY, DEBUGGING, OCTETS
  6 .debug_abbrev 00000014  00000000  00000000  0000033d  2**0
                  CONTENTS, READONLY, DEBUGGING, OCTETS
  7 .debug_aranges 00000020  00000000  00000000  00000358  2**3
                  CONTENTS, RELOC, READONLY, DEBUGGING, OCTETS
  8 .debug_str    0000008e  00000000  00000000  00000378  2**0
                  CONTENTS, READONLY, DEBUGGING, OCTETS
  9 .riscv.attributes 00000046  00000000  00000000  00000406  2**0
                  CONTENTS, READONLY

Disassembly of section .text:

00000000 <_start>:
#define MIE_MEIE 	0x800

	.global _start
_start:
	j reset_vector
   0:	a009                	j	2 <reset_vector>

00000002 <reset_vector>:

reset_vector:
	la sp, _fstack
   2:	00000117          	auipc	sp,0x0
   6:	00010113          	mv	sp,sp
	la t0, trap_vector
   a:	00000297          	auipc	t0,0x0
   e:	00028293          	mv	t0,t0
	csrw mtvec, t0
  12:	30529073          	csrw	mtvec,t0

	// initialize .data
	la t0, _fdata
  16:	00000297          	auipc	t0,0x0
  1a:	00028293          	mv	t0,t0
	la t1, _edata
  1e:	00000317          	auipc	t1,0x0
  22:	00030313          	mv	t1,t1
	la t2, _fdata_rom
  26:	00000397          	auipc	t2,0x0
  2a:	00038393          	mv	t2,t2

0000002e <.L1^B1>:
1:	beq t0, t1, 2f
  2e:	00628963          	beq	t0,t1,40 <.L2^B1>
	lw t3, 0(t2)
  32:	0003ae03          	lw	t3,0(t2) # 26 <reset_vector+0x24>
	sw t3, 0(t0)
  36:	01c2a023          	sw	t3,0(t0) # 16 <reset_vector+0x14>
	addi t0, t0, 4
  3a:	0291                	addi	t0,t0,4
	addi t2, t2, 4
  3c:	0391                	addi	t2,t2,4
	j 1b
  3e:	bfc5                	j	2e <.L1^B1>

00000040 <.L2^B1>:
2:

	// initialize .bss
	la t0, _fbss
  40:	00000297          	auipc	t0,0x0
  44:	00028293          	mv	t0,t0
	la t1, _ebss
  48:	00000317          	auipc	t1,0x0
  4c:	00030313          	mv	t1,t1

00000050 <.L1^B2>:
1:	beq t0, t1, 3f
  50:	00628663          	beq	t0,t1,5c <.L3^B1>
	sw zero, 0(t0)
  54:	0002a023          	sw	zero,0(t0) # 40 <.L2^B1>
	addi t0, t0, 4
  58:	0291                	addi	t0,t0,4
	j 1b
  5a:	bfdd                	j	50 <.L1^B2>

0000005c <.L3^B1>:
3:
	// enable external interrupts
	li t0, MIE_MEIE
  5c:	6285                	lui	t0,0x1
  5e:	80028293          	addi	t0,t0,-2048 # 800 <trap_vector+0x790>
	csrs mie, t0
  62:	3042a073          	csrs	mie,t0

	call main
  66:	00000097          	auipc	ra,0x0
  6a:	000080e7          	jalr	ra # 66 <.L3^B1+0xa>

0000006e <.L1^B3>:
1:	j 1b
  6e:	a001                	j	6e <.L1^B3>

00000070 <trap_vector>:

trap_vector:
	addi sp, sp, -16*4
  70:	7139                	addi	sp,sp,-64
	sw ra,  0*4(sp)
  72:	c006                	sw	ra,0(sp)
	sw t0,  1*4(sp)
  74:	c216                	sw	t0,4(sp)
	sw t1,  2*4(sp)
  76:	c41a                	sw	t1,8(sp)
	sw t2,  3*4(sp)
  78:	c61e                	sw	t2,12(sp)
	sw a0,  4*4(sp)
  7a:	c82a                	sw	a0,16(sp)
	sw a1,  5*4(sp)
  7c:	ca2e                	sw	a1,20(sp)
	sw a2,  6*4(sp)
  7e:	cc32                	sw	a2,24(sp)
	sw a3,  7*4(sp)
  80:	ce36                	sw	a3,28(sp)
	sw a4,  8*4(sp)
  82:	d03a                	sw	a4,32(sp)
	sw a5,  9*4(sp)
  84:	d23e                	sw	a5,36(sp)
	sw a6, 10*4(sp)
  86:	d442                	sw	a6,40(sp)
	sw a7, 11*4(sp)
  88:	d646                	sw	a7,44(sp)
	sw t3, 12*4(sp)
  8a:	d872                	sw	t3,48(sp)
	sw t4, 13*4(sp)
  8c:	da76                	sw	t4,52(sp)
	sw t5, 14*4(sp)
  8e:	dc7a                	sw	t5,56(sp)
	sw t6, 15*4(sp)
  90:	de7e                	sw	t6,60(sp)
	call isr
  92:	00000097          	auipc	ra,0x0
  96:	000080e7          	jalr	ra # 92 <trap_vector+0x22>
	lw ra,  0*4(sp)
  9a:	4082                	lw	ra,0(sp)
	lw t0,  1*4(sp)
  9c:	4292                	lw	t0,4(sp)
	lw t1,  2*4(sp)
  9e:	4322                	lw	t1,8(sp)
	lw t2,  3*4(sp)
  a0:	43b2                	lw	t2,12(sp)
	lw a0,  4*4(sp)
  a2:	4542                	lw	a0,16(sp)
	lw a1,  5*4(sp)
  a4:	45d2                	lw	a1,20(sp)
	lw a2,  6*4(sp)
  a6:	4662                	lw	a2,24(sp)
	lw a3,  7*4(sp)
  a8:	46f2                	lw	a3,28(sp)
	lw a4,  8*4(sp)
  aa:	5702                	lw	a4,32(sp)
	lw a5,  9*4(sp)
  ac:	5792                	lw	a5,36(sp)
	lw a6, 10*4(sp)
  ae:	5822                	lw	a6,40(sp)
	lw a7, 11*4(sp)
  b0:	58b2                	lw	a7,44(sp)
	lw t3, 12*4(sp)
  b2:	5e42                	lw	t3,48(sp)
	lw t4, 13*4(sp)
  b4:	5ed2                	lw	t4,52(sp)
	lw t5, 14*4(sp)
  b6:	5f62                	lw	t5,56(sp)
	lw t6, 15*4(sp)
  b8:	5ff2                	lw	t6,60(sp)
	addi sp, sp, 16*4
  ba:	6121                	addi	sp,sp,64
	mret
  bc:	30200073          	mret
