GowinSynthesis start
Running parser ...
Analyzing Verilog file '/Work/Embedded/digital_UN/femtoRV/basic/rtl/cores/led_panel/count.v'
Analyzing Verilog file '/Work/Embedded/digital_UN/femtoRV/basic/rtl/cores/led_panel/ctrl_lp8.v'
Analyzing Verilog file '/Work/Embedded/digital_UN/femtoRV/basic/rtl/cores/led_panel/led_panel_8.v'
Undeclared symbol 'PX_CLK_EN', assumed default net type 'wire'("/Work/Embedded/digital_UN/femtoRV/basic/rtl/cores/led_panel/led_panel_8.v":57)
Analyzing Verilog file '/Work/Embedded/digital_UN/femtoRV/basic/rtl/cores/led_panel/memory.v'
Analyzing Verilog file '/Work/Embedded/digital_UN/femtoRV/basic/rtl/cores/led_panel/comp.v'
WARN  (EX3073) : Port 'zero' remains unconnected for this instance("/Work/Embedded/digital_UN/femtoRV/basic/rtl/cores/led_panel/led_panel_8.v":53)
Compiling module 'led_panel_8'("/Work/Embedded/digital_UN/femtoRV/basic/rtl/cores/led_panel/led_panel_8.v":1)
WARN  (EX3791) : Expression size 6 truncated to fit in target size 5("/Work/Embedded/digital_UN/femtoRV/basic/rtl/cores/led_panel/led_panel_8.v":43)
Compiling module 'count(width=4)'("/Work/Embedded/digital_UN/femtoRV/basic/rtl/cores/led_panel/count.v":1)
WARN  (EX3791) : Expression size 6 truncated to fit in target size 5("/Work/Embedded/digital_UN/femtoRV/basic/rtl/cores/led_panel/count.v":15)
Compiling module 'count'("/Work/Embedded/digital_UN/femtoRV/basic/rtl/cores/led_panel/count.v":1)
WARN  (EX3791) : Expression size 7 truncated to fit in target size 6("/Work/Embedded/digital_UN/femtoRV/basic/rtl/cores/led_panel/count.v":15)
Compiling module 'count(width=10)'("/Work/Embedded/digital_UN/femtoRV/basic/rtl/cores/led_panel/count.v":1)
WARN  (EX3791) : Expression size 12 truncated to fit in target size 11("/Work/Embedded/digital_UN/femtoRV/basic/rtl/cores/led_panel/count.v":15)
Compiling module 'comp'("/Work/Embedded/digital_UN/femtoRV/basic/rtl/cores/led_panel/comp.v":1)
Compiling module 'memory'("/Work/Embedded/digital_UN/femtoRV/basic/rtl/cores/led_panel/memory.v":1)
Extracting RAM for identifier 'MEM'("/Work/Embedded/digital_UN/femtoRV/basic/rtl/cores/led_panel/memory.v":8)
WARN  (EX2526) : Entry size 8 at ./image.hex:1 does not match memory width 6("/Work/Embedded/digital_UN/femtoRV/basic/rtl/cores/led_panel/memory.v":10)
Compiling module 'ctrl_lp8'("/Work/Embedded/digital_UN/femtoRV/basic/rtl/cores/led_panel/ctrl_lp8.v":1)
NOTE  (EX0101) : Current top module is "led_panel_8"
[5%] Running netlist conversion ...
WARN  (CV0016) : Input init is unused("/Work/Embedded/digital_UN/femtoRV/basic/rtl/cores/led_panel/led_panel_8.v":5)
Running device independent optimization ...
[10%] Optimizing Phase 0 completed
[15%] Optimizing Phase 1 completed
[25%] Optimizing Phase 2 completed
Running inference ...
[30%] Inferring Phase 0 completed
[40%] Inferring Phase 1 completed
[50%] Inferring Phase 2 completed
[55%] Inferring Phase 3 completed
Running technical mapping ...
[60%] Tech-Mapping Phase 0 completed
[65%] Tech-Mapping Phase 1 completed
[75%] Tech-Mapping Phase 2 completed
[80%] Tech-Mapping Phase 3 completed
[90%] Tech-Mapping Phase 4 completed
WARN  (NL0002) : The module "comp" instantiated to "compa" is swept in optimizing("/Work/Embedded/digital_UN/femtoRV/basic/rtl/cores/led_panel/led_panel_8.v":54)
[95%] Generate netlist file "/Work/Embedded/digital_UN/femtoRV/basic/rtl/cores/led_panel/impl/gwsynthesis/project.vg" completed
[100%] Generate report file "/Work/Embedded/digital_UN/femtoRV/basic/rtl/cores/led_panel/impl/gwsynthesis/project_syn.rpt.html" completed
GowinSynthesis finish
