Info: constraining clock net 'clk' to 25.00 MHz

Info: Logic utilisation before packing:
Info:     Total LUT4s:       165/24288     0%
Info:         logic LUTs:    139/24288     0%
Info:         carry LUTs:     26/24288     0%
Info:           RAM LUTs:      0/ 3036     0%
Info:          RAMW LUTs:      0/ 6072     0%

Info:      Total DFFs:        70/24288     0%

Info: Packing IOs..
Info: pin 'reset$tr_io' constrained to Bel 'X6/Y50/PIOA'.
Info: pin 'dout$tr_io' constrained to Bel 'X0/Y11/PIOA'.
Info: pin 'clk$tr_io' constrained to Bel 'X0/Y47/PIOC'.
Info: Packing constants..
Info: Packing carries...
Info: Packing LUTs...
Info: Packing LUT5-7s...
Info: Packing FFs...
Info:     63 FFs paired with LUTs.
Info: Generating derived timing constraints...
Info: Promoting globals...
Info:     promoting clock net clk$TRELLIS_IO_IN to global network
Info: Checksum: 0x0914e83b

Info: Device utilisation:
Info: 	          TRELLIS_IO:       3/    197     1%
Info: 	                DCCA:       1/     56     1%
Info: 	              DP16KD:       1/     56     1%
Info: 	          MULT18X18D:       0/     28     0%
Info: 	              ALU54B:       0/     14     0%
Info: 	             EHXPLLL:       0/      2     0%
Info: 	             EXTREFB:       0/      1     0%
Info: 	                DCUA:       0/      1     0%
Info: 	           PCSCLKDIV:       0/      2     0%
Info: 	             IOLOGIC:       0/    128     0%
Info: 	            SIOLOGIC:       0/     69     0%
Info: 	                 GSR:       0/      1     0%
Info: 	               JTAGG:       0/      1     0%
Info: 	                OSCG:       0/      1     0%
Info: 	               SEDGA:       0/      1     0%
Info: 	                 DTR:       0/      1     0%
Info: 	             USRMCLK:       0/      1     0%
Info: 	             CLKDIVF:       0/      4     0%
Info: 	           ECLKSYNCB:       0/     10     0%
Info: 	             DLLDELD:       0/      8     0%
Info: 	              DDRDLL:       0/      4     0%
Info: 	             DQSBUFM:       0/      8     0%
Info: 	     TRELLIS_ECLKBUF:       0/      8     0%
Info: 	        ECLKBRIDGECS:       0/      2     0%
Info: 	                DCSC:       0/      2     0%
Info: 	          TRELLIS_FF:      70/  24288     0%
Info: 	        TRELLIS_COMB:     179/  24288     0%
Info: 	        TRELLIS_RAMW:       0/   3036     0%

Info: Placed 3 cells based on constraints.
Info: Creating initial analytic placement for 85 cells, random placement wirelen = 6883.
Info:     at initial placer iter 0, wirelen = 84
Info:     at initial placer iter 1, wirelen = 93
Info:     at initial placer iter 2, wirelen = 96
Info:     at initial placer iter 3, wirelen = 97
Info: Running main analytical placer, max placement attempts per cell = 10000.
Info:     at iteration #1, type ALL: wirelen solved = 96, spread = 471, legal = 1090; time = 0.01s
Info:     at iteration #2, type ALL: wirelen solved = 95, spread = 478, legal = 945; time = 0.00s
Info:     at iteration #3, type ALL: wirelen solved = 107, spread = 393, legal = 1615; time = 0.00s
Info:     at iteration #4, type ALL: wirelen solved = 141, spread = 381, legal = 1319; time = 0.00s
Info:     at iteration #5, type ALL: wirelen solved = 126, spread = 366, legal = 1769; time = 0.00s
Info:     at iteration #6, type ALL: wirelen solved = 149, spread = 337, legal = 1024; time = 0.00s
Info:     at iteration #7, type ALL: wirelen solved = 141, spread = 361, legal = 929; time = 0.00s
Info:     at iteration #8, type ALL: wirelen solved = 155, spread = 326, legal = 1443; time = 0.00s
Info:     at iteration #9, type ALL: wirelen solved = 160, spread = 353, legal = 989; time = 0.00s
Info:     at iteration #10, type ALL: wirelen solved = 167, spread = 354, legal = 2404; time = 0.00s
Info:     at iteration #11, type ALL: wirelen solved = 178, spread = 376, legal = 2396; time = 0.00s
Info:     at iteration #12, type ALL: wirelen solved = 172, spread = 375, legal = 1832; time = 0.00s
Info: HeAP Placer Time: 0.06s
Info:   of which solving equations: 0.03s
Info:   of which spreading cells: 0.01s
Info:   of which strict legalisation: 0.00s

Info: Running simulated annealing placer for refinement.
Info:   at iteration #1: temp = 0.000000, timing cost = 113, wirelen = 929
Info:   at iteration #5: temp = 0.000000, timing cost = 94, wirelen = 829
Info:   at iteration #8: temp = 0.000000, timing cost = 93, wirelen = 798 
Info: SA placement time 0.04s

Info: Max frequency for clock '$glbnet$clk$TRELLIS_IO_IN': 60.64 MHz (PASS at 25.00 MHz)

Info: Max delay <async>                           -> posedge $glbnet$clk$TRELLIS_IO_IN: 7.84 ns
Info: Max delay <async>                           -> negedge $glbnet$clk$TRELLIS_IO_IN: 6.10 ns
Info: Max delay posedge $glbnet$clk$TRELLIS_IO_IN -> <async>                          : 3.08 ns

Info: Slack histogram:
Info:  legend: * represents 1 endpoint(s)
Info:          + represents [1,1) endpoint(s)
Info: [ 11755,  13130) |************************ 
Info: [ 13130,  14505) |**** 
Info: [ 14505,  15880) |* 
Info: [ 15880,  17255) |***************** 
Info: [ 17255,  18630) |********************************************************** 
Info: [ 18630,  20005) | 
Info: [ 20005,  21380) | 
Info: [ 21380,  22755) | 
Info: [ 22755,  24130) | 
Info: [ 24130,  25505) | 
Info: [ 25505,  26880) | 
Info: [ 26880,  28255) | 
Info: [ 28255,  29630) | 
Info: [ 29630,  31005) | 
Info: [ 31005,  32380) | 
Info: [ 32380,  33755) |* 
Info: [ 33755,  35130) |**** 
Info: [ 35130,  36505) | 
Info: [ 36505,  37880) |*************************** 
Info: [ 37880,  39255) |******************************************** 
Info: Checksum: 0xa9b58a9a
Info: Routing globals...
Info:     routing clock net $glbnet$clk$TRELLIS_IO_IN using global 0

Info: Routing..
Info: Setting up routing queue.
Info: Routing 645 arcs.
Info:            |   (re-)routed arcs  |   delta    | remaining|       time spent     |
Info:    IterCnt |  w/ripup   wo/ripup |  w/r  wo/r |      arcs| batch(sec) total(sec)|
Info:        922 |      241        621 |  241   621 |         0|       0.11       0.11|
Info: Routing complete.
Info: Router1 time 0.11s
Info: Checksum: 0x3622abdb

Info: Critical path report for clock '$glbnet$clk$TRELLIS_IO_IN' (negedge -> posedge):
Info:       type curr  total name
Info:   clk-to-q  5.61  5.61 Source u_ws2812_led_array.mem0.MEM.0.0.DOA13
Info:    routing  2.13  7.74 Net u_ws2812_led_array.rgb[13] (6,25) -> (6,8)
Info:                          Sink u_ws2812_led_array.ws2812_0.control0.ld_LUT4_D_19.B
Info:                          Defined in:
Info:                               ws2812_led.v:4.18-4.21
Info:      logic  0.24  7.98 Source u_ws2812_led_array.ws2812_0.control0.ld_LUT4_D_19.F
Info:    routing  0.13  8.11 Net u_ws2812_led_array.ws2812_0.lsr0.s_A_TRELLIS_FF_Q_9_DI[13] (6,8) -> (6,8)
Info:                          Sink u_ws2812_led_array.ws2812_0.lsr0.s_A_TRELLIS_FF_Q_11.DI
Info:      setup  0.00  8.11 Source u_ws2812_led_array.ws2812_0.lsr0.s_A_TRELLIS_FF_Q_11.DI
Info: 5.84 ns logic, 2.27 ns routing

Info: Critical path report for cross-domain path '<async>' -> 'posedge $glbnet$clk$TRELLIS_IO_IN':
Info:       type curr  total name
Info:     source  0.00  0.00 Source reset$tr_io.O
Info:    routing  4.00  4.00 Net reset$TRELLIS_IO_IN (6,50) -> (3,9)
Info:                          Sink dout_LUT4_Z_D_LUT4_Z.A
Info:                          Defined in:
Info:                               /usr/local/bin/../share/yosys/lattice/cells_map_trellis.v:108.23-108.24
Info:      logic  0.24  4.24 Source dout_LUT4_Z_D_LUT4_Z.F
Info:    routing  1.16  5.40 Net dout_LUT4_Z_D[3] (3,9) -> (2,8)
Info:                          Sink u_ws2812_led_array.ws2812_0.control0.init_t_LUT4_C_Z_L6MUX21_Z_D0_L6MUX21_Z_D1_PFUMX_Z_BLUT_LUT4_Z.D
Info:                          Defined in:
Info:                               /usr/local/bin/../share/yosys/lattice/cells_map_trellis.v:108.23-108.24
Info:      logic  0.40  5.80 Source u_ws2812_led_array.ws2812_0.control0.init_t_LUT4_C_Z_L6MUX21_Z_D0_L6MUX21_Z_D1_PFUMX_Z_BLUT_LUT4_Z.OFX
Info:    routing  0.00  5.80 Net u_ws2812_led_array.ws2812_0.control0.init_t_LUT4_C_Z_L6MUX21_Z_D0_L6MUX21_Z_D1 (2,8) -> (2,8)
Info:                          Sink u_ws2812_led_array.ws2812_0.control0.init_t_LUT4_C_Z_L6MUX21_Z_D0_L6MUX21_Z_D1_PFUMX_Z_ALUT_LUT4_Z.FXB
Info:                          Defined in:
Info:                               /usr/local/bin/../share/yosys/lattice/cells_map_trellis.v:157.54-157.56
Info:      logic  0.24  6.04 Source u_ws2812_led_array.ws2812_0.control0.init_t_LUT4_C_Z_L6MUX21_Z_D0_L6MUX21_Z_D1_PFUMX_Z_ALUT_LUT4_Z.OFX
Info:    routing  0.00  6.04 Net u_ws2812_led_array.ws2812_0.control0.init_t_LUT4_C_Z_L6MUX21_Z_D0 (2,8) -> (2,8)
Info:                          Sink u_ws2812_led_array.ws2812_0.control0.init_t_LUT4_C_Z_L6MUX21_Z_D1_L6MUX21_Z_D0_PFUMX_Z_ALUT_LUT4_Z.FXA
Info:                          Defined in:
Info:                               /usr/local/bin/../share/yosys/lattice/cells_map_trellis.v:157.66-157.68
Info:      logic  0.24  6.28 Source u_ws2812_led_array.ws2812_0.control0.init_t_LUT4_C_Z_L6MUX21_Z_D1_L6MUX21_Z_D0_PFUMX_Z_ALUT_LUT4_Z.OFX
Info:    routing  0.72  7.00 Net u_ws2812_led_array.ws2812_0.control0.init_t_LUT4_C_Z[3] (2,8) -> (3,9)
Info:                          Sink u_ws2812_led_array.ws2812_0.ws28120.ctrl0.state_TRELLIS_FF_Q_4.M
Info:      setup  0.00  7.00 Source u_ws2812_led_array.ws2812_0.ws28120.ctrl0.state_TRELLIS_FF_Q_4.M
Info: 1.12 ns logic, 5.88 ns routing

Info: Critical path report for cross-domain path '<async>' -> 'negedge $glbnet$clk$TRELLIS_IO_IN':
Info:       type curr  total name
Info:     source  0.00  0.00 Source reset$tr_io.O
Info:    routing  3.61  3.61 Net reset$TRELLIS_IO_IN (6,50) -> (7,9)
Info:                          Sink u_ws2812_led_array.ctrl0.done_led_LUT4_D_Z_LUT4_Z.D
Info:                          Defined in:
Info:                               /usr/local/bin/../share/yosys/lattice/cells_map_trellis.v:108.23-108.24
Info:      logic  0.24  3.84 Source u_ws2812_led_array.ctrl0.done_led_LUT4_D_Z_LUT4_Z.F
Info:    routing  1.34  5.18 Net u_ws2812_led_array.ctrl0.done_led_LUT4_D_Z[0] (7,9) -> (7,11)
Info:                          Sink u_ws2812_led_array.count0.address_TRELLIS_FF_Q_7.LSR
Info:      setup  0.42  5.60 Source u_ws2812_led_array.count0.address_TRELLIS_FF_Q_7.LSR
Info: 0.66 ns logic, 4.94 ns routing

Info: Critical path report for cross-domain path 'posedge $glbnet$clk$TRELLIS_IO_IN' -> '<async>':
Info:       type curr  total name
Info:   clk-to-q  0.52  0.52 Source u_ws2812_led_array.ws2812_0.ws28120.ctrl0.state_TRELLIS_FF_Q_5.Q
Info:    routing  0.78  1.31 Net u_ws2812_led_array.ws2812_0.control0.init_t_LUT4_C_Z_L6MUX21_Z_1_D0_L6MUX21_Z_SD_LUT4_Z_1_B_L6MUX21_Z_SD[1] (4,8) -> (3,9)
Info:                          Sink dout_LUT4_Z_D_LUT4_Z_1.D
Info:                          Defined in:
Info:                               /usr/local/bin/../share/yosys/lattice/cells_map_trellis.v:108.23-108.24
Info:      logic  0.24  1.54 Source dout_LUT4_Z_D_LUT4_Z_1.F
Info:    routing  0.04  1.58 Net dout_LUT4_Z_D[2] (3,9) -> (3,9)
Info:                          Sink dout_LUT4_Z.D
Info:                          Defined in:
Info:                               /usr/local/bin/../share/yosys/lattice/cells_map_trellis.v:108.23-108.24
Info:      logic  0.24  1.82 Source dout_LUT4_Z.F
Info:    routing  1.20  3.02 Net dout$TRELLIS_IO_OUT (3,9) -> (0,11)
Info:                          Sink dout$tr_io.I
Info:                          Defined in:
Info:                               ws2812.v:6.18-6.22
Info: 1.00 ns logic, 2.02 ns routing

Info: Max frequency for clock '$glbnet$clk$TRELLIS_IO_IN': 61.65 MHz (PASS at 25.00 MHz)

Info: Max delay <async>                           -> posedge $glbnet$clk$TRELLIS_IO_IN: 7.00 ns
Info: Max delay <async>                           -> negedge $glbnet$clk$TRELLIS_IO_IN: 5.60 ns
Info: Max delay posedge $glbnet$clk$TRELLIS_IO_IN -> <async>                          : 3.02 ns

Info: Slack histogram:
Info:  legend: * represents 1 endpoint(s)
Info:          + represents [1,1) endpoint(s)
Info: [ 11890,  13240) |************************ 
Info: [ 13240,  14590) |* 
Info: [ 14590,  15940) |**** 
Info: [ 15940,  17290) |**************** 
Info: [ 17290,  18640) |********************************************************** 
Info: [ 18640,  19990) |* 
Info: [ 19990,  21340) | 
Info: [ 21340,  22690) | 
Info: [ 22690,  24040) | 
Info: [ 24040,  25390) | 
Info: [ 25390,  26740) | 
Info: [ 26740,  28090) | 
Info: [ 28090,  29440) | 
Info: [ 29440,  30790) | 
Info: [ 30790,  32140) | 
Info: [ 32140,  33490) | 
Info: [ 33490,  34840) |*** 
Info: [ 34840,  36190) |** 
Info: [ 36190,  37540) |******************* 
Info: [ 37540,  38890) |**************************************************** 

Info: Program finished normally.
