#! /usr/bin/vvp
:ivl_version "12.0 (stable)";
:ivl_delay_selection "TYPICAL";
:vpi_time_precision - 12;
:vpi_module "/usr/lib/x86_64-linux-gnu/ivl/system.vpi";
:vpi_module "/usr/lib/x86_64-linux-gnu/ivl/vhdl_sys.vpi";
:vpi_module "/usr/lib/x86_64-linux-gnu/ivl/vhdl_textio.vpi";
:vpi_module "/usr/lib/x86_64-linux-gnu/ivl/v2005_math.vpi";
:vpi_module "/usr/lib/x86_64-linux-gnu/ivl/va_math.vpi";
S_0x5d23f0553b30 .scope module, "led_panel_4k_TB" "led_panel_4k_TB" 2 4;
 .timescale -9 -12;
P_0x5d23f0563260 .param/l "PERIOD" 0 2 28, +C4<00000000000000000000000000010100>;
v0x5d23f05d6c10_0 .net "LATCH", 0 0, L_0x5d23f059b450;  1 drivers
v0x5d23f05d6cd0_0 .net "NOE", 0 0, L_0x5d23f05abdb0;  1 drivers
v0x5d23f05d6d70_0 .net "RGB0", 2 0, L_0x5d23f05e8a20;  1 drivers
v0x5d23f05d6e10_0 .net "RGB1", 2 0, L_0x5d23f05e8b10;  1 drivers
v0x5d23f05d6eb0_0 .net "ROW", 4 0, L_0x5d23f05e7a10;  1 drivers
v0x5d23f05d6f50_0 .var "clk", 0 0;
v0x5d23f05d6ff0_0 .var/i "idx", 31 0;
v0x5d23f05d7090_0 .var "init", 0 0;
v0x5d23f05d7130_0 .var "rst", 0 0;
S_0x5d23f05537b0 .scope begin, "TEST_CASE" "TEST_CASE" 2 48, 2 48 0, S_0x5d23f0553b30;
 .timescale -9 -12;
S_0x5d23f0559570 .scope module, "uut" "led_panel_8" 2 15, 3 1 0, S_0x5d23f0553b30;
 .timescale -9 -12;
    .port_info 0 /INPUT 1 "clk";
    .port_info 1 /INPUT 1 "rst";
    .port_info 2 /INPUT 1 "init";
    .port_info 3 /OUTPUT 1 "LP_CLK";
    .port_info 4 /OUTPUT 1 "LATCH";
    .port_info 5 /OUTPUT 1 "NOE";
    .port_info 6 /OUTPUT 5 "ROW";
    .port_info 7 /OUTPUT 3 "RGB0";
    .port_info 8 /OUTPUT 3 "RGB1";
P_0x5d23f0559750 .param/l "BIT_DEPTH" 0 3 43, +C4<00000000000000000000000000000100>;
P_0x5d23f0559790 .param/l "DELAY" 0 3 32, +C4<00000000000000000000000000001000>;
P_0x5d23f05597d0 .param/l "HALF_SCREEN" 0 3 42, +C4<0000000000000000000000000000000000000000000000000001000000000000>;
P_0x5d23f0559810 .param/l "NUM_COLS" 0 3 39, +C4<00000000000000000000000010000000>;
P_0x5d23f0559850 .param/l "NUM_PIXELS" 0 3 41, +C4<0000000000000000000000000000000000000000000000000010000000000000>;
P_0x5d23f0559890 .param/l "NUM_ROWS" 0 3 40, +C4<00000000000000000000000001000000>;
P_0x5d23f05598d0 .param/l "TOTAL_BIT_DEPTH" 0 3 44, +C4<0000000000000000000000000000000000000000000000000000000000001100>;
L_0x5d23f059b450 .functor NOT 1, v0x5d23f05d29a0_0, C4<0>, C4<0>, C4<0>;
L_0x5d23f05abdb0 .functor BUFZ 1, v0x5d23f05d2b30_0, C4<0>, C4<0>, C4<0>;
L_0x5d23f0593280 .functor AND 1, v0x5d23f05d55d0_0, v0x5d23f05d2bd0_0, C4<1>, C4<1>;
v0x5d23f05d4d20_0 .net "COL", 6 0, v0x5d23f05cfc80_0;  1 drivers
v0x5d23f05d4e10_0 .net "LATCH", 0 0, L_0x5d23f059b450;  alias, 1 drivers
v0x5d23f05d4eb0_0 .net "LP_CLK", 0 0, L_0x5d23f0593280;  1 drivers
v0x5d23f05d4f80_0 .net "NOE", 0 0, L_0x5d23f05abdb0;  alias, 1 drivers
v0x5d23f05d5040_0 .net "PIX_ADDR", 11 0, L_0x5d23f05d7310;  1 drivers
v0x5d23f05d5150_0 .net "PX_CLK_EN", 0 0, v0x5d23f05d2bd0_0;  1 drivers
v0x5d23f05d5220_0 .net "RGB0", 2 0, L_0x5d23f05e8a20;  alias, 1 drivers
v0x5d23f05d52c0_0 .net "RGB1", 2 0, L_0x5d23f05e8b10;  alias, 1 drivers
v0x5d23f05d53a0_0 .net "ROW", 4 0, L_0x5d23f05e7a10;  alias, 1 drivers
v0x5d23f05d5510_0 .net "clk", 0 0, v0x5d23f05d6f50_0;  1 drivers
v0x5d23f05d55d0_0 .var "clk1", 0 0;
v0x5d23f05d5670_0 .var "clk_counter", 4 0;
v0x5d23f05d5750_0 .net "count_delay", 10 0, v0x5d23f05ce960_0;  1 drivers
v0x5d23f05d5810_0 .net "delay", 10 0, v0x5d23f05d3d70_0;  1 drivers
v0x5d23f05d5920_0 .net "index", 1 0, v0x5d23f05d0ac0_0;  1 drivers
v0x5d23f05d5a30_0 .net "init", 0 0, v0x5d23f05d7090_0;  1 drivers
v0x5d23f05d5af0_0 .net "mem_data", 23 0, v0x5d23f05d4630_0;  1 drivers
v0x5d23f05d5c00_0 .net "rst", 0 0, v0x5d23f05d7130_0;  1 drivers
v0x5d23f05d5ca0_0 .net "tmp_latch", 0 0, v0x5d23f05d29a0_0;  1 drivers
v0x5d23f05d5d40_0 .net "tmp_noe", 0 0, v0x5d23f05d2b30_0;  1 drivers
v0x5d23f05d5de0_0 .net "w_INC_C", 0 0, v0x5d23f05d2640_0;  1 drivers
v0x5d23f05d5ed0_0 .net "w_INC_D", 0 0, v0x5d23f05d2700_0;  1 drivers
v0x5d23f05d5fc0_0 .net "w_INC_I", 0 0, v0x5d23f05d27d0_0;  1 drivers
v0x5d23f05d60b0_0 .net "w_INC_R", 0 0, v0x5d23f05d28d0_0;  1 drivers
v0x5d23f05d61a0_0 .net "w_LD", 0 0, v0x5d23f05d2a90_0;  1 drivers
v0x5d23f05d6290_0 .net "w_RST_C", 0 0, v0x5d23f05d2c70_0;  1 drivers
v0x5d23f05d6380_0 .net "w_RST_D", 0 0, v0x5d23f05d2d10_0;  1 drivers
v0x5d23f05d6470_0 .net "w_RST_I", 0 0, v0x5d23f05d2de0_0;  1 drivers
v0x5d23f05d6560_0 .net "w_RST_R", 0 0, v0x5d23f05d2eb0_0;  1 drivers
v0x5d23f05d6650_0 .net "w_SHD", 0 0, v0x5d23f05d2f80_0;  1 drivers
v0x5d23f05d6740_0 .net "w_ZC", 0 0, L_0x5d23f05e7f10;  1 drivers
v0x5d23f05d6830_0 .net "w_ZD", 0 0, v0x5d23f05cf100_0;  1 drivers
v0x5d23f05d6920_0 .net "w_ZI", 0 0, L_0x5d23f05e8820;  1 drivers
v0x5d23f05d6a10_0 .net "w_ZR", 0 0, L_0x5d23f05e7920;  1 drivers
E_0x5d23f0589d70 .event posedge, v0x5d23f05d5510_0;
L_0x5d23f05d7310 .concat [ 7 5 0 0], v0x5d23f05cfc80_0, L_0x5d23f05e7a10;
L_0x5d23f05e7a10 .part v0x5d23f05d1870_0, 0, 5;
L_0x5d23f05e8a20 .part v0x5d23f05d4b00_0, 3, 3;
L_0x5d23f05e8b10 .part v0x5d23f05d4b00_0, 0, 3;
S_0x5d23f055b8c0 .scope module, "cnt_delay" "count" 3 80, 4 1 0, S_0x5d23f0559570;
 .timescale -9 -12;
    .port_info 0 /INPUT 1 "clk";
    .port_info 1 /INPUT 1 "reset";
    .port_info 2 /INPUT 1 "inc";
    .port_info 3 /OUTPUT 11 "outc";
    .port_info 4 /OUTPUT 1 "zero";
P_0x5d23f055baa0 .param/l "width" 0 4 2, +C4<00000000000000000000000000001010>;
v0x5d23f05b2e00_0 .net *"_ivl_0", 31 0, L_0x5d23f05e8000;  1 drivers
L_0x7751ee660330 .functor BUFT 1, C4<00>, C4<0>, C4<0>, C4<0>;
v0x5d23f059c840_0 .net/2s *"_ivl_10", 1 0, L_0x7751ee660330;  1 drivers
v0x5d23f059b570_0 .net *"_ivl_12", 1 0, L_0x5d23f05e81e0;  1 drivers
L_0x7751ee660258 .functor BUFT 1, C4<000000000000000000000>, C4<0>, C4<0>, C4<0>;
v0x5d23f05abfb0_0 .net *"_ivl_3", 20 0, L_0x7751ee660258;  1 drivers
L_0x7751ee6602a0 .functor BUFT 1, C4<00000000000000000000000000000000>, C4<0>, C4<0>, C4<0>;
v0x5d23f0593420_0 .net/2u *"_ivl_4", 31 0, L_0x7751ee6602a0;  1 drivers
v0x5d23f059aa70_0 .net *"_ivl_6", 0 0, L_0x5d23f05e80f0;  1 drivers
L_0x7751ee6602e8 .functor BUFT 1, C4<01>, C4<0>, C4<0>, C4<0>;
v0x5d23f0595f10_0 .net/2s *"_ivl_8", 1 0, L_0x7751ee6602e8;  1 drivers
v0x5d23f05ce7e0_0 .net "clk", 0 0, v0x5d23f05d55d0_0;  1 drivers
v0x5d23f05ce8a0_0 .net "inc", 0 0, v0x5d23f05d2700_0;  alias, 1 drivers
v0x5d23f05ce960_0 .var "outc", 10 0;
v0x5d23f05cea40_0 .net "reset", 0 0, v0x5d23f05d2d10_0;  alias, 1 drivers
v0x5d23f05ceb00_0 .net "zero", 0 0, L_0x5d23f05e8370;  1 drivers
E_0x5d23f05402b0 .event negedge, v0x5d23f05ce7e0_0;
L_0x5d23f05e8000 .concat [ 11 21 0 0], v0x5d23f05ce960_0, L_0x7751ee660258;
L_0x5d23f05e80f0 .cmp/eq 32, L_0x5d23f05e8000, L_0x7751ee6602a0;
L_0x5d23f05e81e0 .functor MUXZ 2, L_0x7751ee660330, L_0x7751ee6602e8, L_0x5d23f05e80f0, C4<>;
L_0x5d23f05e8370 .part L_0x5d23f05e81e0, 0, 1;
S_0x5d23f05cec60 .scope module, "compa" "comp_4k" 3 83, 5 1 0, S_0x5d23f0559570;
 .timescale -9 -12;
    .port_info 0 /INPUT 11 "in1";
    .port_info 1 /INPUT 11 "in2";
    .port_info 2 /OUTPUT 1 "out";
P_0x5d23f05cee10 .param/l "width" 0 5 2, +C4<00000000000000000000000000001010>;
v0x5d23f05cef40_0 .net "in1", 10 0, v0x5d23f05d3d70_0;  alias, 1 drivers
v0x5d23f05cf040_0 .net "in2", 10 0, v0x5d23f05ce960_0;  alias, 1 drivers
v0x5d23f05cf100_0 .var "out", 0 0;
E_0x5d23f05b3900 .event anyedge, v0x5d23f05cef40_0, v0x5d23f05ce960_0;
S_0x5d23f05cf200 .scope module, "count_col" "count" 3 79, 4 1 0, S_0x5d23f0559570;
 .timescale -9 -12;
    .port_info 0 /INPUT 1 "clk";
    .port_info 1 /INPUT 1 "reset";
    .port_info 2 /INPUT 1 "inc";
    .port_info 3 /OUTPUT 7 "outc";
    .port_info 4 /OUTPUT 1 "zero";
P_0x5d23f05cf3e0 .param/l "width" 0 4 2, +C4<000000000000000000000000000000110>;
v0x5d23f05cf500_0 .net *"_ivl_0", 31 0, L_0x5d23f05e7b00;  1 drivers
L_0x7751ee660210 .functor BUFT 1, C4<00>, C4<0>, C4<0>, C4<0>;
v0x5d23f05cf5c0_0 .net/2s *"_ivl_10", 1 0, L_0x7751ee660210;  1 drivers
v0x5d23f05cf6a0_0 .net *"_ivl_12", 1 0, L_0x5d23f05e7d80;  1 drivers
L_0x7751ee660138 .functor BUFT 1, C4<0000000000000000000000000>, C4<0>, C4<0>, C4<0>;
v0x5d23f05cf790_0 .net *"_ivl_3", 24 0, L_0x7751ee660138;  1 drivers
L_0x7751ee660180 .functor BUFT 1, C4<00000000000000000000000000000000>, C4<0>, C4<0>, C4<0>;
v0x5d23f05cf870_0 .net/2u *"_ivl_4", 31 0, L_0x7751ee660180;  1 drivers
v0x5d23f05cf9a0_0 .net *"_ivl_6", 0 0, L_0x5d23f05e7c40;  1 drivers
L_0x7751ee6601c8 .functor BUFT 1, C4<01>, C4<0>, C4<0>, C4<0>;
v0x5d23f05cfa60_0 .net/2s *"_ivl_8", 1 0, L_0x7751ee6601c8;  1 drivers
v0x5d23f05cfb40_0 .net "clk", 0 0, v0x5d23f05d55d0_0;  alias, 1 drivers
v0x5d23f05cfbe0_0 .net "inc", 0 0, v0x5d23f05d2640_0;  alias, 1 drivers
v0x5d23f05cfc80_0 .var "outc", 6 0;
v0x5d23f05cfd60_0 .net "reset", 0 0, v0x5d23f05d2c70_0;  alias, 1 drivers
v0x5d23f05cfe20_0 .net "zero", 0 0, L_0x5d23f05e7f10;  alias, 1 drivers
L_0x5d23f05e7b00 .concat [ 7 25 0 0], v0x5d23f05cfc80_0, L_0x7751ee660138;
L_0x5d23f05e7c40 .cmp/eq 32, L_0x5d23f05e7b00, L_0x7751ee660180;
L_0x5d23f05e7d80 .functor MUXZ 2, L_0x7751ee660210, L_0x7751ee6601c8, L_0x5d23f05e7c40, C4<>;
L_0x5d23f05e7f10 .part L_0x5d23f05e7d80, 0, 1;
S_0x5d23f05cffb0 .scope module, "count_index" "count" 3 81, 4 1 0, S_0x5d23f0559570;
 .timescale -9 -12;
    .port_info 0 /INPUT 1 "clk";
    .port_info 1 /INPUT 1 "reset";
    .port_info 2 /INPUT 1 "inc";
    .port_info 3 /OUTPUT 2 "outc";
    .port_info 4 /OUTPUT 1 "zero";
P_0x5d23f05d0140 .param/l "width" 0 4 2, +C4<00000000000000000000000000000001>;
v0x5d23f05d0290_0 .net *"_ivl_0", 31 0, L_0x5d23f05e8460;  1 drivers
L_0x7751ee660450 .functor BUFT 1, C4<00>, C4<0>, C4<0>, C4<0>;
v0x5d23f05d0390_0 .net/2s *"_ivl_10", 1 0, L_0x7751ee660450;  1 drivers
v0x5d23f05d0470_0 .net *"_ivl_12", 1 0, L_0x5d23f05e8690;  1 drivers
L_0x7751ee660378 .functor BUFT 1, C4<000000000000000000000000000000>, C4<0>, C4<0>, C4<0>;
v0x5d23f05d0560_0 .net *"_ivl_3", 29 0, L_0x7751ee660378;  1 drivers
L_0x7751ee6603c0 .functor BUFT 1, C4<00000000000000000000000000000000>, C4<0>, C4<0>, C4<0>;
v0x5d23f05d0640_0 .net/2u *"_ivl_4", 31 0, L_0x7751ee6603c0;  1 drivers
v0x5d23f05d0770_0 .net *"_ivl_6", 0 0, L_0x5d23f05e8550;  1 drivers
L_0x7751ee660408 .functor BUFT 1, C4<01>, C4<0>, C4<0>, C4<0>;
v0x5d23f05d0830_0 .net/2s *"_ivl_8", 1 0, L_0x7751ee660408;  1 drivers
v0x5d23f05d0910_0 .net "clk", 0 0, v0x5d23f05d55d0_0;  alias, 1 drivers
v0x5d23f05d0a00_0 .net "inc", 0 0, v0x5d23f05d27d0_0;  alias, 1 drivers
v0x5d23f05d0ac0_0 .var "outc", 1 0;
v0x5d23f05d0ba0_0 .net "reset", 0 0, v0x5d23f05d2de0_0;  alias, 1 drivers
v0x5d23f05d0c60_0 .net "zero", 0 0, L_0x5d23f05e8820;  alias, 1 drivers
L_0x5d23f05e8460 .concat [ 2 30 0 0], v0x5d23f05d0ac0_0, L_0x7751ee660378;
L_0x5d23f05e8550 .cmp/eq 32, L_0x5d23f05e8460, L_0x7751ee6603c0;
L_0x5d23f05e8690 .functor MUXZ 2, L_0x7751ee660450, L_0x7751ee660408, L_0x5d23f05e8550, C4<>;
L_0x5d23f05e8820 .part L_0x5d23f05e8690, 0, 1;
S_0x5d23f05d0dc0 .scope module, "count_row" "count" 3 78, 4 1 0, S_0x5d23f0559570;
 .timescale -9 -12;
    .port_info 0 /INPUT 1 "clk";
    .port_info 1 /INPUT 1 "reset";
    .port_info 2 /INPUT 1 "inc";
    .port_info 3 /OUTPUT 12 "outc";
    .port_info 4 /OUTPUT 1 "zero";
P_0x5d23f05d0fa0 .param/l "width" 0 4 2, +C4<000000000000000000000000000001011>;
v0x5d23f05d10c0_0 .net *"_ivl_0", 31 0, L_0x5d23f05d7550;  1 drivers
L_0x7751ee6600f0 .functor BUFT 1, C4<00>, C4<0>, C4<0>, C4<0>;
v0x5d23f05d11c0_0 .net/2s *"_ivl_10", 1 0, L_0x7751ee6600f0;  1 drivers
v0x5d23f05d12a0_0 .net *"_ivl_12", 1 0, L_0x5d23f05e7790;  1 drivers
L_0x7751ee660018 .functor BUFT 1, C4<00000000000000000000>, C4<0>, C4<0>, C4<0>;
v0x5d23f05d1360_0 .net *"_ivl_3", 19 0, L_0x7751ee660018;  1 drivers
L_0x7751ee660060 .functor BUFT 1, C4<00000000000000000000000000000000>, C4<0>, C4<0>, C4<0>;
v0x5d23f05d1440_0 .net/2u *"_ivl_4", 31 0, L_0x7751ee660060;  1 drivers
v0x5d23f05d1570_0 .net *"_ivl_6", 0 0, L_0x5d23f05e7650;  1 drivers
L_0x7751ee6600a8 .functor BUFT 1, C4<01>, C4<0>, C4<0>, C4<0>;
v0x5d23f05d1630_0 .net/2s *"_ivl_8", 1 0, L_0x7751ee6600a8;  1 drivers
v0x5d23f05d1710_0 .net "clk", 0 0, v0x5d23f05d55d0_0;  alias, 1 drivers
v0x5d23f05d17b0_0 .net "inc", 0 0, v0x5d23f05d28d0_0;  alias, 1 drivers
v0x5d23f05d1870_0 .var "outc", 11 0;
v0x5d23f05d1950_0 .net "reset", 0 0, v0x5d23f05d2eb0_0;  alias, 1 drivers
v0x5d23f05d1a10_0 .net "zero", 0 0, L_0x5d23f05e7920;  alias, 1 drivers
L_0x5d23f05d7550 .concat [ 12 20 0 0], v0x5d23f05d1870_0, L_0x7751ee660018;
L_0x5d23f05e7650 .cmp/eq 32, L_0x5d23f05d7550, L_0x7751ee660060;
L_0x5d23f05e7790 .functor MUXZ 2, L_0x7751ee6600f0, L_0x7751ee6600a8, L_0x5d23f05e7650, C4<>;
L_0x5d23f05e7920 .part L_0x5d23f05e7790, 0, 1;
S_0x5d23f05d1b70 .scope module, "ctrl0" "ctrl_lp4k" 3 86, 6 1 0, S_0x5d23f0559570;
 .timescale -9 -12;
    .port_info 0 /INPUT 1 "clk";
    .port_info 1 /INPUT 1 "init";
    .port_info 2 /INPUT 1 "rst";
    .port_info 3 /INPUT 1 "ZR";
    .port_info 4 /INPUT 1 "ZC";
    .port_info 5 /INPUT 1 "ZD";
    .port_info 6 /INPUT 1 "ZI";
    .port_info 7 /OUTPUT 1 "RST_R";
    .port_info 8 /OUTPUT 1 "RST_C";
    .port_info 9 /OUTPUT 1 "RST_D";
    .port_info 10 /OUTPUT 1 "RST_I";
    .port_info 11 /OUTPUT 1 "INC_R";
    .port_info 12 /OUTPUT 1 "INC_C";
    .port_info 13 /OUTPUT 1 "INC_D";
    .port_info 14 /OUTPUT 1 "INC_I";
    .port_info 15 /OUTPUT 1 "LD";
    .port_info 16 /OUTPUT 1 "SHD";
    .port_info 17 /OUTPUT 1 "LATCH";
    .port_info 18 /OUTPUT 1 "NOE";
    .port_info 19 /OUTPUT 1 "PX_CLK_EN";
P_0x5d23f05d1d00 .param/l "DELAY_ROW" 0 6 29, C4<0101>;
P_0x5d23f05d1d40 .param/l "GET_PIXEL" 0 6 25, C4<0001>;
P_0x5d23f05d1d80 .param/l "INC_COL" 0 6 26, C4<0010>;
P_0x5d23f05d1dc0 .param/l "INC_ROW" 0 6 30, C4<0110>;
P_0x5d23f05d1e00 .param/l "NEXT_BIT" 0 6 32, C4<1000>;
P_0x5d23f05d1e40 .param/l "NEXT_DELAY" 0 6 33, C4<1001>;
P_0x5d23f05d1e80 .param/l "READY_FRAME" 0 6 31, C4<0111>;
P_0x5d23f05d1ec0 .param/l "ROW_READY" 0 6 27, C4<0100>;
P_0x5d23f05d1f00 .param/l "SEND_ROW" 0 6 28, C4<0011>;
P_0x5d23f05d1f40 .param/l "START" 0 6 24, C4<0000>;
v0x5d23f05d2640_0 .var "INC_C", 0 0;
v0x5d23f05d2700_0 .var "INC_D", 0 0;
v0x5d23f05d27d0_0 .var "INC_I", 0 0;
v0x5d23f05d28d0_0 .var "INC_R", 0 0;
v0x5d23f05d29a0_0 .var "LATCH", 0 0;
v0x5d23f05d2a90_0 .var "LD", 0 0;
v0x5d23f05d2b30_0 .var "NOE", 0 0;
v0x5d23f05d2bd0_0 .var "PX_CLK_EN", 0 0;
v0x5d23f05d2c70_0 .var "RST_C", 0 0;
v0x5d23f05d2d10_0 .var "RST_D", 0 0;
v0x5d23f05d2de0_0 .var "RST_I", 0 0;
v0x5d23f05d2eb0_0 .var "RST_R", 0 0;
v0x5d23f05d2f80_0 .var "SHD", 0 0;
v0x5d23f05d3020_0 .net "ZC", 0 0, L_0x5d23f05e7f10;  alias, 1 drivers
v0x5d23f05d30f0_0 .net "ZD", 0 0, v0x5d23f05cf100_0;  alias, 1 drivers
v0x5d23f05d31c0_0 .net "ZI", 0 0, L_0x5d23f05e8820;  alias, 1 drivers
v0x5d23f05d3290_0 .net "ZR", 0 0, L_0x5d23f05e7920;  alias, 1 drivers
v0x5d23f05d3360_0 .net "clk", 0 0, v0x5d23f05d55d0_0;  alias, 1 drivers
L_0x7751ee6604e0 .functor BUFT 1, C4<1>, C4<0>, C4<0>, C4<0>;
v0x5d23f05d3400_0 .net "init", 0 0, L_0x7751ee6604e0;  1 drivers
v0x5d23f05d34a0_0 .net "rst", 0 0, v0x5d23f05d7130_0;  alias, 1 drivers
v0x5d23f05d3540_0 .var "state", 3 0;
v0x5d23f05d35e0_0 .var "state_name", 320 1;
E_0x5d23f05b3940 .event anyedge, v0x5d23f05d3540_0;
E_0x5d23f05b3ac0 .event posedge, v0x5d23f05ce7e0_0;
S_0x5d23f05d38c0 .scope module, "lsr_led0" "lsr_led" 3 82, 7 1 0, S_0x5d23f0559570;
 .timescale -9 -12;
    .port_info 0 /INPUT 1 "clk";
    .port_info 1 /INPUT 1 "shift";
    .port_info 2 /INPUT 1 "load";
    .port_info 3 /OUTPUT 11 "s_A";
P_0x5d23f05b40f0 .param/l "init_value" 0 7 2, +C4<00000000000000000000000000001000>;
P_0x5d23f05b4130 .param/l "width" 0 7 3, +C4<00000000000000000000000000001010>;
v0x5d23f05d3bc0_0 .net "clk", 0 0, v0x5d23f05d55d0_0;  alias, 1 drivers
v0x5d23f05d3c80_0 .net "load", 0 0, v0x5d23f05d2a90_0;  alias, 1 drivers
v0x5d23f05d3d70_0 .var "s_A", 10 0;
v0x5d23f05d3e70_0 .net "shift", 0 0, v0x5d23f05d2f80_0;  alias, 1 drivers
S_0x5d23f05d3f70 .scope module, "mem0" "memory" 3 84, 8 1 0, S_0x5d23f0559570;
 .timescale -9 -12;
    .port_info 0 /INPUT 1 "clk";
    .port_info 1 /INPUT 12 "address";
    .port_info 2 /INPUT 1 "rd";
    .port_info 3 /OUTPUT 24 "rdata";
P_0x5d23f05d3a50 .param/l "size" 0 8 2, +C4<00000000000000000000000000000000000000000000000000000111111111111>;
P_0x5d23f05d3a90 .param/l "width" 0 8 3, +C4<000000000000000000000000000001011>;
v0x5d23f05d4300 .array "MEM", 4095 0, 23 0;
v0x5d23f05d43e0_0 .net "address", 11 0, L_0x5d23f05d7310;  alias, 1 drivers
v0x5d23f05d44c0_0 .net "clk", 0 0, v0x5d23f05d55d0_0;  alias, 1 drivers
L_0x7751ee660498 .functor BUFT 1, C4<1>, C4<0>, C4<0>, C4<0>;
v0x5d23f05d4590_0 .net "rd", 0 0, L_0x7751ee660498;  1 drivers
v0x5d23f05d4630_0 .var "rdata", 23 0;
S_0x5d23f05d47e0 .scope module, "mux0" "mux_led" 3 85, 9 1 0, S_0x5d23f0559570;
 .timescale -9 -12;
    .port_info 0 /INPUT 24 "in0";
    .port_info 1 /INPUT 2 "sel";
    .port_info 2 /OUTPUT 6 "out0";
v0x5d23f05d4a20_0 .net "in0", 23 0, v0x5d23f05d4630_0;  alias, 1 drivers
v0x5d23f05d4b00_0 .var "out0", 5 0;
v0x5d23f05d4bc0_0 .net "sel", 1 0, v0x5d23f05d0ac0_0;  alias, 1 drivers
E_0x5d23f05b38c0 .event anyedge, v0x5d23f05d0ac0_0, v0x5d23f05d4630_0;
    .scope S_0x5d23f05d0dc0;
T_0 ;
    %wait E_0x5d23f05402b0;
    %load/vec4 v0x5d23f05d1950_0;
    %inv;
    %flag_set/vec4 8;
    %jmp/0xz  T_0.0, 8;
    %pushi/vec4 0, 0, 12;
    %assign/vec4 v0x5d23f05d1870_0, 0;
    %jmp T_0.1;
T_0.0 ;
    %load/vec4 v0x5d23f05d17b0_0;
    %flag_set/vec4 8;
    %jmp/0xz  T_0.2, 8;
    %load/vec4 v0x5d23f05d1870_0;
    %addi 1, 0, 12;
    %assign/vec4 v0x5d23f05d1870_0, 0;
T_0.2 ;
T_0.1 ;
    %jmp T_0;
    .thread T_0;
    .scope S_0x5d23f05cf200;
T_1 ;
    %wait E_0x5d23f05402b0;
    %load/vec4 v0x5d23f05cfd60_0;
    %inv;
    %flag_set/vec4 8;
    %jmp/0xz  T_1.0, 8;
    %pushi/vec4 0, 0, 7;
    %assign/vec4 v0x5d23f05cfc80_0, 0;
    %jmp T_1.1;
T_1.0 ;
    %load/vec4 v0x5d23f05cfbe0_0;
    %flag_set/vec4 8;
    %jmp/0xz  T_1.2, 8;
    %load/vec4 v0x5d23f05cfc80_0;
    %addi 1, 0, 7;
    %assign/vec4 v0x5d23f05cfc80_0, 0;
T_1.2 ;
T_1.1 ;
    %jmp T_1;
    .thread T_1;
    .scope S_0x5d23f055b8c0;
T_2 ;
    %wait E_0x5d23f05402b0;
    %load/vec4 v0x5d23f05cea40_0;
    %inv;
    %flag_set/vec4 8;
    %jmp/0xz  T_2.0, 8;
    %pushi/vec4 0, 0, 11;
    %assign/vec4 v0x5d23f05ce960_0, 0;
    %jmp T_2.1;
T_2.0 ;
    %load/vec4 v0x5d23f05ce8a0_0;
    %flag_set/vec4 8;
    %jmp/0xz  T_2.2, 8;
    %load/vec4 v0x5d23f05ce960_0;
    %addi 1, 0, 11;
    %assign/vec4 v0x5d23f05ce960_0, 0;
T_2.2 ;
T_2.1 ;
    %jmp T_2;
    .thread T_2;
    .scope S_0x5d23f05cffb0;
T_3 ;
    %wait E_0x5d23f05402b0;
    %load/vec4 v0x5d23f05d0ba0_0;
    %inv;
    %flag_set/vec4 8;
    %jmp/0xz  T_3.0, 8;
    %pushi/vec4 0, 0, 2;
    %assign/vec4 v0x5d23f05d0ac0_0, 0;
    %jmp T_3.1;
T_3.0 ;
    %load/vec4 v0x5d23f05d0a00_0;
    %flag_set/vec4 8;
    %jmp/0xz  T_3.2, 8;
    %load/vec4 v0x5d23f05d0ac0_0;
    %addi 1, 0, 2;
    %assign/vec4 v0x5d23f05d0ac0_0, 0;
T_3.2 ;
T_3.1 ;
    %jmp T_3;
    .thread T_3;
    .scope S_0x5d23f05d38c0;
T_4 ;
    %wait E_0x5d23f05402b0;
    %load/vec4 v0x5d23f05d3c80_0;
    %flag_set/vec4 8;
    %jmp/0xz  T_4.0, 8;
    %pushi/vec4 8, 0, 11;
    %assign/vec4 v0x5d23f05d3d70_0, 0;
    %jmp T_4.1;
T_4.0 ;
    %load/vec4 v0x5d23f05d3e70_0;
    %flag_set/vec4 8;
    %jmp/0xz  T_4.2, 8;
    %load/vec4 v0x5d23f05d3d70_0;
    %ix/load 4, 1, 0;
    %flag_set/imm 4, 0;
    %shiftl 4;
    %assign/vec4 v0x5d23f05d3d70_0, 0;
    %jmp T_4.3;
T_4.2 ;
    %load/vec4 v0x5d23f05d3d70_0;
    %assign/vec4 v0x5d23f05d3d70_0, 0;
T_4.3 ;
T_4.1 ;
    %jmp T_4;
    .thread T_4;
    .scope S_0x5d23f05cec60;
T_5 ;
    %wait E_0x5d23f05b3900;
    %load/vec4 v0x5d23f05cef40_0;
    %load/vec4 v0x5d23f05cf040_0;
    %cmp/e;
    %jmp/0xz  T_5.0, 4;
    %pushi/vec4 1, 0, 1;
    %store/vec4 v0x5d23f05cf100_0, 0, 1;
    %jmp T_5.1;
T_5.0 ;
    %pushi/vec4 0, 0, 1;
    %store/vec4 v0x5d23f05cf100_0, 0, 1;
T_5.1 ;
    %jmp T_5;
    .thread T_5, $push;
    .scope S_0x5d23f05d3f70;
T_6 ;
    %vpi_call 8 13 "$readmemh", "./image.hex", v0x5d23f05d4300 {0 0 0};
    %end;
    .thread T_6;
    .scope S_0x5d23f05d3f70;
T_7 ;
    %wait E_0x5d23f05402b0;
    %load/vec4 v0x5d23f05d4590_0;
    %flag_set/vec4 8;
    %jmp/0xz  T_7.0, 8;
    %load/vec4 v0x5d23f05d43e0_0;
    %pad/u 14;
    %ix/vec4 4;
    %load/vec4a v0x5d23f05d4300, 4;
    %assign/vec4 v0x5d23f05d4630_0, 0;
T_7.0 ;
    %jmp T_7;
    .thread T_7;
    .scope S_0x5d23f05d47e0;
T_8 ;
    %wait E_0x5d23f05b38c0;
    %load/vec4 v0x5d23f05d4bc0_0;
    %dup/vec4;
    %pushi/vec4 0, 0, 2;
    %cmp/u;
    %jmp/1 T_8.0, 6;
    %dup/vec4;
    %pushi/vec4 1, 0, 2;
    %cmp/u;
    %jmp/1 T_8.1, 6;
    %dup/vec4;
    %pushi/vec4 2, 0, 2;
    %cmp/u;
    %jmp/1 T_8.2, 6;
    %dup/vec4;
    %pushi/vec4 3, 0, 2;
    %cmp/u;
    %jmp/1 T_8.3, 6;
    %load/vec4 v0x5d23f05d4a20_0;
    %parti/s 1, 20, 6;
    %load/vec4 v0x5d23f05d4a20_0;
    %parti/s 1, 16, 6;
    %concat/vec4; draw_concat_vec4
    %load/vec4 v0x5d23f05d4a20_0;
    %parti/s 1, 12, 5;
    %concat/vec4; draw_concat_vec4
    %load/vec4 v0x5d23f05d4a20_0;
    %parti/s 1, 8, 5;
    %concat/vec4; draw_concat_vec4
    %load/vec4 v0x5d23f05d4a20_0;
    %parti/s 1, 4, 4;
    %concat/vec4; draw_concat_vec4
    %load/vec4 v0x5d23f05d4a20_0;
    %parti/s 1, 0, 2;
    %concat/vec4; draw_concat_vec4
    %store/vec4 v0x5d23f05d4b00_0, 0, 6;
    %jmp T_8.5;
T_8.0 ;
    %load/vec4 v0x5d23f05d4a20_0;
    %parti/s 1, 20, 6;
    %load/vec4 v0x5d23f05d4a20_0;
    %parti/s 1, 16, 6;
    %concat/vec4; draw_concat_vec4
    %load/vec4 v0x5d23f05d4a20_0;
    %parti/s 1, 12, 5;
    %concat/vec4; draw_concat_vec4
    %load/vec4 v0x5d23f05d4a20_0;
    %parti/s 1, 8, 5;
    %concat/vec4; draw_concat_vec4
    %load/vec4 v0x5d23f05d4a20_0;
    %parti/s 1, 4, 4;
    %concat/vec4; draw_concat_vec4
    %load/vec4 v0x5d23f05d4a20_0;
    %parti/s 1, 0, 2;
    %concat/vec4; draw_concat_vec4
    %store/vec4 v0x5d23f05d4b00_0, 0, 6;
    %jmp T_8.5;
T_8.1 ;
    %load/vec4 v0x5d23f05d4a20_0;
    %parti/s 1, 21, 6;
    %load/vec4 v0x5d23f05d4a20_0;
    %parti/s 1, 17, 6;
    %concat/vec4; draw_concat_vec4
    %load/vec4 v0x5d23f05d4a20_0;
    %parti/s 1, 13, 5;
    %concat/vec4; draw_concat_vec4
    %load/vec4 v0x5d23f05d4a20_0;
    %parti/s 1, 9, 5;
    %concat/vec4; draw_concat_vec4
    %load/vec4 v0x5d23f05d4a20_0;
    %parti/s 1, 5, 4;
    %concat/vec4; draw_concat_vec4
    %load/vec4 v0x5d23f05d4a20_0;
    %parti/s 1, 1, 2;
    %concat/vec4; draw_concat_vec4
    %store/vec4 v0x5d23f05d4b00_0, 0, 6;
    %jmp T_8.5;
T_8.2 ;
    %load/vec4 v0x5d23f05d4a20_0;
    %parti/s 1, 22, 6;
    %load/vec4 v0x5d23f05d4a20_0;
    %parti/s 1, 18, 6;
    %concat/vec4; draw_concat_vec4
    %load/vec4 v0x5d23f05d4a20_0;
    %parti/s 1, 14, 5;
    %concat/vec4; draw_concat_vec4
    %load/vec4 v0x5d23f05d4a20_0;
    %parti/s 1, 10, 5;
    %concat/vec4; draw_concat_vec4
    %load/vec4 v0x5d23f05d4a20_0;
    %parti/s 1, 6, 4;
    %concat/vec4; draw_concat_vec4
    %load/vec4 v0x5d23f05d4a20_0;
    %parti/s 1, 2, 3;
    %concat/vec4; draw_concat_vec4
    %store/vec4 v0x5d23f05d4b00_0, 0, 6;
    %jmp T_8.5;
T_8.3 ;
    %load/vec4 v0x5d23f05d4a20_0;
    %parti/s 1, 23, 6;
    %load/vec4 v0x5d23f05d4a20_0;
    %parti/s 1, 19, 6;
    %concat/vec4; draw_concat_vec4
    %load/vec4 v0x5d23f05d4a20_0;
    %parti/s 1, 15, 5;
    %concat/vec4; draw_concat_vec4
    %load/vec4 v0x5d23f05d4a20_0;
    %parti/s 1, 11, 5;
    %concat/vec4; draw_concat_vec4
    %load/vec4 v0x5d23f05d4a20_0;
    %parti/s 1, 7, 4;
    %concat/vec4; draw_concat_vec4
    %load/vec4 v0x5d23f05d4a20_0;
    %parti/s 1, 3, 3;
    %concat/vec4; draw_concat_vec4
    %store/vec4 v0x5d23f05d4b00_0, 0, 6;
    %jmp T_8.5;
T_8.5 ;
    %pop/vec4 1;
    %jmp T_8;
    .thread T_8, $push;
    .scope S_0x5d23f05d1b70;
T_9 ;
    %wait E_0x5d23f05b3ac0;
    %load/vec4 v0x5d23f05d34a0_0;
    %flag_set/vec4 8;
    %jmp/0xz  T_9.0, 8;
    %pushi/vec4 0, 0, 4;
    %store/vec4 v0x5d23f05d3540_0, 0, 4;
    %jmp T_9.1;
T_9.0 ;
    %load/vec4 v0x5d23f05d3540_0;
    %dup/vec4;
    %pushi/vec4 0, 0, 4;
    %cmp/u;
    %jmp/1 T_9.2, 6;
    %dup/vec4;
    %pushi/vec4 1, 0, 4;
    %cmp/u;
    %jmp/1 T_9.3, 6;
    %dup/vec4;
    %pushi/vec4 2, 0, 4;
    %cmp/u;
    %jmp/1 T_9.4, 6;
    %dup/vec4;
    %pushi/vec4 3, 0, 4;
    %cmp/u;
    %jmp/1 T_9.5, 6;
    %dup/vec4;
    %pushi/vec4 5, 0, 4;
    %cmp/u;
    %jmp/1 T_9.6, 6;
    %dup/vec4;
    %pushi/vec4 8, 0, 4;
    %cmp/u;
    %jmp/1 T_9.7, 6;
    %dup/vec4;
    %pushi/vec4 9, 0, 4;
    %cmp/u;
    %jmp/1 T_9.8, 6;
    %dup/vec4;
    %pushi/vec4 6, 0, 4;
    %cmp/u;
    %jmp/1 T_9.9, 6;
    %dup/vec4;
    %pushi/vec4 7, 0, 4;
    %cmp/u;
    %jmp/1 T_9.10, 6;
    %pushi/vec4 0, 0, 4;
    %store/vec4 v0x5d23f05d3540_0, 0, 4;
    %jmp T_9.12;
T_9.2 ;
    %load/vec4 v0x5d23f05d3400_0;
    %flag_set/vec4 8;
    %jmp/0xz  T_9.13, 8;
    %pushi/vec4 1, 0, 4;
    %store/vec4 v0x5d23f05d3540_0, 0, 4;
    %jmp T_9.14;
T_9.13 ;
    %pushi/vec4 0, 0, 4;
    %store/vec4 v0x5d23f05d3540_0, 0, 4;
T_9.14 ;
    %jmp T_9.12;
T_9.3 ;
    %pushi/vec4 2, 0, 4;
    %store/vec4 v0x5d23f05d3540_0, 0, 4;
    %jmp T_9.12;
T_9.4 ;
    %load/vec4 v0x5d23f05d3020_0;
    %flag_set/vec4 8;
    %jmp/0xz  T_9.15, 8;
    %pushi/vec4 3, 0, 4;
    %store/vec4 v0x5d23f05d3540_0, 0, 4;
    %jmp T_9.16;
T_9.15 ;
    %pushi/vec4 2, 0, 4;
    %store/vec4 v0x5d23f05d3540_0, 0, 4;
T_9.16 ;
    %jmp T_9.12;
T_9.5 ;
    %pushi/vec4 5, 0, 4;
    %store/vec4 v0x5d23f05d3540_0, 0, 4;
    %jmp T_9.12;
T_9.6 ;
    %load/vec4 v0x5d23f05d30f0_0;
    %flag_set/vec4 8;
    %jmp/0xz  T_9.17, 8;
    %pushi/vec4 8, 0, 4;
    %store/vec4 v0x5d23f05d3540_0, 0, 4;
    %jmp T_9.18;
T_9.17 ;
    %pushi/vec4 5, 0, 4;
    %store/vec4 v0x5d23f05d3540_0, 0, 4;
T_9.18 ;
    %jmp T_9.12;
T_9.7 ;
    %pushi/vec4 9, 0, 4;
    %store/vec4 v0x5d23f05d3540_0, 0, 4;
    %jmp T_9.12;
T_9.8 ;
    %load/vec4 v0x5d23f05d31c0_0;
    %flag_set/vec4 8;
    %jmp/0xz  T_9.19, 8;
    %pushi/vec4 6, 0, 4;
    %store/vec4 v0x5d23f05d3540_0, 0, 4;
    %jmp T_9.20;
T_9.19 ;
    %pushi/vec4 1, 0, 4;
    %store/vec4 v0x5d23f05d3540_0, 0, 4;
T_9.20 ;
    %jmp T_9.12;
T_9.9 ;
    %pushi/vec4 7, 0, 4;
    %store/vec4 v0x5d23f05d3540_0, 0, 4;
    %jmp T_9.12;
T_9.10 ;
    %load/vec4 v0x5d23f05d3290_0;
    %flag_set/vec4 8;
    %jmp/0xz  T_9.21, 8;
    %pushi/vec4 0, 0, 4;
    %store/vec4 v0x5d23f05d3540_0, 0, 4;
    %jmp T_9.22;
T_9.21 ;
    %pushi/vec4 1, 0, 4;
    %store/vec4 v0x5d23f05d3540_0, 0, 4;
T_9.22 ;
    %jmp T_9.12;
T_9.12 ;
    %pop/vec4 1;
T_9.1 ;
    %jmp T_9;
    .thread T_9;
    .scope S_0x5d23f05d1b70;
T_10 ;
    %wait E_0x5d23f05b3940;
    %load/vec4 v0x5d23f05d3540_0;
    %dup/vec4;
    %pushi/vec4 0, 0, 4;
    %cmp/u;
    %jmp/1 T_10.0, 6;
    %dup/vec4;
    %pushi/vec4 1, 0, 4;
    %cmp/u;
    %jmp/1 T_10.1, 6;
    %dup/vec4;
    %pushi/vec4 2, 0, 4;
    %cmp/u;
    %jmp/1 T_10.2, 6;
    %dup/vec4;
    %pushi/vec4 3, 0, 4;
    %cmp/u;
    %jmp/1 T_10.3, 6;
    %dup/vec4;
    %pushi/vec4 5, 0, 4;
    %cmp/u;
    %jmp/1 T_10.4, 6;
    %dup/vec4;
    %pushi/vec4 8, 0, 4;
    %cmp/u;
    %jmp/1 T_10.5, 6;
    %dup/vec4;
    %pushi/vec4 9, 0, 4;
    %cmp/u;
    %jmp/1 T_10.6, 6;
    %dup/vec4;
    %pushi/vec4 6, 0, 4;
    %cmp/u;
    %jmp/1 T_10.7, 6;
    %dup/vec4;
    %pushi/vec4 7, 0, 4;
    %cmp/u;
    %jmp/1 T_10.8, 6;
    %pushi/vec4 0, 0, 1;
    %store/vec4 v0x5d23f05d2eb0_0, 0, 1;
    %pushi/vec4 0, 0, 1;
    %store/vec4 v0x5d23f05d2c70_0, 0, 1;
    %pushi/vec4 0, 0, 1;
    %store/vec4 v0x5d23f05d2d10_0, 0, 1;
    %pushi/vec4 1, 0, 1;
    %store/vec4 v0x5d23f05d2de0_0, 0, 1;
    %pushi/vec4 0, 0, 1;
    %store/vec4 v0x5d23f05d28d0_0, 0, 1;
    %pushi/vec4 0, 0, 1;
    %store/vec4 v0x5d23f05d2640_0, 0, 1;
    %pushi/vec4 0, 0, 1;
    %store/vec4 v0x5d23f05d2700_0, 0, 1;
    %pushi/vec4 0, 0, 1;
    %store/vec4 v0x5d23f05d27d0_0, 0, 1;
    %pushi/vec4 0, 0, 1;
    %store/vec4 v0x5d23f05d2a90_0, 0, 1;
    %pushi/vec4 0, 0, 1;
    %store/vec4 v0x5d23f05d2f80_0, 0, 1;
    %pushi/vec4 0, 0, 1;
    %store/vec4 v0x5d23f05d29a0_0, 0, 1;
    %pushi/vec4 1, 0, 1;
    %store/vec4 v0x5d23f05d2b30_0, 0, 1;
    %pushi/vec4 0, 0, 1;
    %store/vec4 v0x5d23f05d2bd0_0, 0, 1;
    %jmp T_10.10;
T_10.0 ;
    %pushi/vec4 0, 0, 1;
    %store/vec4 v0x5d23f05d2eb0_0, 0, 1;
    %pushi/vec4 0, 0, 1;
    %store/vec4 v0x5d23f05d2c70_0, 0, 1;
    %pushi/vec4 0, 0, 1;
    %store/vec4 v0x5d23f05d2d10_0, 0, 1;
    %pushi/vec4 0, 0, 1;
    %store/vec4 v0x5d23f05d2de0_0, 0, 1;
    %pushi/vec4 0, 0, 1;
    %store/vec4 v0x5d23f05d28d0_0, 0, 1;
    %pushi/vec4 0, 0, 1;
    %store/vec4 v0x5d23f05d2640_0, 0, 1;
    %pushi/vec4 0, 0, 1;
    %store/vec4 v0x5d23f05d2700_0, 0, 1;
    %pushi/vec4 0, 0, 1;
    %store/vec4 v0x5d23f05d27d0_0, 0, 1;
    %pushi/vec4 1, 0, 1;
    %store/vec4 v0x5d23f05d2a90_0, 0, 1;
    %pushi/vec4 0, 0, 1;
    %store/vec4 v0x5d23f05d2f80_0, 0, 1;
    %pushi/vec4 0, 0, 1;
    %store/vec4 v0x5d23f05d29a0_0, 0, 1;
    %pushi/vec4 1, 0, 1;
    %store/vec4 v0x5d23f05d2b30_0, 0, 1;
    %pushi/vec4 0, 0, 1;
    %store/vec4 v0x5d23f05d2bd0_0, 0, 1;
    %jmp T_10.10;
T_10.1 ;
    %pushi/vec4 1, 0, 1;
    %store/vec4 v0x5d23f05d2eb0_0, 0, 1;
    %pushi/vec4 1, 0, 1;
    %store/vec4 v0x5d23f05d2c70_0, 0, 1;
    %pushi/vec4 1, 0, 1;
    %store/vec4 v0x5d23f05d2d10_0, 0, 1;
    %pushi/vec4 1, 0, 1;
    %store/vec4 v0x5d23f05d2de0_0, 0, 1;
    %pushi/vec4 0, 0, 1;
    %store/vec4 v0x5d23f05d28d0_0, 0, 1;
    %pushi/vec4 0, 0, 1;
    %store/vec4 v0x5d23f05d2640_0, 0, 1;
    %pushi/vec4 0, 0, 1;
    %store/vec4 v0x5d23f05d2700_0, 0, 1;
    %pushi/vec4 0, 0, 1;
    %store/vec4 v0x5d23f05d27d0_0, 0, 1;
    %pushi/vec4 0, 0, 1;
    %store/vec4 v0x5d23f05d2a90_0, 0, 1;
    %pushi/vec4 0, 0, 1;
    %store/vec4 v0x5d23f05d2f80_0, 0, 1;
    %pushi/vec4 0, 0, 1;
    %store/vec4 v0x5d23f05d29a0_0, 0, 1;
    %pushi/vec4 1, 0, 1;
    %store/vec4 v0x5d23f05d2b30_0, 0, 1;
    %pushi/vec4 0, 0, 1;
    %store/vec4 v0x5d23f05d2bd0_0, 0, 1;
    %jmp T_10.10;
T_10.2 ;
    %pushi/vec4 1, 0, 1;
    %store/vec4 v0x5d23f05d2eb0_0, 0, 1;
    %pushi/vec4 1, 0, 1;
    %store/vec4 v0x5d23f05d2c70_0, 0, 1;
    %pushi/vec4 1, 0, 1;
    %store/vec4 v0x5d23f05d2d10_0, 0, 1;
    %pushi/vec4 1, 0, 1;
    %store/vec4 v0x5d23f05d2de0_0, 0, 1;
    %pushi/vec4 0, 0, 1;
    %store/vec4 v0x5d23f05d28d0_0, 0, 1;
    %pushi/vec4 1, 0, 1;
    %store/vec4 v0x5d23f05d2640_0, 0, 1;
    %pushi/vec4 0, 0, 1;
    %store/vec4 v0x5d23f05d2700_0, 0, 1;
    %pushi/vec4 0, 0, 1;
    %store/vec4 v0x5d23f05d27d0_0, 0, 1;
    %pushi/vec4 0, 0, 1;
    %store/vec4 v0x5d23f05d2a90_0, 0, 1;
    %pushi/vec4 0, 0, 1;
    %store/vec4 v0x5d23f05d2f80_0, 0, 1;
    %pushi/vec4 0, 0, 1;
    %store/vec4 v0x5d23f05d29a0_0, 0, 1;
    %pushi/vec4 1, 0, 1;
    %store/vec4 v0x5d23f05d2b30_0, 0, 1;
    %pushi/vec4 1, 0, 1;
    %store/vec4 v0x5d23f05d2bd0_0, 0, 1;
    %jmp T_10.10;
T_10.3 ;
    %pushi/vec4 1, 0, 1;
    %store/vec4 v0x5d23f05d2eb0_0, 0, 1;
    %pushi/vec4 1, 0, 1;
    %store/vec4 v0x5d23f05d2c70_0, 0, 1;
    %pushi/vec4 1, 0, 1;
    %store/vec4 v0x5d23f05d2d10_0, 0, 1;
    %pushi/vec4 1, 0, 1;
    %store/vec4 v0x5d23f05d2de0_0, 0, 1;
    %pushi/vec4 0, 0, 1;
    %store/vec4 v0x5d23f05d28d0_0, 0, 1;
    %pushi/vec4 0, 0, 1;
    %store/vec4 v0x5d23f05d2640_0, 0, 1;
    %pushi/vec4 0, 0, 1;
    %store/vec4 v0x5d23f05d2700_0, 0, 1;
    %pushi/vec4 0, 0, 1;
    %store/vec4 v0x5d23f05d27d0_0, 0, 1;
    %pushi/vec4 0, 0, 1;
    %store/vec4 v0x5d23f05d2a90_0, 0, 1;
    %pushi/vec4 0, 0, 1;
    %store/vec4 v0x5d23f05d2f80_0, 0, 1;
    %pushi/vec4 1, 0, 1;
    %store/vec4 v0x5d23f05d29a0_0, 0, 1;
    %pushi/vec4 0, 0, 1;
    %store/vec4 v0x5d23f05d2b30_0, 0, 1;
    %pushi/vec4 0, 0, 1;
    %store/vec4 v0x5d23f05d2bd0_0, 0, 1;
    %jmp T_10.10;
T_10.4 ;
    %pushi/vec4 1, 0, 1;
    %store/vec4 v0x5d23f05d2eb0_0, 0, 1;
    %pushi/vec4 1, 0, 1;
    %store/vec4 v0x5d23f05d2c70_0, 0, 1;
    %pushi/vec4 1, 0, 1;
    %store/vec4 v0x5d23f05d2d10_0, 0, 1;
    %pushi/vec4 1, 0, 1;
    %store/vec4 v0x5d23f05d2de0_0, 0, 1;
    %pushi/vec4 0, 0, 1;
    %store/vec4 v0x5d23f05d28d0_0, 0, 1;
    %pushi/vec4 0, 0, 1;
    %store/vec4 v0x5d23f05d2640_0, 0, 1;
    %pushi/vec4 1, 0, 1;
    %store/vec4 v0x5d23f05d2700_0, 0, 1;
    %pushi/vec4 0, 0, 1;
    %store/vec4 v0x5d23f05d27d0_0, 0, 1;
    %pushi/vec4 0, 0, 1;
    %store/vec4 v0x5d23f05d2a90_0, 0, 1;
    %pushi/vec4 0, 0, 1;
    %store/vec4 v0x5d23f05d2f80_0, 0, 1;
    %pushi/vec4 0, 0, 1;
    %store/vec4 v0x5d23f05d29a0_0, 0, 1;
    %pushi/vec4 0, 0, 1;
    %store/vec4 v0x5d23f05d2b30_0, 0, 1;
    %pushi/vec4 0, 0, 1;
    %store/vec4 v0x5d23f05d2bd0_0, 0, 1;
    %jmp T_10.10;
T_10.5 ;
    %pushi/vec4 1, 0, 1;
    %store/vec4 v0x5d23f05d2eb0_0, 0, 1;
    %pushi/vec4 1, 0, 1;
    %store/vec4 v0x5d23f05d2c70_0, 0, 1;
    %pushi/vec4 0, 0, 1;
    %store/vec4 v0x5d23f05d2d10_0, 0, 1;
    %pushi/vec4 1, 0, 1;
    %store/vec4 v0x5d23f05d2de0_0, 0, 1;
    %pushi/vec4 0, 0, 1;
    %store/vec4 v0x5d23f05d28d0_0, 0, 1;
    %pushi/vec4 0, 0, 1;
    %store/vec4 v0x5d23f05d2640_0, 0, 1;
    %pushi/vec4 0, 0, 1;
    %store/vec4 v0x5d23f05d2700_0, 0, 1;
    %pushi/vec4 1, 0, 1;
    %store/vec4 v0x5d23f05d27d0_0, 0, 1;
    %pushi/vec4 0, 0, 1;
    %store/vec4 v0x5d23f05d2a90_0, 0, 1;
    %pushi/vec4 1, 0, 1;
    %store/vec4 v0x5d23f05d2f80_0, 0, 1;
    %pushi/vec4 0, 0, 1;
    %store/vec4 v0x5d23f05d29a0_0, 0, 1;
    %pushi/vec4 0, 0, 1;
    %store/vec4 v0x5d23f05d2b30_0, 0, 1;
    %pushi/vec4 0, 0, 1;
    %store/vec4 v0x5d23f05d2bd0_0, 0, 1;
    %jmp T_10.10;
T_10.6 ;
    %pushi/vec4 1, 0, 1;
    %store/vec4 v0x5d23f05d2eb0_0, 0, 1;
    %pushi/vec4 1, 0, 1;
    %store/vec4 v0x5d23f05d2c70_0, 0, 1;
    %pushi/vec4 1, 0, 1;
    %store/vec4 v0x5d23f05d2d10_0, 0, 1;
    %pushi/vec4 1, 0, 1;
    %store/vec4 v0x5d23f05d2de0_0, 0, 1;
    %pushi/vec4 0, 0, 1;
    %store/vec4 v0x5d23f05d28d0_0, 0, 1;
    %pushi/vec4 0, 0, 1;
    %store/vec4 v0x5d23f05d2640_0, 0, 1;
    %pushi/vec4 1, 0, 1;
    %store/vec4 v0x5d23f05d2700_0, 0, 1;
    %pushi/vec4 0, 0, 1;
    %store/vec4 v0x5d23f05d27d0_0, 0, 1;
    %pushi/vec4 0, 0, 1;
    %store/vec4 v0x5d23f05d2a90_0, 0, 1;
    %pushi/vec4 0, 0, 1;
    %store/vec4 v0x5d23f05d2f80_0, 0, 1;
    %pushi/vec4 0, 0, 1;
    %store/vec4 v0x5d23f05d29a0_0, 0, 1;
    %pushi/vec4 0, 0, 1;
    %store/vec4 v0x5d23f05d2b30_0, 0, 1;
    %pushi/vec4 0, 0, 1;
    %store/vec4 v0x5d23f05d2bd0_0, 0, 1;
    %jmp T_10.10;
T_10.7 ;
    %pushi/vec4 1, 0, 1;
    %store/vec4 v0x5d23f05d2eb0_0, 0, 1;
    %pushi/vec4 0, 0, 1;
    %store/vec4 v0x5d23f05d2c70_0, 0, 1;
    %pushi/vec4 0, 0, 1;
    %store/vec4 v0x5d23f05d2d10_0, 0, 1;
    %pushi/vec4 1, 0, 1;
    %store/vec4 v0x5d23f05d2de0_0, 0, 1;
    %pushi/vec4 1, 0, 1;
    %store/vec4 v0x5d23f05d28d0_0, 0, 1;
    %pushi/vec4 0, 0, 1;
    %store/vec4 v0x5d23f05d2640_0, 0, 1;
    %pushi/vec4 0, 0, 1;
    %store/vec4 v0x5d23f05d2700_0, 0, 1;
    %pushi/vec4 0, 0, 1;
    %store/vec4 v0x5d23f05d27d0_0, 0, 1;
    %pushi/vec4 1, 0, 1;
    %store/vec4 v0x5d23f05d2a90_0, 0, 1;
    %pushi/vec4 1, 0, 1;
    %store/vec4 v0x5d23f05d2f80_0, 0, 1;
    %pushi/vec4 0, 0, 1;
    %store/vec4 v0x5d23f05d29a0_0, 0, 1;
    %pushi/vec4 1, 0, 1;
    %store/vec4 v0x5d23f05d2b30_0, 0, 1;
    %pushi/vec4 0, 0, 1;
    %store/vec4 v0x5d23f05d2bd0_0, 0, 1;
    %jmp T_10.10;
T_10.8 ;
    %pushi/vec4 1, 0, 1;
    %store/vec4 v0x5d23f05d2eb0_0, 0, 1;
    %pushi/vec4 1, 0, 1;
    %store/vec4 v0x5d23f05d2c70_0, 0, 1;
    %pushi/vec4 1, 0, 1;
    %store/vec4 v0x5d23f05d2d10_0, 0, 1;
    %pushi/vec4 1, 0, 1;
    %store/vec4 v0x5d23f05d2de0_0, 0, 1;
    %pushi/vec4 0, 0, 1;
    %store/vec4 v0x5d23f05d28d0_0, 0, 1;
    %pushi/vec4 0, 0, 1;
    %store/vec4 v0x5d23f05d2640_0, 0, 1;
    %pushi/vec4 0, 0, 1;
    %store/vec4 v0x5d23f05d2700_0, 0, 1;
    %pushi/vec4 0, 0, 1;
    %store/vec4 v0x5d23f05d27d0_0, 0, 1;
    %pushi/vec4 0, 0, 1;
    %store/vec4 v0x5d23f05d2a90_0, 0, 1;
    %pushi/vec4 0, 0, 1;
    %store/vec4 v0x5d23f05d2f80_0, 0, 1;
    %pushi/vec4 0, 0, 1;
    %store/vec4 v0x5d23f05d29a0_0, 0, 1;
    %pushi/vec4 1, 0, 1;
    %store/vec4 v0x5d23f05d2b30_0, 0, 1;
    %pushi/vec4 0, 0, 1;
    %store/vec4 v0x5d23f05d2bd0_0, 0, 1;
    %jmp T_10.10;
T_10.10 ;
    %pop/vec4 1;
    %jmp T_10;
    .thread T_10, $push;
    .scope S_0x5d23f05d1b70;
T_11 ;
    %wait E_0x5d23f05b3940;
    %load/vec4 v0x5d23f05d3540_0;
    %dup/vec4;
    %pushi/vec4 0, 0, 4;
    %cmp/u;
    %jmp/1 T_11.0, 6;
    %dup/vec4;
    %pushi/vec4 1, 0, 4;
    %cmp/u;
    %jmp/1 T_11.1, 6;
    %dup/vec4;
    %pushi/vec4 2, 0, 4;
    %cmp/u;
    %jmp/1 T_11.2, 6;
    %dup/vec4;
    %pushi/vec4 4, 0, 4;
    %cmp/u;
    %jmp/1 T_11.3, 6;
    %dup/vec4;
    %pushi/vec4 3, 0, 4;
    %cmp/u;
    %jmp/1 T_11.4, 6;
    %dup/vec4;
    %pushi/vec4 5, 0, 4;
    %cmp/u;
    %jmp/1 T_11.5, 6;
    %dup/vec4;
    %pushi/vec4 6, 0, 4;
    %cmp/u;
    %jmp/1 T_11.6, 6;
    %dup/vec4;
    %pushi/vec4 7, 0, 4;
    %cmp/u;
    %jmp/1 T_11.7, 6;
    %dup/vec4;
    %pushi/vec4 8, 0, 4;
    %cmp/u;
    %jmp/1 T_11.8, 6;
    %dup/vec4;
    %pushi/vec4 9, 0, 4;
    %cmp/u;
    %jmp/1 T_11.9, 6;
    %jmp T_11.10;
T_11.0 ;
    %pushi/vec4 0, 0, 32; draw_string_vec4
    %pushi/vec4 0, 0, 32; draw_string_vec4
    %concat/vec4; draw_string_vec4
    %pushi/vec4 0, 0, 32; draw_string_vec4
    %concat/vec4; draw_string_vec4
    %pushi/vec4 0, 0, 32; draw_string_vec4
    %concat/vec4; draw_string_vec4
    %pushi/vec4 0, 0, 32; draw_string_vec4
    %concat/vec4; draw_string_vec4
    %pushi/vec4 0, 0, 32; draw_string_vec4
    %concat/vec4; draw_string_vec4
    %pushi/vec4 0, 0, 32; draw_string_vec4
    %concat/vec4; draw_string_vec4
    %pushi/vec4 0, 0, 32; draw_string_vec4
    %concat/vec4; draw_string_vec4
    %pushi/vec4 83, 0, 32; draw_string_vec4
    %concat/vec4; draw_string_vec4
    %pushi/vec4 1413567060, 0, 32; draw_string_vec4
    %concat/vec4; draw_string_vec4
    %store/vec4 v0x5d23f05d35e0_0, 0, 320;
    %jmp T_11.10;
T_11.1 ;
    %pushi/vec4 0, 0, 32; draw_string_vec4
    %pushi/vec4 0, 0, 32; draw_string_vec4
    %concat/vec4; draw_string_vec4
    %pushi/vec4 0, 0, 32; draw_string_vec4
    %concat/vec4; draw_string_vec4
    %pushi/vec4 0, 0, 32; draw_string_vec4
    %concat/vec4; draw_string_vec4
    %pushi/vec4 0, 0, 32; draw_string_vec4
    %concat/vec4; draw_string_vec4
    %pushi/vec4 0, 0, 32; draw_string_vec4
    %concat/vec4; draw_string_vec4
    %pushi/vec4 0, 0, 32; draw_string_vec4
    %concat/vec4; draw_string_vec4
    %pushi/vec4 71, 0, 32; draw_string_vec4
    %concat/vec4; draw_string_vec4
    %pushi/vec4 1163157328, 0, 32; draw_string_vec4
    %concat/vec4; draw_string_vec4
    %pushi/vec4 1230521676, 0, 32; draw_string_vec4
    %concat/vec4; draw_string_vec4
    %store/vec4 v0x5d23f05d35e0_0, 0, 320;
    %jmp T_11.10;
T_11.2 ;
    %pushi/vec4 0, 0, 32; draw_string_vec4
    %pushi/vec4 0, 0, 32; draw_string_vec4
    %concat/vec4; draw_string_vec4
    %pushi/vec4 0, 0, 32; draw_string_vec4
    %concat/vec4; draw_string_vec4
    %pushi/vec4 0, 0, 32; draw_string_vec4
    %concat/vec4; draw_string_vec4
    %pushi/vec4 0, 0, 32; draw_string_vec4
    %concat/vec4; draw_string_vec4
    %pushi/vec4 0, 0, 32; draw_string_vec4
    %concat/vec4; draw_string_vec4
    %pushi/vec4 0, 0, 32; draw_string_vec4
    %concat/vec4; draw_string_vec4
    %pushi/vec4 0, 0, 32; draw_string_vec4
    %concat/vec4; draw_string_vec4
    %pushi/vec4 4804163, 0, 32; draw_string_vec4
    %concat/vec4; draw_string_vec4
    %pushi/vec4 1598246732, 0, 32; draw_string_vec4
    %concat/vec4; draw_string_vec4
    %store/vec4 v0x5d23f05d35e0_0, 0, 320;
    %jmp T_11.10;
T_11.3 ;
    %pushi/vec4 0, 0, 32; draw_string_vec4
    %pushi/vec4 0, 0, 32; draw_string_vec4
    %concat/vec4; draw_string_vec4
    %pushi/vec4 0, 0, 32; draw_string_vec4
    %concat/vec4; draw_string_vec4
    %pushi/vec4 0, 0, 32; draw_string_vec4
    %concat/vec4; draw_string_vec4
    %pushi/vec4 0, 0, 32; draw_string_vec4
    %concat/vec4; draw_string_vec4
    %pushi/vec4 0, 0, 32; draw_string_vec4
    %concat/vec4; draw_string_vec4
    %pushi/vec4 0, 0, 32; draw_string_vec4
    %concat/vec4; draw_string_vec4
    %pushi/vec4 82, 0, 32; draw_string_vec4
    %concat/vec4; draw_string_vec4
    %pushi/vec4 1331126098, 0, 32; draw_string_vec4
    %concat/vec4; draw_string_vec4
    %pushi/vec4 1161905241, 0, 32; draw_string_vec4
    %concat/vec4; draw_string_vec4
    %store/vec4 v0x5d23f05d35e0_0, 0, 320;
    %jmp T_11.10;
T_11.4 ;
    %pushi/vec4 0, 0, 32; draw_string_vec4
    %pushi/vec4 0, 0, 32; draw_string_vec4
    %concat/vec4; draw_string_vec4
    %pushi/vec4 0, 0, 32; draw_string_vec4
    %concat/vec4; draw_string_vec4
    %pushi/vec4 0, 0, 32; draw_string_vec4
    %concat/vec4; draw_string_vec4
    %pushi/vec4 0, 0, 32; draw_string_vec4
    %concat/vec4; draw_string_vec4
    %pushi/vec4 0, 0, 32; draw_string_vec4
    %concat/vec4; draw_string_vec4
    %pushi/vec4 0, 0, 32; draw_string_vec4
    %concat/vec4; draw_string_vec4
    %pushi/vec4 0, 0, 32; draw_string_vec4
    %concat/vec4; draw_string_vec4
    %pushi/vec4 1397050948, 0, 32; draw_string_vec4
    %concat/vec4; draw_string_vec4
    %pushi/vec4 1599229783, 0, 32; draw_string_vec4
    %concat/vec4; draw_string_vec4
    %store/vec4 v0x5d23f05d35e0_0, 0, 320;
    %jmp T_11.10;
T_11.5 ;
    %pushi/vec4 0, 0, 32; draw_string_vec4
    %pushi/vec4 0, 0, 32; draw_string_vec4
    %concat/vec4; draw_string_vec4
    %pushi/vec4 0, 0, 32; draw_string_vec4
    %concat/vec4; draw_string_vec4
    %pushi/vec4 0, 0, 32; draw_string_vec4
    %concat/vec4; draw_string_vec4
    %pushi/vec4 0, 0, 32; draw_string_vec4
    %concat/vec4; draw_string_vec4
    %pushi/vec4 0, 0, 32; draw_string_vec4
    %concat/vec4; draw_string_vec4
    %pushi/vec4 0, 0, 32; draw_string_vec4
    %concat/vec4; draw_string_vec4
    %pushi/vec4 68, 0, 32; draw_string_vec4
    %concat/vec4; draw_string_vec4
    %pushi/vec4 1162625369, 0, 32; draw_string_vec4
    %concat/vec4; draw_string_vec4
    %pushi/vec4 1599229783, 0, 32; draw_string_vec4
    %concat/vec4; draw_string_vec4
    %store/vec4 v0x5d23f05d35e0_0, 0, 320;
    %jmp T_11.10;
T_11.6 ;
    %pushi/vec4 0, 0, 32; draw_string_vec4
    %pushi/vec4 0, 0, 32; draw_string_vec4
    %concat/vec4; draw_string_vec4
    %pushi/vec4 0, 0, 32; draw_string_vec4
    %concat/vec4; draw_string_vec4
    %pushi/vec4 0, 0, 32; draw_string_vec4
    %concat/vec4; draw_string_vec4
    %pushi/vec4 0, 0, 32; draw_string_vec4
    %concat/vec4; draw_string_vec4
    %pushi/vec4 0, 0, 32; draw_string_vec4
    %concat/vec4; draw_string_vec4
    %pushi/vec4 0, 0, 32; draw_string_vec4
    %concat/vec4; draw_string_vec4
    %pushi/vec4 0, 0, 32; draw_string_vec4
    %concat/vec4; draw_string_vec4
    %pushi/vec4 4804163, 0, 32; draw_string_vec4
    %concat/vec4; draw_string_vec4
    %pushi/vec4 1599229783, 0, 32; draw_string_vec4
    %concat/vec4; draw_string_vec4
    %store/vec4 v0x5d23f05d35e0_0, 0, 320;
    %jmp T_11.10;
T_11.7 ;
    %pushi/vec4 0, 0, 32; draw_string_vec4
    %pushi/vec4 0, 0, 32; draw_string_vec4
    %concat/vec4; draw_string_vec4
    %pushi/vec4 0, 0, 32; draw_string_vec4
    %concat/vec4; draw_string_vec4
    %pushi/vec4 0, 0, 32; draw_string_vec4
    %concat/vec4; draw_string_vec4
    %pushi/vec4 0, 0, 32; draw_string_vec4
    %concat/vec4; draw_string_vec4
    %pushi/vec4 0, 0, 32; draw_string_vec4
    %concat/vec4; draw_string_vec4
    %pushi/vec4 0, 0, 32; draw_string_vec4
    %concat/vec4; draw_string_vec4
    %pushi/vec4 5391681, 0, 32; draw_string_vec4
    %concat/vec4; draw_string_vec4
    %pushi/vec4 1146707782, 0, 32; draw_string_vec4
    %concat/vec4; draw_string_vec4
    %pushi/vec4 1380011333, 0, 32; draw_string_vec4
    %concat/vec4; draw_string_vec4
    %store/vec4 v0x5d23f05d35e0_0, 0, 320;
    %jmp T_11.10;
T_11.8 ;
    %pushi/vec4 0, 0, 32; draw_string_vec4
    %pushi/vec4 0, 0, 32; draw_string_vec4
    %concat/vec4; draw_string_vec4
    %pushi/vec4 0, 0, 32; draw_string_vec4
    %concat/vec4; draw_string_vec4
    %pushi/vec4 0, 0, 32; draw_string_vec4
    %concat/vec4; draw_string_vec4
    %pushi/vec4 0, 0, 32; draw_string_vec4
    %concat/vec4; draw_string_vec4
    %pushi/vec4 0, 0, 32; draw_string_vec4
    %concat/vec4; draw_string_vec4
    %pushi/vec4 0, 0, 32; draw_string_vec4
    %concat/vec4; draw_string_vec4
    %pushi/vec4 0, 0, 32; draw_string_vec4
    %concat/vec4; draw_string_vec4
    %pushi/vec4 1313167444, 0, 32; draw_string_vec4
    %concat/vec4; draw_string_vec4
    %pushi/vec4 1598179668, 0, 32; draw_string_vec4
    %concat/vec4; draw_string_vec4
    %store/vec4 v0x5d23f05d35e0_0, 0, 320;
    %jmp T_11.10;
T_11.9 ;
    %pushi/vec4 0, 0, 32; draw_string_vec4
    %pushi/vec4 0, 0, 32; draw_string_vec4
    %concat/vec4; draw_string_vec4
    %pushi/vec4 0, 0, 32; draw_string_vec4
    %concat/vec4; draw_string_vec4
    %pushi/vec4 0, 0, 32; draw_string_vec4
    %concat/vec4; draw_string_vec4
    %pushi/vec4 0, 0, 32; draw_string_vec4
    %concat/vec4; draw_string_vec4
    %pushi/vec4 0, 0, 32; draw_string_vec4
    %concat/vec4; draw_string_vec4
    %pushi/vec4 0, 0, 32; draw_string_vec4
    %concat/vec4; draw_string_vec4
    %pushi/vec4 20037, 0, 32; draw_string_vec4
    %concat/vec4; draw_string_vec4
    %pushi/vec4 1481924420, 0, 32; draw_string_vec4
    %concat/vec4; draw_string_vec4
    %pushi/vec4 1162625369, 0, 32; draw_string_vec4
    %concat/vec4; draw_string_vec4
    %store/vec4 v0x5d23f05d35e0_0, 0, 320;
    %jmp T_11.10;
T_11.10 ;
    %pop/vec4 1;
    %jmp T_11;
    .thread T_11, $push;
    .scope S_0x5d23f0559570;
T_12 ;
    %wait E_0x5d23f0589d70;
    %load/vec4 v0x5d23f05d5c00_0;
    %flag_set/vec4 8;
    %jmp/0xz  T_12.0, 8;
    %pushi/vec4 0, 0, 5;
    %assign/vec4 v0x5d23f05d5670_0, 0;
    %pushi/vec4 0, 0, 1;
    %assign/vec4 v0x5d23f05d55d0_0, 0;
    %jmp T_12.1;
T_12.0 ;
    %load/vec4 v0x5d23f05d5670_0;
    %pad/u 32;
    %cmpi/e 2, 0, 32;
    %jmp/0xz  T_12.2, 4;
    %load/vec4 v0x5d23f05d55d0_0;
    %inv;
    %assign/vec4 v0x5d23f05d55d0_0, 0;
    %pushi/vec4 0, 0, 5;
    %assign/vec4 v0x5d23f05d5670_0, 0;
    %jmp T_12.3;
T_12.2 ;
    %load/vec4 v0x5d23f05d5670_0;
    %addi 1, 0, 5;
    %assign/vec4 v0x5d23f05d5670_0, 0;
T_12.3 ;
T_12.1 ;
    %jmp T_12;
    .thread T_12;
    .scope S_0x5d23f0553b30;
T_13 ;
    %pushi/vec4 0, 0, 1;
    %store/vec4 v0x5d23f05d6f50_0, 0, 1;
    %pushi/vec4 0, 0, 1;
    %store/vec4 v0x5d23f05d7130_0, 0, 1;
    %pushi/vec4 0, 0, 1;
    %store/vec4 v0x5d23f05d7090_0, 0, 1;
    %end;
    .thread T_13;
    .scope S_0x5d23f0553b30;
T_14 ;
    %pushi/vec4 0, 0, 1;
    %assign/vec4 v0x5d23f05d6f50_0, 0;
    %end;
    .thread T_14;
    .scope S_0x5d23f0553b30;
T_15 ;
    %delay 10000, 0;
    %load/vec4 v0x5d23f05d6f50_0;
    %inv;
    %assign/vec4 v0x5d23f05d6f50_0, 0;
    %jmp T_15;
    .thread T_15;
    .scope S_0x5d23f0553b30;
T_16 ;
    %wait E_0x5d23f0589d70;
    %pushi/vec4 1, 0, 1;
    %store/vec4 v0x5d23f05d7130_0, 0, 1;
    %wait E_0x5d23f0589d70;
    %pushi/vec4 0, 0, 1;
    %store/vec4 v0x5d23f05d7130_0, 0, 1;
    %delay 80000, 0;
    %pushi/vec4 1, 0, 1;
    %store/vec4 v0x5d23f05d7090_0, 0, 1;
    %end;
    .thread T_16;
    .scope S_0x5d23f0553b30;
T_17 ;
    %fork t_1, S_0x5d23f05537b0;
    %jmp t_0;
    .scope S_0x5d23f05537b0;
t_1 ;
    %vpi_call 2 49 "$dumpfile", "led_panel_4k_TB.vcd" {0 0 0};
    %vpi_call 2 50 "$dumpvars", 32'sb11111111111111111111111111111111, S_0x5d23f0553b30 {0 0 0};
    %pushi/vec4 0, 0, 32;
    %store/vec4 v0x5d23f05d6ff0_0, 0, 32;
T_17.0 ;
    %load/vec4 v0x5d23f05d6ff0_0;
    %cmpi/s 100, 0, 32;
    %jmp/0xz T_17.1, 5;
    %vpi_call 2 51 "$dumpvars", 32'sb00000000000000000000000000000000, &A<v0x5d23f05d4300, v0x5d23f05d6ff0_0 > {0 0 0};
    %load/vec4 v0x5d23f05d6ff0_0;
    %addi 1, 0, 32;
    %store/vec4 v0x5d23f05d6ff0_0, 0, 32;
    %jmp T_17.0;
T_17.1 ;
    %delay 2000000000, 0;
    %vpi_call 2 52 "$finish" {0 0 0};
    %end;
    .scope S_0x5d23f0553b30;
t_0 %join;
    %end;
    .thread T_17;
# The file index is used to find the file name in the following table.
:file_names 10;
    "N/A";
    "<interactive>";
    "led_panel_4k_TB.v";
    "led_panel_4k.v";
    "count.v";
    "comp.v";
    "ctrl_lp4k.v";
    "lsr_led.v";
    "memory.v";
    "mux_led.v";
