#! /usr/bin/vvp
:ivl_version "12.0 (stable)";
:ivl_delay_selection "TYPICAL";
:vpi_time_precision - 12;
:vpi_module "/usr/lib/x86_64-linux-gnu/ivl/system.vpi";
:vpi_module "/usr/lib/x86_64-linux-gnu/ivl/vhdl_sys.vpi";
:vpi_module "/usr/lib/x86_64-linux-gnu/ivl/vhdl_textio.vpi";
:vpi_module "/usr/lib/x86_64-linux-gnu/ivl/v2005_math.vpi";
:vpi_module "/usr/lib/x86_64-linux-gnu/ivl/va_math.vpi";
S_0x63bc72621570 .scope module, "led_panel_8_TB" "led_panel_8_TB" 2 4;
 .timescale -9 -12;
P_0x63bc72637e90 .param/l "PERIOD" 0 2 28, +C4<00000000000000000000000000010100>;
v0x63bc72676210_0 .net "LATCH", 0 0, v0x63bc72673a40_0;  1 drivers
v0x63bc726762d0_0 .net "NOE", 0 0, v0x63bc72673ae0_0;  1 drivers
v0x63bc726763e0_0 .net "RGB0", 2 0, L_0x63bc726879c0;  1 drivers
v0x63bc72676480_0 .net "RGB1", 2 0, L_0x63bc72687ab0;  1 drivers
v0x63bc72676520_0 .net "ROW", 4 0, v0x63bc72672b50_0;  1 drivers
v0x63bc72676660_0 .var "clk", 0 0;
v0x63bc72676700_0 .var/i "idx", 31 0;
v0x63bc726767a0_0 .var "init", 0 0;
v0x63bc72676840_0 .var "rst", 0 0;
S_0x63bc72621750 .scope begin, "TEST_CASE" "TEST_CASE" 2 48, 2 48 0, S_0x63bc72621570;
 .timescale -9 -12;
S_0x63bc726238c0 .scope module, "uut" "led_panel_8" 2 15, 3 1 0, S_0x63bc72621570;
 .timescale -9 -12;
    .port_info 0 /INPUT 1 "clk";
    .port_info 1 /INPUT 1 "rst";
    .port_info 2 /INPUT 1 "init";
    .port_info 3 /OUTPUT 1 "LP_CLK";
    .port_info 4 /OUTPUT 1 "LATCH";
    .port_info 5 /OUTPUT 1 "NOE";
    .port_info 6 /OUTPUT 5 "ROW";
    .port_info 7 /OUTPUT 3 "RGB0";
    .port_info 8 /OUTPUT 3 "RGB1";
P_0x63bc72623aa0 .param/l "DELAY" 0 3 25, +C4<00000000000000000000000000011110>;
L_0x63bc72652c10 .functor AND 1, v0x63bc726754b0_0, v0x63bc72673bd0_0, C4<1>, C4<1>;
v0x63bc72674cd0_0 .net "COL", 5 0, v0x63bc72671070_0;  1 drivers
v0x63bc72674db0_0 .net "LATCH", 0 0, v0x63bc72673a40_0;  alias, 1 drivers
v0x63bc72674e80_0 .net "LP_CLK", 0 0, L_0x63bc72652c10;  1 drivers
v0x63bc72674f50_0 .net "NOE", 0 0, v0x63bc72673ae0_0;  alias, 1 drivers
v0x63bc72675020_0 .net "PIX_ADDR", 10 0, L_0x63bc726768e0;  1 drivers
v0x63bc72675110_0 .net "PX_CLK_EN", 0 0, v0x63bc72673bd0_0;  1 drivers
v0x63bc726751e0_0 .net "RGB0", 2 0, L_0x63bc726879c0;  alias, 1 drivers
v0x63bc72675280_0 .net "RGB1", 2 0, L_0x63bc72687ab0;  alias, 1 drivers
v0x63bc72675320_0 .net "ROW", 4 0, v0x63bc72672b50_0;  alias, 1 drivers
v0x63bc72675410_0 .net "clk", 0 0, v0x63bc72676660_0;  1 drivers
v0x63bc726754b0_0 .var "clk1", 0 0;
v0x63bc72675550_0 .var "clk_counter", 4 0;
v0x63bc72675630_0 .net "delay", 10 0, v0x63bc72671da0_0;  1 drivers
v0x63bc726756f0_0 .net "init", 0 0, v0x63bc726767a0_0;  1 drivers
v0x63bc726757b0_0 .net "rst", 0 0, v0x63bc72676840_0;  1 drivers
v0x63bc72675850_0 .net "w_INC_C", 0 0, v0x63bc72673810_0;  1 drivers
v0x63bc72675940_0 .net "w_INC_D", 0 0, v0x63bc726738d0_0;  1 drivers
v0x63bc72675a30_0 .net "w_INC_R", 0 0, v0x63bc72673970_0;  1 drivers
v0x63bc72675b20_0 .net "w_RST_C", 0 0, v0x63bc72673c70_0;  1 drivers
v0x63bc72675c10_0 .net "w_RST_D", 0 0, v0x63bc72673d10_0;  1 drivers
v0x63bc72675d00_0 .net "w_RST_R", 0 0, v0x63bc72673de0_0;  1 drivers
v0x63bc72675df0_0 .net "w_ZC", 0 0, L_0x63bc726873e0;  1 drivers
v0x63bc72675ee0_0 .net "w_ZD", 0 0, v0x63bc72652d70_0;  1 drivers
v0x63bc72675fd0_0 .net "w_ZR", 0 0, L_0x63bc72686ee0;  1 drivers
E_0x63bc72643c50 .event posedge, v0x63bc72675410_0;
L_0x63bc726768e0 .concat [ 6 5 0 0], v0x63bc72671070_0, v0x63bc72672b50_0;
L_0x63bc726879c0 .part v0x63bc72674b70_0, 3, 3;
L_0x63bc72687ab0 .part v0x63bc72674b70_0, 0, 3;
S_0x63bc726374d0 .scope module, "compa" "comp" 3 54, 4 1 0, S_0x63bc726238c0;
 .timescale -9 -12;
    .port_info 0 /INPUT 11 "in1";
    .port_info 1 /OUTPUT 1 "out";
P_0x63bc72652450 .param/l "value" 0 4 2, +C4<00000000000000000000000000011110>;
P_0x63bc72652490 .param/l "width" 0 4 3, +C4<00000000000000000000000000001010>;
v0x63bc72652a70_0 .net "in1", 10 0, v0x63bc72671da0_0;  alias, 1 drivers
v0x63bc72652d70_0 .var "out", 0 0;
E_0x63bc72653830 .event anyedge, v0x63bc72652a70_0;
S_0x63bc72670820 .scope module, "count_col" "count" 3 52, 5 1 0, S_0x63bc726238c0;
 .timescale -9 -12;
    .port_info 0 /INPUT 1 "clk";
    .port_info 1 /INPUT 1 "reset";
    .port_info 2 /INPUT 1 "inc";
    .port_info 3 /OUTPUT 6 "outc";
    .port_info 4 /OUTPUT 1 "zero";
P_0x63bc72670a00 .param/l "width" 0 5 2, +C4<00000000000000000000000000000101>;
v0x63bc72645760_0 .net *"_ivl_0", 31 0, L_0x63bc72686fd0;  1 drivers
L_0x7323edc33210 .functor BUFT 1, C4<00>, C4<0>, C4<0>, C4<0>;
v0x63bc7264cb80_0 .net/2s *"_ivl_10", 1 0, L_0x7323edc33210;  1 drivers
v0x63bc726172b0_0 .net *"_ivl_12", 1 0, L_0x63bc72687250;  1 drivers
L_0x7323edc33138 .functor BUFT 1, C4<00000000000000000000000000>, C4<0>, C4<0>, C4<0>;
v0x63bc7261bf00_0 .net *"_ivl_3", 25 0, L_0x7323edc33138;  1 drivers
L_0x7323edc33180 .functor BUFT 1, C4<00000000000000000000000000000000>, C4<0>, C4<0>, C4<0>;
v0x63bc72670c20_0 .net/2u *"_ivl_4", 31 0, L_0x7323edc33180;  1 drivers
v0x63bc72670d50_0 .net *"_ivl_6", 0 0, L_0x63bc72687110;  1 drivers
L_0x7323edc331c8 .functor BUFT 1, C4<01>, C4<0>, C4<0>, C4<0>;
v0x63bc72670e10_0 .net/2s *"_ivl_8", 1 0, L_0x7323edc331c8;  1 drivers
v0x63bc72670ef0_0 .net "clk", 0 0, v0x63bc726754b0_0;  1 drivers
v0x63bc72670fb0_0 .net "inc", 0 0, v0x63bc72673810_0;  alias, 1 drivers
v0x63bc72671070_0 .var "outc", 5 0;
v0x63bc72671150_0 .net "reset", 0 0, v0x63bc72673c70_0;  alias, 1 drivers
v0x63bc72671210_0 .net "zero", 0 0, L_0x63bc726873e0;  alias, 1 drivers
E_0x63bc72653870 .event negedge, v0x63bc72670ef0_0;
L_0x63bc72686fd0 .concat [ 6 26 0 0], v0x63bc72671070_0, L_0x7323edc33138;
L_0x63bc72687110 .cmp/eq 32, L_0x63bc72686fd0, L_0x7323edc33180;
L_0x63bc72687250 .functor MUXZ 2, L_0x7323edc33210, L_0x7323edc331c8, L_0x63bc72687110, C4<>;
L_0x63bc726873e0 .part L_0x63bc72687250, 0, 1;
S_0x63bc72671370 .scope module, "count_delay" "count" 3 53, 5 1 0, S_0x63bc726238c0;
 .timescale -9 -12;
    .port_info 0 /INPUT 1 "clk";
    .port_info 1 /INPUT 1 "reset";
    .port_info 2 /INPUT 1 "inc";
    .port_info 3 /OUTPUT 11 "outc";
    .port_info 4 /OUTPUT 1 "zero";
P_0x63bc72671500 .param/l "width" 0 5 2, +C4<00000000000000000000000000001010>;
v0x63bc72671600_0 .net *"_ivl_0", 31 0, L_0x63bc726874d0;  1 drivers
L_0x7323edc33330 .functor BUFT 1, C4<00>, C4<0>, C4<0>, C4<0>;
v0x63bc726716e0_0 .net/2s *"_ivl_10", 1 0, L_0x7323edc33330;  1 drivers
v0x63bc726717c0_0 .net *"_ivl_12", 1 0, L_0x63bc72687740;  1 drivers
L_0x7323edc33258 .functor BUFT 1, C4<000000000000000000000>, C4<0>, C4<0>, C4<0>;
v0x63bc726718b0_0 .net *"_ivl_3", 20 0, L_0x7323edc33258;  1 drivers
L_0x7323edc332a0 .functor BUFT 1, C4<00000000000000000000000000000000>, C4<0>, C4<0>, C4<0>;
v0x63bc72671990_0 .net/2u *"_ivl_4", 31 0, L_0x7323edc332a0;  1 drivers
v0x63bc72671ac0_0 .net *"_ivl_6", 0 0, L_0x63bc72687650;  1 drivers
L_0x7323edc332e8 .functor BUFT 1, C4<01>, C4<0>, C4<0>, C4<0>;
v0x63bc72671b80_0 .net/2s *"_ivl_8", 1 0, L_0x7323edc332e8;  1 drivers
v0x63bc72671c60_0 .net "clk", 0 0, v0x63bc726754b0_0;  alias, 1 drivers
v0x63bc72671d00_0 .net "inc", 0 0, v0x63bc726738d0_0;  alias, 1 drivers
v0x63bc72671da0_0 .var "outc", 10 0;
v0x63bc72671e90_0 .net "reset", 0 0, v0x63bc72673d10_0;  alias, 1 drivers
v0x63bc72671f30_0 .net "zero", 0 0, L_0x63bc726878d0;  1 drivers
L_0x63bc726874d0 .concat [ 11 21 0 0], v0x63bc72671da0_0, L_0x7323edc33258;
L_0x63bc72687650 .cmp/eq 32, L_0x63bc726874d0, L_0x7323edc332a0;
L_0x63bc72687740 .functor MUXZ 2, L_0x7323edc33330, L_0x7323edc332e8, L_0x63bc72687650, C4<>;
L_0x63bc726878d0 .part L_0x63bc72687740, 0, 1;
S_0x63bc726720c0 .scope module, "count_row" "count" 3 51, 5 1 0, S_0x63bc726238c0;
 .timescale -9 -12;
    .port_info 0 /INPUT 1 "clk";
    .port_info 1 /INPUT 1 "reset";
    .port_info 2 /INPUT 1 "inc";
    .port_info 3 /OUTPUT 5 "outc";
    .port_info 4 /OUTPUT 1 "zero";
P_0x63bc72672250 .param/l "width" 0 5 2, +C4<00000000000000000000000000000100>;
v0x63bc72672320_0 .net *"_ivl_0", 31 0, L_0x63bc72676ab0;  1 drivers
L_0x7323edc330f0 .functor BUFT 1, C4<00>, C4<0>, C4<0>, C4<0>;
v0x63bc72672420_0 .net/2s *"_ivl_10", 1 0, L_0x7323edc330f0;  1 drivers
v0x63bc72672500_0 .net *"_ivl_12", 1 0, L_0x63bc72686d50;  1 drivers
L_0x7323edc33018 .functor BUFT 1, C4<000000000000000000000000000>, C4<0>, C4<0>, C4<0>;
v0x63bc726725f0_0 .net *"_ivl_3", 26 0, L_0x7323edc33018;  1 drivers
L_0x7323edc33060 .functor BUFT 1, C4<00000000000000000000000000000000>, C4<0>, C4<0>, C4<0>;
v0x63bc726726d0_0 .net/2u *"_ivl_4", 31 0, L_0x7323edc33060;  1 drivers
v0x63bc72672800_0 .net *"_ivl_6", 0 0, L_0x63bc72686c10;  1 drivers
L_0x7323edc330a8 .functor BUFT 1, C4<01>, C4<0>, C4<0>, C4<0>;
v0x63bc726728c0_0 .net/2s *"_ivl_8", 1 0, L_0x7323edc330a8;  1 drivers
v0x63bc726729a0_0 .net "clk", 0 0, v0x63bc726754b0_0;  alias, 1 drivers
v0x63bc72672a90_0 .net "inc", 0 0, v0x63bc72673970_0;  alias, 1 drivers
v0x63bc72672b50_0 .var "outc", 4 0;
v0x63bc72672c30_0 .net "reset", 0 0, v0x63bc72673de0_0;  alias, 1 drivers
v0x63bc72672cf0_0 .net "zero", 0 0, L_0x63bc72686ee0;  alias, 1 drivers
L_0x63bc72676ab0 .concat [ 5 27 0 0], v0x63bc72672b50_0, L_0x7323edc33018;
L_0x63bc72686c10 .cmp/eq 32, L_0x63bc72676ab0, L_0x7323edc33060;
L_0x63bc72686d50 .functor MUXZ 2, L_0x7323edc330f0, L_0x7323edc330a8, L_0x63bc72686c10, C4<>;
L_0x63bc72686ee0 .part L_0x63bc72686d50, 0, 1;
S_0x63bc72672e50 .scope module, "ctrl0" "ctrl_lp8" 3 56, 6 1 0, S_0x63bc726238c0;
 .timescale -9 -12;
    .port_info 0 /INPUT 1 "clk";
    .port_info 1 /INPUT 1 "init";
    .port_info 2 /INPUT 1 "rst";
    .port_info 3 /INPUT 1 "ZR";
    .port_info 4 /INPUT 1 "ZC";
    .port_info 5 /INPUT 1 "ZD";
    .port_info 6 /OUTPUT 1 "RST_R";
    .port_info 7 /OUTPUT 1 "RST_C";
    .port_info 8 /OUTPUT 1 "RST_D";
    .port_info 9 /OUTPUT 1 "INC_R";
    .port_info 10 /OUTPUT 1 "INC_C";
    .port_info 11 /OUTPUT 1 "INC_D";
    .port_info 12 /OUTPUT 1 "LATCH";
    .port_info 13 /OUTPUT 1 "NOE";
    .port_info 14 /OUTPUT 1 "PX_CLK_EN";
P_0x63bc72673030 .param/l "DELAY_ROW" 0 6 24, C4<101>;
P_0x63bc72673070 .param/l "GET_PIXEL" 0 6 20, C4<001>;
P_0x63bc726730b0 .param/l "INC_COL" 0 6 21, C4<010>;
P_0x63bc726730f0 .param/l "INC_ROW" 0 6 25, C4<110>;
P_0x63bc72673130 .param/l "READY_FRAME" 0 6 26, C4<111>;
P_0x63bc72673170 .param/l "ROW_READY" 0 6 22, C4<100>;
P_0x63bc726731b0 .param/l "SEND_ROW" 0 6 23, C4<011>;
P_0x63bc726731f0 .param/l "START" 0 6 19, C4<000>;
v0x63bc72673810_0 .var "INC_C", 0 0;
v0x63bc726738d0_0 .var "INC_D", 0 0;
v0x63bc72673970_0 .var "INC_R", 0 0;
v0x63bc72673a40_0 .var "LATCH", 0 0;
v0x63bc72673ae0_0 .var "NOE", 0 0;
v0x63bc72673bd0_0 .var "PX_CLK_EN", 0 0;
v0x63bc72673c70_0 .var "RST_C", 0 0;
v0x63bc72673d10_0 .var "RST_D", 0 0;
v0x63bc72673de0_0 .var "RST_R", 0 0;
v0x63bc72673eb0_0 .net "ZC", 0 0, L_0x63bc726873e0;  alias, 1 drivers
v0x63bc72673f80_0 .net "ZD", 0 0, v0x63bc72652d70_0;  alias, 1 drivers
v0x63bc72674050_0 .net "ZR", 0 0, L_0x63bc72686ee0;  alias, 1 drivers
v0x63bc72674120_0 .net "clk", 0 0, v0x63bc726754b0_0;  alias, 1 drivers
L_0x7323edc333c0 .functor BUFT 1, C4<1>, C4<0>, C4<0>, C4<0>;
v0x63bc726741c0_0 .net "init", 0 0, L_0x7323edc333c0;  1 drivers
v0x63bc72674260_0 .net "rst", 0 0, v0x63bc72676840_0;  alias, 1 drivers
v0x63bc72674300_0 .var "state", 2 0;
v0x63bc726743a0_0 .var "state_name", 320 1;
E_0x63bc726539f0 .event anyedge, v0x63bc72674300_0;
E_0x63bc726537f0 .event posedge, v0x63bc72670ef0_0;
S_0x63bc72674680 .scope module, "mem0" "memory" 3 55, 7 1 0, S_0x63bc726238c0;
 .timescale -9 -12;
    .port_info 0 /INPUT 1 "clk";
    .port_info 1 /INPUT 11 "address";
    .port_info 2 /INPUT 1 "rd";
    .port_info 3 /OUTPUT 6 "rdata";
v0x63bc72674840 .array "MEM", 2047 0, 5 0;
v0x63bc72674920_0 .net "address", 10 0, L_0x63bc726768e0;  alias, 1 drivers
v0x63bc72674a00_0 .net "clk", 0 0, v0x63bc726754b0_0;  alias, 1 drivers
L_0x7323edc33378 .functor BUFT 1, C4<1>, C4<0>, C4<0>, C4<0>;
v0x63bc72674ad0_0 .net "rd", 0 0, L_0x7323edc33378;  1 drivers
v0x63bc72674b70_0 .var "rdata", 5 0;
    .scope S_0x63bc726720c0;
T_0 ;
    %wait E_0x63bc72653870;
    %load/vec4 v0x63bc72672c30_0;
    %inv;
    %flag_set/vec4 8;
    %jmp/0xz  T_0.0, 8;
    %pushi/vec4 0, 0, 5;
    %assign/vec4 v0x63bc72672b50_0, 0;
    %jmp T_0.1;
T_0.0 ;
    %load/vec4 v0x63bc72672a90_0;
    %flag_set/vec4 8;
    %jmp/0xz  T_0.2, 8;
    %load/vec4 v0x63bc72672b50_0;
    %addi 1, 0, 5;
    %assign/vec4 v0x63bc72672b50_0, 0;
T_0.2 ;
T_0.1 ;
    %jmp T_0;
    .thread T_0;
    .scope S_0x63bc72670820;
T_1 ;
    %wait E_0x63bc72653870;
    %load/vec4 v0x63bc72671150_0;
    %inv;
    %flag_set/vec4 8;
    %jmp/0xz  T_1.0, 8;
    %pushi/vec4 0, 0, 6;
    %assign/vec4 v0x63bc72671070_0, 0;
    %jmp T_1.1;
T_1.0 ;
    %load/vec4 v0x63bc72670fb0_0;
    %flag_set/vec4 8;
    %jmp/0xz  T_1.2, 8;
    %load/vec4 v0x63bc72671070_0;
    %addi 1, 0, 6;
    %assign/vec4 v0x63bc72671070_0, 0;
T_1.2 ;
T_1.1 ;
    %jmp T_1;
    .thread T_1;
    .scope S_0x63bc72671370;
T_2 ;
    %wait E_0x63bc72653870;
    %load/vec4 v0x63bc72671e90_0;
    %inv;
    %flag_set/vec4 8;
    %jmp/0xz  T_2.0, 8;
    %pushi/vec4 0, 0, 11;
    %assign/vec4 v0x63bc72671da0_0, 0;
    %jmp T_2.1;
T_2.0 ;
    %load/vec4 v0x63bc72671d00_0;
    %flag_set/vec4 8;
    %jmp/0xz  T_2.2, 8;
    %load/vec4 v0x63bc72671da0_0;
    %addi 1, 0, 11;
    %assign/vec4 v0x63bc72671da0_0, 0;
T_2.2 ;
T_2.1 ;
    %jmp T_2;
    .thread T_2;
    .scope S_0x63bc726374d0;
T_3 ;
    %wait E_0x63bc72653830;
    %load/vec4 v0x63bc72652a70_0;
    %pad/u 32;
    %cmpi/e 30, 0, 32;
    %jmp/0xz  T_3.0, 4;
    %pushi/vec4 1, 0, 1;
    %store/vec4 v0x63bc72652d70_0, 0, 1;
    %jmp T_3.1;
T_3.0 ;
    %pushi/vec4 0, 0, 1;
    %store/vec4 v0x63bc72652d70_0, 0, 1;
T_3.1 ;
    %jmp T_3;
    .thread T_3, $push;
    .scope S_0x63bc72674680;
T_4 ;
    %vpi_call 7 10 "$readmemh", "./image.hex", v0x63bc72674840 {0 0 0};
    %end;
    .thread T_4;
    .scope S_0x63bc72674680;
T_5 ;
    %wait E_0x63bc72653870;
    %load/vec4 v0x63bc72674ad0_0;
    %flag_set/vec4 8;
    %jmp/0xz  T_5.0, 8;
    %load/vec4 v0x63bc72674920_0;
    %pad/u 13;
    %ix/vec4 4;
    %load/vec4a v0x63bc72674840, 4;
    %assign/vec4 v0x63bc72674b70_0, 0;
T_5.0 ;
    %jmp T_5;
    .thread T_5;
    .scope S_0x63bc72672e50;
T_6 ;
    %wait E_0x63bc726537f0;
    %load/vec4 v0x63bc72674260_0;
    %flag_set/vec4 8;
    %jmp/0xz  T_6.0, 8;
    %pushi/vec4 0, 0, 3;
    %store/vec4 v0x63bc72674300_0, 0, 3;
    %jmp T_6.1;
T_6.0 ;
    %load/vec4 v0x63bc72674300_0;
    %dup/vec4;
    %pushi/vec4 0, 0, 3;
    %cmp/u;
    %jmp/1 T_6.2, 6;
    %dup/vec4;
    %pushi/vec4 1, 0, 3;
    %cmp/u;
    %jmp/1 T_6.3, 6;
    %dup/vec4;
    %pushi/vec4 2, 0, 3;
    %cmp/u;
    %jmp/1 T_6.4, 6;
    %dup/vec4;
    %pushi/vec4 3, 0, 3;
    %cmp/u;
    %jmp/1 T_6.5, 6;
    %dup/vec4;
    %pushi/vec4 5, 0, 3;
    %cmp/u;
    %jmp/1 T_6.6, 6;
    %dup/vec4;
    %pushi/vec4 6, 0, 3;
    %cmp/u;
    %jmp/1 T_6.7, 6;
    %dup/vec4;
    %pushi/vec4 7, 0, 3;
    %cmp/u;
    %jmp/1 T_6.8, 6;
    %pushi/vec4 0, 0, 3;
    %store/vec4 v0x63bc72674300_0, 0, 3;
    %jmp T_6.10;
T_6.2 ;
    %load/vec4 v0x63bc726741c0_0;
    %flag_set/vec4 8;
    %jmp/0xz  T_6.11, 8;
    %pushi/vec4 1, 0, 3;
    %store/vec4 v0x63bc72674300_0, 0, 3;
    %jmp T_6.12;
T_6.11 ;
    %pushi/vec4 0, 0, 3;
    %store/vec4 v0x63bc72674300_0, 0, 3;
T_6.12 ;
    %jmp T_6.10;
T_6.3 ;
    %pushi/vec4 2, 0, 3;
    %store/vec4 v0x63bc72674300_0, 0, 3;
    %jmp T_6.10;
T_6.4 ;
    %load/vec4 v0x63bc72673eb0_0;
    %flag_set/vec4 8;
    %jmp/0xz  T_6.13, 8;
    %pushi/vec4 3, 0, 3;
    %store/vec4 v0x63bc72674300_0, 0, 3;
    %jmp T_6.14;
T_6.13 ;
    %pushi/vec4 2, 0, 3;
    %store/vec4 v0x63bc72674300_0, 0, 3;
T_6.14 ;
    %jmp T_6.10;
T_6.5 ;
    %pushi/vec4 5, 0, 3;
    %store/vec4 v0x63bc72674300_0, 0, 3;
    %jmp T_6.10;
T_6.6 ;
    %load/vec4 v0x63bc72673f80_0;
    %flag_set/vec4 8;
    %jmp/0xz  T_6.15, 8;
    %pushi/vec4 6, 0, 3;
    %store/vec4 v0x63bc72674300_0, 0, 3;
    %jmp T_6.16;
T_6.15 ;
    %pushi/vec4 5, 0, 3;
    %store/vec4 v0x63bc72674300_0, 0, 3;
T_6.16 ;
    %jmp T_6.10;
T_6.7 ;
    %pushi/vec4 7, 0, 3;
    %store/vec4 v0x63bc72674300_0, 0, 3;
    %jmp T_6.10;
T_6.8 ;
    %load/vec4 v0x63bc72674050_0;
    %flag_set/vec4 8;
    %jmp/0xz  T_6.17, 8;
    %pushi/vec4 0, 0, 3;
    %store/vec4 v0x63bc72674300_0, 0, 3;
    %jmp T_6.18;
T_6.17 ;
    %pushi/vec4 1, 0, 3;
    %store/vec4 v0x63bc72674300_0, 0, 3;
T_6.18 ;
    %jmp T_6.10;
T_6.10 ;
    %pop/vec4 1;
T_6.1 ;
    %jmp T_6;
    .thread T_6;
    .scope S_0x63bc72672e50;
T_7 ;
    %wait E_0x63bc726539f0;
    %load/vec4 v0x63bc72674300_0;
    %dup/vec4;
    %pushi/vec4 0, 0, 3;
    %cmp/u;
    %jmp/1 T_7.0, 6;
    %dup/vec4;
    %pushi/vec4 1, 0, 3;
    %cmp/u;
    %jmp/1 T_7.1, 6;
    %dup/vec4;
    %pushi/vec4 2, 0, 3;
    %cmp/u;
    %jmp/1 T_7.2, 6;
    %dup/vec4;
    %pushi/vec4 3, 0, 3;
    %cmp/u;
    %jmp/1 T_7.3, 6;
    %dup/vec4;
    %pushi/vec4 5, 0, 3;
    %cmp/u;
    %jmp/1 T_7.4, 6;
    %dup/vec4;
    %pushi/vec4 6, 0, 3;
    %cmp/u;
    %jmp/1 T_7.5, 6;
    %dup/vec4;
    %pushi/vec4 7, 0, 3;
    %cmp/u;
    %jmp/1 T_7.6, 6;
    %pushi/vec4 0, 0, 1;
    %store/vec4 v0x63bc72673de0_0, 0, 1;
    %pushi/vec4 0, 0, 1;
    %store/vec4 v0x63bc72673c70_0, 0, 1;
    %pushi/vec4 0, 0, 1;
    %store/vec4 v0x63bc72673d10_0, 0, 1;
    %pushi/vec4 0, 0, 1;
    %store/vec4 v0x63bc72673970_0, 0, 1;
    %pushi/vec4 0, 0, 1;
    %store/vec4 v0x63bc72673810_0, 0, 1;
    %pushi/vec4 0, 0, 1;
    %store/vec4 v0x63bc726738d0_0, 0, 1;
    %pushi/vec4 0, 0, 1;
    %store/vec4 v0x63bc72673a40_0, 0, 1;
    %pushi/vec4 0, 0, 1;
    %store/vec4 v0x63bc72673ae0_0, 0, 1;
    %pushi/vec4 0, 0, 1;
    %store/vec4 v0x63bc72673bd0_0, 0, 1;
    %jmp T_7.8;
T_7.0 ;
    %pushi/vec4 0, 0, 1;
    %store/vec4 v0x63bc72673de0_0, 0, 1;
    %pushi/vec4 0, 0, 1;
    %store/vec4 v0x63bc72673c70_0, 0, 1;
    %pushi/vec4 0, 0, 1;
    %store/vec4 v0x63bc72673d10_0, 0, 1;
    %pushi/vec4 0, 0, 1;
    %store/vec4 v0x63bc72673970_0, 0, 1;
    %pushi/vec4 0, 0, 1;
    %store/vec4 v0x63bc72673810_0, 0, 1;
    %pushi/vec4 0, 0, 1;
    %store/vec4 v0x63bc726738d0_0, 0, 1;
    %pushi/vec4 0, 0, 1;
    %store/vec4 v0x63bc72673a40_0, 0, 1;
    %pushi/vec4 0, 0, 1;
    %store/vec4 v0x63bc72673ae0_0, 0, 1;
    %pushi/vec4 0, 0, 1;
    %store/vec4 v0x63bc72673bd0_0, 0, 1;
    %jmp T_7.8;
T_7.1 ;
    %pushi/vec4 1, 0, 1;
    %store/vec4 v0x63bc72673de0_0, 0, 1;
    %pushi/vec4 1, 0, 1;
    %store/vec4 v0x63bc72673c70_0, 0, 1;
    %pushi/vec4 1, 0, 1;
    %store/vec4 v0x63bc72673d10_0, 0, 1;
    %pushi/vec4 0, 0, 1;
    %store/vec4 v0x63bc72673970_0, 0, 1;
    %pushi/vec4 0, 0, 1;
    %store/vec4 v0x63bc72673810_0, 0, 1;
    %pushi/vec4 0, 0, 1;
    %store/vec4 v0x63bc726738d0_0, 0, 1;
    %pushi/vec4 0, 0, 1;
    %store/vec4 v0x63bc72673a40_0, 0, 1;
    %pushi/vec4 1, 0, 1;
    %store/vec4 v0x63bc72673ae0_0, 0, 1;
    %pushi/vec4 0, 0, 1;
    %store/vec4 v0x63bc72673bd0_0, 0, 1;
    %jmp T_7.8;
T_7.2 ;
    %pushi/vec4 1, 0, 1;
    %store/vec4 v0x63bc72673de0_0, 0, 1;
    %pushi/vec4 1, 0, 1;
    %store/vec4 v0x63bc72673c70_0, 0, 1;
    %pushi/vec4 1, 0, 1;
    %store/vec4 v0x63bc72673d10_0, 0, 1;
    %pushi/vec4 0, 0, 1;
    %store/vec4 v0x63bc72673970_0, 0, 1;
    %pushi/vec4 1, 0, 1;
    %store/vec4 v0x63bc72673810_0, 0, 1;
    %pushi/vec4 0, 0, 1;
    %store/vec4 v0x63bc726738d0_0, 0, 1;
    %pushi/vec4 0, 0, 1;
    %store/vec4 v0x63bc72673a40_0, 0, 1;
    %pushi/vec4 1, 0, 1;
    %store/vec4 v0x63bc72673ae0_0, 0, 1;
    %pushi/vec4 1, 0, 1;
    %store/vec4 v0x63bc72673bd0_0, 0, 1;
    %jmp T_7.8;
T_7.3 ;
    %pushi/vec4 1, 0, 1;
    %store/vec4 v0x63bc72673de0_0, 0, 1;
    %pushi/vec4 1, 0, 1;
    %store/vec4 v0x63bc72673c70_0, 0, 1;
    %pushi/vec4 1, 0, 1;
    %store/vec4 v0x63bc72673d10_0, 0, 1;
    %pushi/vec4 0, 0, 1;
    %store/vec4 v0x63bc72673970_0, 0, 1;
    %pushi/vec4 0, 0, 1;
    %store/vec4 v0x63bc72673810_0, 0, 1;
    %pushi/vec4 0, 0, 1;
    %store/vec4 v0x63bc726738d0_0, 0, 1;
    %pushi/vec4 1, 0, 1;
    %store/vec4 v0x63bc72673a40_0, 0, 1;
    %pushi/vec4 0, 0, 1;
    %store/vec4 v0x63bc72673ae0_0, 0, 1;
    %pushi/vec4 0, 0, 1;
    %store/vec4 v0x63bc72673bd0_0, 0, 1;
    %jmp T_7.8;
T_7.4 ;
    %pushi/vec4 1, 0, 1;
    %store/vec4 v0x63bc72673de0_0, 0, 1;
    %pushi/vec4 1, 0, 1;
    %store/vec4 v0x63bc72673c70_0, 0, 1;
    %pushi/vec4 1, 0, 1;
    %store/vec4 v0x63bc72673d10_0, 0, 1;
    %pushi/vec4 0, 0, 1;
    %store/vec4 v0x63bc72673970_0, 0, 1;
    %pushi/vec4 0, 0, 1;
    %store/vec4 v0x63bc72673810_0, 0, 1;
    %pushi/vec4 1, 0, 1;
    %store/vec4 v0x63bc726738d0_0, 0, 1;
    %pushi/vec4 0, 0, 1;
    %store/vec4 v0x63bc72673a40_0, 0, 1;
    %pushi/vec4 0, 0, 1;
    %store/vec4 v0x63bc72673ae0_0, 0, 1;
    %pushi/vec4 0, 0, 1;
    %store/vec4 v0x63bc72673bd0_0, 0, 1;
    %jmp T_7.8;
T_7.5 ;
    %pushi/vec4 1, 0, 1;
    %store/vec4 v0x63bc72673de0_0, 0, 1;
    %pushi/vec4 0, 0, 1;
    %store/vec4 v0x63bc72673c70_0, 0, 1;
    %pushi/vec4 0, 0, 1;
    %store/vec4 v0x63bc72673d10_0, 0, 1;
    %pushi/vec4 1, 0, 1;
    %store/vec4 v0x63bc72673970_0, 0, 1;
    %pushi/vec4 0, 0, 1;
    %store/vec4 v0x63bc72673810_0, 0, 1;
    %pushi/vec4 0, 0, 1;
    %store/vec4 v0x63bc726738d0_0, 0, 1;
    %pushi/vec4 0, 0, 1;
    %store/vec4 v0x63bc72673a40_0, 0, 1;
    %pushi/vec4 1, 0, 1;
    %store/vec4 v0x63bc72673ae0_0, 0, 1;
    %pushi/vec4 0, 0, 1;
    %store/vec4 v0x63bc72673bd0_0, 0, 1;
    %jmp T_7.8;
T_7.6 ;
    %pushi/vec4 1, 0, 1;
    %store/vec4 v0x63bc72673de0_0, 0, 1;
    %pushi/vec4 1, 0, 1;
    %store/vec4 v0x63bc72673c70_0, 0, 1;
    %pushi/vec4 1, 0, 1;
    %store/vec4 v0x63bc72673d10_0, 0, 1;
    %pushi/vec4 0, 0, 1;
    %store/vec4 v0x63bc72673970_0, 0, 1;
    %pushi/vec4 0, 0, 1;
    %store/vec4 v0x63bc72673810_0, 0, 1;
    %pushi/vec4 0, 0, 1;
    %store/vec4 v0x63bc726738d0_0, 0, 1;
    %pushi/vec4 0, 0, 1;
    %store/vec4 v0x63bc72673a40_0, 0, 1;
    %pushi/vec4 1, 0, 1;
    %store/vec4 v0x63bc72673ae0_0, 0, 1;
    %pushi/vec4 0, 0, 1;
    %store/vec4 v0x63bc72673bd0_0, 0, 1;
    %jmp T_7.8;
T_7.8 ;
    %pop/vec4 1;
    %jmp T_7;
    .thread T_7, $push;
    .scope S_0x63bc72672e50;
T_8 ;
    %wait E_0x63bc726539f0;
    %load/vec4 v0x63bc72674300_0;
    %dup/vec4;
    %pushi/vec4 0, 0, 3;
    %cmp/u;
    %jmp/1 T_8.0, 6;
    %dup/vec4;
    %pushi/vec4 1, 0, 3;
    %cmp/u;
    %jmp/1 T_8.1, 6;
    %dup/vec4;
    %pushi/vec4 2, 0, 3;
    %cmp/u;
    %jmp/1 T_8.2, 6;
    %dup/vec4;
    %pushi/vec4 4, 0, 3;
    %cmp/u;
    %jmp/1 T_8.3, 6;
    %dup/vec4;
    %pushi/vec4 3, 0, 3;
    %cmp/u;
    %jmp/1 T_8.4, 6;
    %dup/vec4;
    %pushi/vec4 5, 0, 3;
    %cmp/u;
    %jmp/1 T_8.5, 6;
    %dup/vec4;
    %pushi/vec4 6, 0, 3;
    %cmp/u;
    %jmp/1 T_8.6, 6;
    %dup/vec4;
    %pushi/vec4 7, 0, 3;
    %cmp/u;
    %jmp/1 T_8.7, 6;
    %jmp T_8.8;
T_8.0 ;
    %pushi/vec4 0, 0, 32; draw_string_vec4
    %pushi/vec4 0, 0, 32; draw_string_vec4
    %concat/vec4; draw_string_vec4
    %pushi/vec4 0, 0, 32; draw_string_vec4
    %concat/vec4; draw_string_vec4
    %pushi/vec4 0, 0, 32; draw_string_vec4
    %concat/vec4; draw_string_vec4
    %pushi/vec4 0, 0, 32; draw_string_vec4
    %concat/vec4; draw_string_vec4
    %pushi/vec4 0, 0, 32; draw_string_vec4
    %concat/vec4; draw_string_vec4
    %pushi/vec4 0, 0, 32; draw_string_vec4
    %concat/vec4; draw_string_vec4
    %pushi/vec4 0, 0, 32; draw_string_vec4
    %concat/vec4; draw_string_vec4
    %pushi/vec4 83, 0, 32; draw_string_vec4
    %concat/vec4; draw_string_vec4
    %pushi/vec4 1413567060, 0, 32; draw_string_vec4
    %concat/vec4; draw_string_vec4
    %store/vec4 v0x63bc726743a0_0, 0, 320;
    %jmp T_8.8;
T_8.1 ;
    %pushi/vec4 0, 0, 32; draw_string_vec4
    %pushi/vec4 0, 0, 32; draw_string_vec4
    %concat/vec4; draw_string_vec4
    %pushi/vec4 0, 0, 32; draw_string_vec4
    %concat/vec4; draw_string_vec4
    %pushi/vec4 0, 0, 32; draw_string_vec4
    %concat/vec4; draw_string_vec4
    %pushi/vec4 0, 0, 32; draw_string_vec4
    %concat/vec4; draw_string_vec4
    %pushi/vec4 0, 0, 32; draw_string_vec4
    %concat/vec4; draw_string_vec4
    %pushi/vec4 0, 0, 32; draw_string_vec4
    %concat/vec4; draw_string_vec4
    %pushi/vec4 71, 0, 32; draw_string_vec4
    %concat/vec4; draw_string_vec4
    %pushi/vec4 1163157328, 0, 32; draw_string_vec4
    %concat/vec4; draw_string_vec4
    %pushi/vec4 1230521676, 0, 32; draw_string_vec4
    %concat/vec4; draw_string_vec4
    %store/vec4 v0x63bc726743a0_0, 0, 320;
    %jmp T_8.8;
T_8.2 ;
    %pushi/vec4 0, 0, 32; draw_string_vec4
    %pushi/vec4 0, 0, 32; draw_string_vec4
    %concat/vec4; draw_string_vec4
    %pushi/vec4 0, 0, 32; draw_string_vec4
    %concat/vec4; draw_string_vec4
    %pushi/vec4 0, 0, 32; draw_string_vec4
    %concat/vec4; draw_string_vec4
    %pushi/vec4 0, 0, 32; draw_string_vec4
    %concat/vec4; draw_string_vec4
    %pushi/vec4 0, 0, 32; draw_string_vec4
    %concat/vec4; draw_string_vec4
    %pushi/vec4 0, 0, 32; draw_string_vec4
    %concat/vec4; draw_string_vec4
    %pushi/vec4 0, 0, 32; draw_string_vec4
    %concat/vec4; draw_string_vec4
    %pushi/vec4 4804163, 0, 32; draw_string_vec4
    %concat/vec4; draw_string_vec4
    %pushi/vec4 1598246732, 0, 32; draw_string_vec4
    %concat/vec4; draw_string_vec4
    %store/vec4 v0x63bc726743a0_0, 0, 320;
    %jmp T_8.8;
T_8.3 ;
    %pushi/vec4 0, 0, 32; draw_string_vec4
    %pushi/vec4 0, 0, 32; draw_string_vec4
    %concat/vec4; draw_string_vec4
    %pushi/vec4 0, 0, 32; draw_string_vec4
    %concat/vec4; draw_string_vec4
    %pushi/vec4 0, 0, 32; draw_string_vec4
    %concat/vec4; draw_string_vec4
    %pushi/vec4 0, 0, 32; draw_string_vec4
    %concat/vec4; draw_string_vec4
    %pushi/vec4 0, 0, 32; draw_string_vec4
    %concat/vec4; draw_string_vec4
    %pushi/vec4 0, 0, 32; draw_string_vec4
    %concat/vec4; draw_string_vec4
    %pushi/vec4 82, 0, 32; draw_string_vec4
    %concat/vec4; draw_string_vec4
    %pushi/vec4 1331126098, 0, 32; draw_string_vec4
    %concat/vec4; draw_string_vec4
    %pushi/vec4 1161905241, 0, 32; draw_string_vec4
    %concat/vec4; draw_string_vec4
    %store/vec4 v0x63bc726743a0_0, 0, 320;
    %jmp T_8.8;
T_8.4 ;
    %pushi/vec4 0, 0, 32; draw_string_vec4
    %pushi/vec4 0, 0, 32; draw_string_vec4
    %concat/vec4; draw_string_vec4
    %pushi/vec4 0, 0, 32; draw_string_vec4
    %concat/vec4; draw_string_vec4
    %pushi/vec4 0, 0, 32; draw_string_vec4
    %concat/vec4; draw_string_vec4
    %pushi/vec4 0, 0, 32; draw_string_vec4
    %concat/vec4; draw_string_vec4
    %pushi/vec4 0, 0, 32; draw_string_vec4
    %concat/vec4; draw_string_vec4
    %pushi/vec4 0, 0, 32; draw_string_vec4
    %concat/vec4; draw_string_vec4
    %pushi/vec4 0, 0, 32; draw_string_vec4
    %concat/vec4; draw_string_vec4
    %pushi/vec4 1397050948, 0, 32; draw_string_vec4
    %concat/vec4; draw_string_vec4
    %pushi/vec4 1599229783, 0, 32; draw_string_vec4
    %concat/vec4; draw_string_vec4
    %store/vec4 v0x63bc726743a0_0, 0, 320;
    %jmp T_8.8;
T_8.5 ;
    %pushi/vec4 0, 0, 32; draw_string_vec4
    %pushi/vec4 0, 0, 32; draw_string_vec4
    %concat/vec4; draw_string_vec4
    %pushi/vec4 0, 0, 32; draw_string_vec4
    %concat/vec4; draw_string_vec4
    %pushi/vec4 0, 0, 32; draw_string_vec4
    %concat/vec4; draw_string_vec4
    %pushi/vec4 0, 0, 32; draw_string_vec4
    %concat/vec4; draw_string_vec4
    %pushi/vec4 0, 0, 32; draw_string_vec4
    %concat/vec4; draw_string_vec4
    %pushi/vec4 0, 0, 32; draw_string_vec4
    %concat/vec4; draw_string_vec4
    %pushi/vec4 68, 0, 32; draw_string_vec4
    %concat/vec4; draw_string_vec4
    %pushi/vec4 1162625369, 0, 32; draw_string_vec4
    %concat/vec4; draw_string_vec4
    %pushi/vec4 1599229783, 0, 32; draw_string_vec4
    %concat/vec4; draw_string_vec4
    %store/vec4 v0x63bc726743a0_0, 0, 320;
    %jmp T_8.8;
T_8.6 ;
    %pushi/vec4 0, 0, 32; draw_string_vec4
    %pushi/vec4 0, 0, 32; draw_string_vec4
    %concat/vec4; draw_string_vec4
    %pushi/vec4 0, 0, 32; draw_string_vec4
    %concat/vec4; draw_string_vec4
    %pushi/vec4 0, 0, 32; draw_string_vec4
    %concat/vec4; draw_string_vec4
    %pushi/vec4 0, 0, 32; draw_string_vec4
    %concat/vec4; draw_string_vec4
    %pushi/vec4 0, 0, 32; draw_string_vec4
    %concat/vec4; draw_string_vec4
    %pushi/vec4 0, 0, 32; draw_string_vec4
    %concat/vec4; draw_string_vec4
    %pushi/vec4 0, 0, 32; draw_string_vec4
    %concat/vec4; draw_string_vec4
    %pushi/vec4 4804163, 0, 32; draw_string_vec4
    %concat/vec4; draw_string_vec4
    %pushi/vec4 1599229783, 0, 32; draw_string_vec4
    %concat/vec4; draw_string_vec4
    %store/vec4 v0x63bc726743a0_0, 0, 320;
    %jmp T_8.8;
T_8.7 ;
    %pushi/vec4 0, 0, 32; draw_string_vec4
    %pushi/vec4 0, 0, 32; draw_string_vec4
    %concat/vec4; draw_string_vec4
    %pushi/vec4 0, 0, 32; draw_string_vec4
    %concat/vec4; draw_string_vec4
    %pushi/vec4 0, 0, 32; draw_string_vec4
    %concat/vec4; draw_string_vec4
    %pushi/vec4 0, 0, 32; draw_string_vec4
    %concat/vec4; draw_string_vec4
    %pushi/vec4 0, 0, 32; draw_string_vec4
    %concat/vec4; draw_string_vec4
    %pushi/vec4 0, 0, 32; draw_string_vec4
    %concat/vec4; draw_string_vec4
    %pushi/vec4 5391681, 0, 32; draw_string_vec4
    %concat/vec4; draw_string_vec4
    %pushi/vec4 1146707782, 0, 32; draw_string_vec4
    %concat/vec4; draw_string_vec4
    %pushi/vec4 1380011333, 0, 32; draw_string_vec4
    %concat/vec4; draw_string_vec4
    %store/vec4 v0x63bc726743a0_0, 0, 320;
    %jmp T_8.8;
T_8.8 ;
    %pop/vec4 1;
    %jmp T_8;
    .thread T_8, $push;
    .scope S_0x63bc726238c0;
T_9 ;
    %wait E_0x63bc72643c50;
    %load/vec4 v0x63bc726757b0_0;
    %flag_set/vec4 8;
    %jmp/0xz  T_9.0, 8;
    %pushi/vec4 0, 0, 5;
    %assign/vec4 v0x63bc72675550_0, 0;
    %pushi/vec4 0, 0, 1;
    %assign/vec4 v0x63bc726754b0_0, 0;
    %jmp T_9.1;
T_9.0 ;
    %load/vec4 v0x63bc72675550_0;
    %pad/u 32;
    %cmpi/e 4, 0, 32;
    %jmp/0xz  T_9.2, 4;
    %load/vec4 v0x63bc726754b0_0;
    %inv;
    %assign/vec4 v0x63bc726754b0_0, 0;
    %pushi/vec4 0, 0, 5;
    %assign/vec4 v0x63bc72675550_0, 0;
    %jmp T_9.3;
T_9.2 ;
    %load/vec4 v0x63bc72675550_0;
    %addi 1, 0, 5;
    %assign/vec4 v0x63bc72675550_0, 0;
T_9.3 ;
T_9.1 ;
    %jmp T_9;
    .thread T_9;
    .scope S_0x63bc72621570;
T_10 ;
    %pushi/vec4 0, 0, 1;
    %store/vec4 v0x63bc72676660_0, 0, 1;
    %pushi/vec4 0, 0, 1;
    %store/vec4 v0x63bc72676840_0, 0, 1;
    %pushi/vec4 0, 0, 1;
    %store/vec4 v0x63bc726767a0_0, 0, 1;
    %end;
    .thread T_10;
    .scope S_0x63bc72621570;
T_11 ;
    %pushi/vec4 0, 0, 1;
    %assign/vec4 v0x63bc72676660_0, 0;
    %end;
    .thread T_11;
    .scope S_0x63bc72621570;
T_12 ;
    %delay 10000, 0;
    %load/vec4 v0x63bc72676660_0;
    %inv;
    %assign/vec4 v0x63bc72676660_0, 0;
    %jmp T_12;
    .thread T_12;
    .scope S_0x63bc72621570;
T_13 ;
    %wait E_0x63bc72643c50;
    %pushi/vec4 1, 0, 1;
    %store/vec4 v0x63bc72676840_0, 0, 1;
    %wait E_0x63bc72643c50;
    %pushi/vec4 0, 0, 1;
    %store/vec4 v0x63bc72676840_0, 0, 1;
    %delay 80000, 0;
    %pushi/vec4 1, 0, 1;
    %store/vec4 v0x63bc726767a0_0, 0, 1;
    %end;
    .thread T_13;
    .scope S_0x63bc72621570;
T_14 ;
    %fork t_1, S_0x63bc72621750;
    %jmp t_0;
    .scope S_0x63bc72621750;
t_1 ;
    %vpi_call 2 49 "$dumpfile", "led_panel_8_TB.vcd" {0 0 0};
    %vpi_call 2 50 "$dumpvars", 32'sb11111111111111111111111111111111, S_0x63bc72621570 {0 0 0};
    %pushi/vec4 0, 0, 32;
    %store/vec4 v0x63bc72676700_0, 0, 32;
T_14.0 ;
    %load/vec4 v0x63bc72676700_0;
    %cmpi/s 100, 0, 32;
    %jmp/0xz T_14.1, 5;
    %vpi_call 2 51 "$dumpvars", 32'sb00000000000000000000000000000000, &A<v0x63bc72674840, v0x63bc72676700_0 > {0 0 0};
    %load/vec4 v0x63bc72676700_0;
    %addi 1, 0, 32;
    %store/vec4 v0x63bc72676700_0, 0, 32;
    %jmp T_14.0;
T_14.1 ;
    %delay 2000000000, 0;
    %vpi_call 2 52 "$finish" {0 0 0};
    %end;
    .scope S_0x63bc72621570;
t_0 %join;
    %end;
    .thread T_14;
# The file index is used to find the file name in the following table.
:file_names 8;
    "N/A";
    "<interactive>";
    "led_panel_8_TB.v";
    "led_panel_8.v";
    "comp.v";
    "count.v";
    "ctrl_lp8.v";
    "memory.v";
