
firmware.elf:     file format elf32-littleriscv

Sections:
Idx Name          Size      VMA       LMA       File off  Algn
  0 everything    000006ae  00000000  00000000  00000054  2**2
                  CONTENTS, ALLOC, LOAD, CODE

Disassembly of section everything:

00000000 <calculator>:
   0:	00002137          	lui	sp,0x2
   4:	00002137          	lui	sp,0x2
   8:	09800513          	li	a0,152
   c:	654000ef          	jal	ra,660 <putstring>
  10:	0c8000ef          	jal	ra,d8 <get_number>
  14:	224000ef          	jal	ra,238 <bcd2bin>
  18:	00050333          	add	t1,a0,zero
  1c:	0a300513          	li	a0,163
  20:	640000ef          	jal	ra,660 <putstring>
  24:	5e4000ef          	jal	ra,608 <getchar>
  28:	000503b3          	add	t2,a0,zero
  2c:	05e00e93          	li	t4,94
  30:	05d38c63          	beq	t2,t4,88 <OP3>
  34:	56c000ef          	jal	ra,5a0 <putchar>
  38:	09800513          	li	a0,152
  3c:	624000ef          	jal	ra,660 <putstring>
  40:	098000ef          	jal	ra,d8 <get_number>
  44:	1f4000ef          	jal	ra,238 <bcd2bin>
  48:	00050e33          	add	t3,a0,zero
  4c:	02a00e93          	li	t4,42
  50:	01d39a63          	bne	t2,t4,64 <OP1>
  54:	00030533          	add	a0,t1,zero
  58:	000e05b3          	add	a1,t3,zero
  5c:	3c4000ef          	jal	ra,420 <mult>
  60:	0300006f          	j	90 <print_result>

00000064 <OP1>:
  64:	02f00e93          	li	t4,47
  68:	01d39a63          	bne	t2,t4,7c <OP2>
  6c:	00030533          	add	a0,t1,zero
  70:	000e05b3          	add	a1,t3,zero
  74:	440000ef          	jal	ra,4b4 <div>
  78:	0180006f          	j	90 <print_result>

0000007c <OP2>:
  7c:	02b00e93          	li	t4,43
  80:	01c30533          	add	a0,t1,t3
  84:	00c0006f          	j	90 <print_result>

00000088 <OP3>:
  88:	00030533          	add	a0,t1,zero
  8c:	33c000ef          	jal	ra,3c8 <sqrt>

00000090 <print_result>:
  90:	0e4000ef          	jal	ra,174 <bin2bcd>
  94:	f6dff06f          	j	0 <calculator>

00000098 <number>:
  98:	0d0a                	slli	s10,s10,0x2
  9a:	754e                	flw	fa0,240(sp)
  9c:	626d                	lui	tp,0x1b
  9e:	7265                	lui	tp,0xffff9
  a0:	203a                	fld	ft0,392(sp)
	...

000000a3 <operator>:
  a3:	0d0a                	slli	s10,s10,0x2
  a5:	7265704f          	fnmadd.d	ft0,fa0,ft6,fa4
  a9:	7461                	lui	s0,0xffff8
  ab:	0020726f          	jal	tp,70ad <putstring+0x6a4d>

000000af <result>:
  af:	0d0a                	slli	s10,s10,0x2
  b1:	6552                	flw	fa0,20(sp)
  b3:	746c7573          	csrrci	a0,0x746,24
  b7:	3d20                	fld	fs0,120(a0)
  b9:	0020                	addi	s0,sp,8
  bb:	1941                	addi	s2,s2,-16
  bd:	0000                	unimp
  bf:	7200                	flw	fs0,32(a2)
  c1:	7369                	lui	t1,0xffffa
  c3:	01007663          	bgeu	zero,a6,cf <result+0x20>
  c7:	0000000f          	fence	unknown,unknown
  cb:	7205                	lui	tp,0xfffe1
  cd:	3376                	fld	ft6,376(sp)
  cf:	6932                	flw	fs2,12(sp)
  d1:	7032                	flw	ft0,44(sp)
  d3:	0030                	addi	a2,sp,8
  d5:	0000                	unimp
	...

000000d8 <get_number>:
  d8:	ff010113          	addi	sp,sp,-16 # 1ff0 <putstring+0x1990>
  dc:	00112623          	sw	ra,12(sp)
  e0:	00812423          	sw	s0,8(sp)
  e4:	00512223          	sw	t0,4(sp)
  e8:	00612023          	sw	t1,0(sp)
  ec:	00000413          	li	s0,0

000000f0 <get_number_loop>:
  f0:	518000ef          	jal	ra,608 <getchar>
  f4:	00050fb3          	add	t6,a0,zero
  f8:	4a8000ef          	jal	ra,5a0 <putchar>
  fc:	000f8533          	add	a0,t6,zero
 100:	00a00293          	li	t0,10
 104:	02550c63          	beq	a0,t0,13c <get_number_done>
 108:	00d00293          	li	t0,13
 10c:	02550863          	beq	a0,t0,13c <get_number_done>
 110:	02000293          	li	t0,32
 114:	02550463          	beq	a0,t0,13c <get_number_done>
 118:	03000293          	li	t0,48
 11c:	fc554ae3          	blt	a0,t0,f0 <get_number_loop>
 120:	03900293          	li	t0,57
 124:	fca2c6e3          	blt	t0,a0,f0 <get_number_loop>
 128:	00f57513          	andi	a0,a0,15
 12c:	00040333          	add	t1,s0,zero
 130:	00441413          	slli	s0,s0,0x4
 134:	00a46433          	or	s0,s0,a0
 138:	fb9ff06f          	j	f0 <get_number_loop>

0000013c <get_number_done>:
 13c:	00040533          	add	a0,s0,zero
 140:	00012303          	lw	t1,0(sp)
 144:	00412283          	lw	t0,4(sp)
 148:	00812403          	lw	s0,8(sp)
 14c:	00c12083          	lw	ra,12(sp)
 150:	01010113          	addi	sp,sp,16
 154:	00008067          	ret
 158:	1941                	addi	s2,s2,-16
 15a:	0000                	unimp
 15c:	7200                	flw	fs0,32(a2)
 15e:	7369                	lui	t1,0xffffa
 160:	01007663          	bgeu	zero,a6,16c <get_number_done+0x30>
 164:	0000000f          	fence	unknown,unknown
 168:	7205                	lui	tp,0xfffe1
 16a:	3376                	fld	ft6,376(sp)
 16c:	6932                	flw	fs2,12(sp)
 16e:	7032                	flw	ft0,44(sp)
 170:	0030                	addi	a2,sp,8
	...

00000174 <bin2bcd>:
 174:	ff010113          	addi	sp,sp,-16
 178:	00112623          	sw	ra,12(sp)
 17c:	00512423          	sw	t0,8(sp)
 180:	00612223          	sw	t1,4(sp)
 184:	01c12023          	sw	t3,0(sp)
 188:	004401b7          	lui	gp,0x440
 18c:	00a1a223          	sw	a0,4(gp) # 440004 <BIN2BCD_BASE+0x4>
 190:	00100513          	li	a0,1
 194:	00a1a623          	sw	a0,12(gp)
 198:	0001a623          	sw	zero,12(gp)
 19c:	00100293          	li	t0,1
 1a0:	0141a303          	lw	t1,20(gp)
 1a4:	00537333          	and	t1,t1,t0
 1a8:	fe030ae3          	beqz	t1,19c <bin2bcd+0x28>
 1ac:	0101a503          	lw	a0,16(gp)
 1b0:	000505b3          	add	a1,a0,zero
 1b4:	00a00513          	li	a0,10
 1b8:	3e8000ef          	jal	ra,5a0 <putchar>
 1bc:	00d00513          	li	a0,13
 1c0:	3e0000ef          	jal	ra,5a0 <putchar>
 1c4:	00058533          	add	a0,a1,zero
 1c8:	01000e13          	li	t3,16
 1cc:	000582b3          	add	t0,a1,zero
 1d0:	0102d293          	srli	t0,t0,0x10
 1d4:	00f2f293          	andi	t0,t0,15
 1d8:	03028293          	addi	t0,t0,48
 1dc:	00028533          	add	a0,t0,zero
 1e0:	3c0000ef          	jal	ra,5a0 <putchar>
 1e4:	00459593          	slli	a1,a1,0x4
 1e8:	001e5e13          	srli	t3,t3,0x1
 1ec:	000e0463          	beqz	t3,1f4 <.PC0>
 1f0:	fddff06f          	j	1cc <bin2bcd+0x58>

000001f4 <.PC0>:
 1f4:	00a00513          	li	a0,10
 1f8:	3a8000ef          	jal	ra,5a0 <putchar>
 1fc:	00d00513          	li	a0,13
 200:	3a0000ef          	jal	ra,5a0 <putchar>
 204:	00012e03          	lw	t3,0(sp)
 208:	00412303          	lw	t1,4(sp)
 20c:	00812283          	lw	t0,8(sp)
 210:	00c12083          	lw	ra,12(sp)
 214:	01010113          	addi	sp,sp,16
 218:	00008067          	ret
 21c:	1941                	addi	s2,s2,-16
 21e:	0000                	unimp
 220:	7200                	flw	fs0,32(a2)
 222:	7369                	lui	t1,0xffffa
 224:	01007663          	bgeu	zero,a6,230 <.PC0+0x3c>
 228:	0000000f          	fence	unknown,unknown
 22c:	7205                	lui	tp,0xfffe1
 22e:	3376                	fld	ft6,376(sp)
 230:	6932                	flw	fs2,12(sp)
 232:	7032                	flw	ft0,44(sp)
 234:	0030                	addi	a2,sp,8
	...

00000238 <bcd2bin>:
 238:	ff410113          	addi	sp,sp,-12
 23c:	00112423          	sw	ra,8(sp)
 240:	00512223          	sw	t0,4(sp)
 244:	00612023          	sw	t1,0(sp)
 248:	004601b7          	lui	gp,0x460
 24c:	00a1a223          	sw	a0,4(gp) # 460004 <BCD2BIN_BASE+0x4>
 250:	00100513          	li	a0,1
 254:	00a1a623          	sw	a0,12(gp)
 258:	0001a623          	sw	zero,12(gp)
 25c:	00100293          	li	t0,1
 260:	0141a303          	lw	t1,20(gp)
 264:	00537333          	and	t1,t1,t0
 268:	fe030ae3          	beqz	t1,25c <bcd2bin+0x24>
 26c:	0101a503          	lw	a0,16(gp)
 270:	00012303          	lw	t1,0(sp)
 274:	00412283          	lw	t0,4(sp)
 278:	00812083          	lw	ra,8(sp)
 27c:	00c10113          	addi	sp,sp,12
 280:	00008067          	ret
 284:	1941                	addi	s2,s2,-16
 286:	0000                	unimp
 288:	7200                	flw	fs0,32(a2)
 28a:	7369                	lui	t1,0xffffa
 28c:	01007663          	bgeu	zero,a6,298 <bcd2bin+0x60>
 290:	0000000f          	fence	unknown,unknown
 294:	7205                	lui	tp,0xfffe1
 296:	3376                	fld	ft6,376(sp)
 298:	6932                	flw	fs2,12(sp)
 29a:	7032                	flw	ft0,44(sp)
 29c:	0030                	addi	a2,sp,8
	...

000002a0 <bin_to_bcd>:
 2a0:	fe410113          	addi	sp,sp,-28
 2a4:	00512023          	sw	t0,0(sp)
 2a8:	00612223          	sw	t1,4(sp)
 2ac:	00712423          	sw	t2,8(sp)
 2b0:	01c12623          	sw	t3,12(sp)
 2b4:	01e12823          	sw	t5,16(sp)
 2b8:	01f12a23          	sw	t6,20(sp)
 2bc:	00112c23          	sw	ra,24(sp)
 2c0:	00000593          	li	a1,0
 2c4:	00100f93          	li	t6,1
 2c8:	00ff9f93          	slli	t6,t6,0xf
 2cc:	00159593          	slli	a1,a1,0x1
 2d0:	00300313          	li	t1,3
 2d4:	00500393          	li	t2,5
 2d8:	00f00e13          	li	t3,15
 2dc:	00100293          	li	t0,1
 2e0:	00f29293          	slli	t0,t0,0xf
 2e4:	00a2f2b3          	and	t0,t0,a0
 2e8:	00028463          	beqz	t0,2f0 <bin_to_bcd+0x50>
 2ec:	00158593          	addi	a1,a1,1
 2f0:	00151513          	slli	a0,a0,0x1
 2f4:	001fdf93          	srli	t6,t6,0x1
 2f8:	040f8263          	beqz	t6,33c <bin_to_bcd+0x9c>
 2fc:	01c5f2b3          	and	t0,a1,t3
 300:	0072d463          	bge	t0,t2,308 <bin_to_bcd+0x68>
 304:	0240006f          	j	328 <bin_to_bcd+0x88>
 308:	006282b3          	add	t0,t0,t1
 30c:	01c2f2b3          	and	t0,t0,t3
 310:	00000f13          	li	t5,0
 314:	ffff0f13          	addi	t5,t5,-1
 318:	01ee4f33          	xor	t5,t3,t5
 31c:	01e2e2b3          	or	t0,t0,t5
 320:	01c5e5b3          	or	a1,a1,t3
 324:	0055f5b3          	and	a1,a1,t0
 328:	00431313          	slli	t1,t1,0x4
 32c:	00439393          	slli	t2,t2,0x4
 330:	004e1e13          	slli	t3,t3,0x4
 334:	f80e0ce3          	beqz	t3,2cc <bin_to_bcd+0x2c>
 338:	fc5ff06f          	j	2fc <bin_to_bcd+0x5c>
 33c:	00a00513          	li	a0,10
 340:	260000ef          	jal	ra,5a0 <putchar>
 344:	00d00513          	li	a0,13
 348:	258000ef          	jal	ra,5a0 <putchar>
 34c:	00800e13          	li	t3,8
 350:	00058293          	mv	t0,a1
 354:	00c2d293          	srli	t0,t0,0xc
 358:	00f2f293          	andi	t0,t0,15
 35c:	03028293          	addi	t0,t0,48
 360:	00028513          	mv	a0,t0
 364:	23c000ef          	jal	ra,5a0 <putchar>
 368:	00459593          	slli	a1,a1,0x4
 36c:	001e5e13          	srli	t3,t3,0x1
 370:	000e0463          	beqz	t3,378 <.PC0>
 374:	fddff06f          	j	350 <bin_to_bcd+0xb0>

00000378 <.PC0>:
 378:	00a00513          	li	a0,10
 37c:	224000ef          	jal	ra,5a0 <putchar>
 380:	00d00513          	li	a0,13
 384:	21c000ef          	jal	ra,5a0 <putchar>
 388:	00012283          	lw	t0,0(sp)
 38c:	00412303          	lw	t1,4(sp)
 390:	00812383          	lw	t2,8(sp)
 394:	00c12e03          	lw	t3,12(sp)
 398:	01012f03          	lw	t5,16(sp)
 39c:	01412f83          	lw	t6,20(sp)
 3a0:	01812083          	lw	ra,24(sp)
 3a4:	01c10113          	addi	sp,sp,28
 3a8:	00008067          	ret
 3ac:	1941                	addi	s2,s2,-16
 3ae:	0000                	unimp
 3b0:	7200                	flw	fs0,32(a2)
 3b2:	7369                	lui	t1,0xffffa
 3b4:	01007663          	bgeu	zero,a6,3c0 <.PC0+0x48>
 3b8:	0000000f          	fence	unknown,unknown
 3bc:	7205                	lui	tp,0xfffe1
 3be:	3376                	fld	ft6,376(sp)
 3c0:	6932                	flw	fs2,12(sp)
 3c2:	7032                	flw	ft0,44(sp)
 3c4:	0030                	addi	a2,sp,8
	...

000003c8 <sqrt>:
 3c8:	ffc10113          	addi	sp,sp,-4
 3cc:	00112023          	sw	ra,0(sp)
 3d0:	004101b7          	lui	gp,0x410
 3d4:	00a1a223          	sw	a0,4(gp) # 410004 <SQRT_BASE+0x4>
 3d8:	00100513          	li	a0,1
 3dc:	00a1a623          	sw	a0,12(gp)
 3e0:	0001a623          	sw	zero,12(gp)
 3e4:	00100293          	li	t0,1
 3e8:	0141a303          	lw	t1,20(gp)
 3ec:	00537333          	and	t1,t1,t0
 3f0:	fe030ae3          	beqz	t1,3e4 <sqrt+0x1c>
 3f4:	0101a503          	lw	a0,16(gp)
 3f8:	00012083          	lw	ra,0(sp)
 3fc:	00410113          	addi	sp,sp,4
 400:	00008067          	ret
 404:	1941                	addi	s2,s2,-16
 406:	0000                	unimp
 408:	7200                	flw	fs0,32(a2)
 40a:	7369                	lui	t1,0xffffa
 40c:	01007663          	bgeu	zero,a6,418 <sqrt+0x50>
 410:	0000000f          	fence	unknown,unknown
 414:	7205                	lui	tp,0xfffe1
 416:	3376                	fld	ft6,376(sp)
 418:	6932                	flw	fs2,12(sp)
 41a:	7032                	flw	ft0,44(sp)
 41c:	0030                	addi	a2,sp,8
	...

00000420 <mult>:
 420:	ff410113          	addi	sp,sp,-12
 424:	00d12023          	sw	a3,0(sp)
 428:	00e12223          	sw	a4,4(sp)
 42c:	00f12423          	sw	a5,8(sp)
 430:	00050733          	add	a4,a0,zero
 434:	000587b3          	add	a5,a1,zero
 438:	00000513          	li	a0,0
 43c:	0017f693          	andi	a3,a5,1
 440:	00068463          	beqz	a3,448 <mult+0x28>
 444:	00e50533          	add	a0,a0,a4
 448:	0017d793          	srli	a5,a5,0x1
 44c:	00171713          	slli	a4,a4,0x1
 450:	fe0796e3          	bnez	a5,43c <mult+0x1c>
 454:	00012683          	lw	a3,0(sp)
 458:	00412703          	lw	a4,4(sp)
 45c:	00812783          	lw	a5,8(sp)
 460:	00c10113          	addi	sp,sp,12
 464:	00008067          	ret

00000468 <mult_hw>:
 468:	004201b7          	lui	gp,0x420
 46c:	00a1a223          	sw	a0,4(gp) # 420004 <MULT_BASE+0x4>
 470:	00b1a423          	sw	a1,8(gp)
 474:	00100513          	li	a0,1
 478:	00a1a623          	sw	a0,12(gp)
 47c:	0001a623          	sw	zero,12(gp)
 480:	00100293          	li	t0,1
 484:	0141a303          	lw	t1,20(gp)
 488:	00537333          	and	t1,t1,t0
 48c:	fe030ae3          	beqz	t1,480 <mult_hw+0x18>
 490:	0101a503          	lw	a0,16(gp)
 494:	00008067          	ret
 498:	1941                	addi	s2,s2,-16
 49a:	0000                	unimp
 49c:	7200                	flw	fs0,32(a2)
 49e:	7369                	lui	t1,0xffffa
 4a0:	01007663          	bgeu	zero,a6,4ac <mult_hw+0x44>
 4a4:	0000000f          	fence	unknown,unknown
 4a8:	7205                	lui	tp,0xfffe1
 4aa:	3376                	fld	ft6,376(sp)
 4ac:	6932                	flw	fs2,12(sp)
 4ae:	7032                	flw	ft0,44(sp)
 4b0:	0030                	addi	a2,sp,8
	...

000004b4 <div>:
 4b4:	ff810113          	addi	sp,sp,-8
 4b8:	00d12023          	sw	a3,0(sp)
 4bc:	00c120a3          	sw	a2,1(sp)
 4c0:	00058613          	mv	a2,a1
 4c4:	00050593          	mv	a1,a0
 4c8:	fff00513          	li	a0,-1
 4cc:	02060c63          	beqz	a2,504 <div+0x50>
 4d0:	00100693          	li	a3,1
 4d4:	00b67a63          	bgeu	a2,a1,4e8 <div+0x34>
 4d8:	00c05863          	blez	a2,4e8 <div+0x34>
 4dc:	00161613          	slli	a2,a2,0x1
 4e0:	00169693          	slli	a3,a3,0x1
 4e4:	feb66ae3          	bltu	a2,a1,4d8 <div+0x24>
 4e8:	00000513          	li	a0,0
 4ec:	00c5e663          	bltu	a1,a2,4f8 <div+0x44>
 4f0:	40c585b3          	sub	a1,a1,a2
 4f4:	00d56533          	or	a0,a0,a3
 4f8:	0016d693          	srli	a3,a3,0x1
 4fc:	00165613          	srli	a2,a2,0x1
 500:	fe0696e3          	bnez	a3,4ec <div+0x38>
 504:	00012683          	lw	a3,0(sp)
 508:	00112603          	lw	a2,1(sp)
 50c:	00810113          	addi	sp,sp,8
 510:	00008067          	ret

00000514 <div_hw>:
 514:	004301b7          	lui	gp,0x430
 518:	00a1a223          	sw	a0,4(gp) # 430004 <DIV_BASE+0x4>
 51c:	00b1a423          	sw	a1,8(gp)
 520:	00100513          	li	a0,1
 524:	00a1a623          	sw	a0,12(gp)
 528:	0001a623          	sw	zero,12(gp)
 52c:	00100293          	li	t0,1
 530:	0141a303          	lw	t1,20(gp)
 534:	00537333          	and	t1,t1,t0
 538:	fe030ae3          	beqz	t1,52c <div_hw+0x18>
 53c:	0101a503          	lw	a0,16(gp)
 540:	00008067          	ret
 544:	1941                	addi	s2,s2,-16
 546:	0000                	unimp
 548:	7200                	flw	fs0,32(a2)
 54a:	7369                	lui	t1,0xffffa
 54c:	01007663          	bgeu	zero,a6,558 <div_hw+0x44>
 550:	0000000f          	fence	unknown,unknown
 554:	7205                	lui	tp,0xfffe1
 556:	3376                	fld	ft6,376(sp)
 558:	6932                	flw	fs2,12(sp)
 55a:	7032                	flw	ft0,44(sp)
 55c:	0030                	addi	a2,sp,8
	...

00000560 <wait>:
 560:	ffc10113          	addi	sp,sp,-4
 564:	00512023          	sw	t0,0(sp)
 568:	00100293          	li	t0,1
 56c:	00a292b3          	sll	t0,t0,a0
 570:	fff28293          	addi	t0,t0,-1
 574:	fe029ee3          	bnez	t0,570 <wait+0x10>
 578:	00012283          	lw	t0,0(sp)
 57c:	00410113          	addi	sp,sp,4
 580:	00008067          	ret
 584:	1941                	addi	s2,s2,-16
 586:	0000                	unimp
 588:	7200                	flw	fs0,32(a2)
 58a:	7369                	lui	t1,0xffffa
 58c:	01007663          	bgeu	zero,a6,598 <wait+0x38>
 590:	0000000f          	fence	unknown,unknown
 594:	7205                	lui	tp,0xfffe1
 596:	3376                	fld	ft6,376(sp)
 598:	6932                	flw	fs2,12(sp)
 59a:	7032                	flw	ft0,44(sp)
 59c:	0030                	addi	a2,sp,8
	...

000005a0 <putchar>:
 5a0:	ff410113          	addi	sp,sp,-12
 5a4:	00512023          	sw	t0,0(sp)
 5a8:	00612223          	sw	t1,4(sp)
 5ac:	00112423          	sw	ra,8(sp)
 5b0:	004001b7          	lui	gp,0x400
 5b4:	00a1a423          	sw	a0,8(gp) # 400008 <UART_BASE+0x8>
 5b8:	00100293          	li	t0,1
 5bc:	0051a823          	sw	t0,16(gp)
 5c0:	00000293          	li	t0,0
 5c4:	0051a823          	sw	t0,16(gp)
 5c8:	20000293          	li	t0,512
 5cc:	0101a303          	lw	t1,16(gp)
 5d0:	00537333          	and	t1,t1,t0
 5d4:	fe031ce3          	bnez	t1,5cc <putchar+0x2c>
 5d8:	00812083          	lw	ra,8(sp)
 5dc:	00412303          	lw	t1,4(sp)
 5e0:	00012283          	lw	t0,0(sp)
 5e4:	00c10113          	addi	sp,sp,12
 5e8:	00008067          	ret
 5ec:	1941                	addi	s2,s2,-16
 5ee:	0000                	unimp
 5f0:	7200                	flw	fs0,32(a2)
 5f2:	7369                	lui	t1,0xffffa
 5f4:	01007663          	bgeu	zero,a6,600 <putchar+0x60>
 5f8:	0000000f          	fence	unknown,unknown
 5fc:	7205                	lui	tp,0xfffe1
 5fe:	3376                	fld	ft6,376(sp)
 600:	6932                	flw	fs2,12(sp)
 602:	7032                	flw	ft0,44(sp)
 604:	0030                	addi	a2,sp,8
	...

00000608 <getchar>:
 608:	ff810113          	addi	sp,sp,-8
 60c:	00512023          	sw	t0,0(sp)
 610:	00112223          	sw	ra,4(sp)
 614:	004001b7          	lui	gp,0x400
 618:	0101a503          	lw	a0,16(gp) # 400010 <UART_BASE+0x10>
 61c:	10057293          	andi	t0,a0,256
 620:	fe028ce3          	beqz	t0,618 <getchar+0x10>
 624:	00200293          	li	t0,2
 628:	0051a823          	sw	t0,16(gp)
 62c:	0081a503          	lw	a0,8(gp)
 630:	0ff57513          	zext.b	a0,a0
 634:	00412083          	lw	ra,4(sp)
 638:	00012283          	lw	t0,0(sp)
 63c:	00810113          	addi	sp,sp,8
 640:	00008067          	ret
 644:	1941                	addi	s2,s2,-16
 646:	0000                	unimp
 648:	7200                	flw	fs0,32(a2)
 64a:	7369                	lui	t1,0xffffa
 64c:	01007663          	bgeu	zero,a6,658 <getchar+0x50>
 650:	0000000f          	fence	unknown,unknown
 654:	7205                	lui	tp,0xfffe1
 656:	3376                	fld	ft6,376(sp)
 658:	6932                	flw	fs2,12(sp)
 65a:	7032                	flw	ft0,44(sp)
 65c:	0030                	addi	a2,sp,8
	...

00000660 <putstring>:
 660:	ff810113          	addi	sp,sp,-8
 664:	00112023          	sw	ra,0(sp)
 668:	00712223          	sw	t2,4(sp)
 66c:	000503b3          	add	t2,a0,zero
 670:	0003c503          	lbu	a0,0(t2)
 674:	00050863          	beqz	a0,684 <putstring+0x24>
 678:	f29ff0ef          	jal	ra,5a0 <putchar>
 67c:	00138393          	addi	t2,t2,1
 680:	ff1ff06f          	j	670 <putstring+0x10>
 684:	00412383          	lw	t2,4(sp)
 688:	00012083          	lw	ra,0(sp)
 68c:	00810113          	addi	sp,sp,8
 690:	00008067          	ret
 694:	1941                	addi	s2,s2,-16
 696:	0000                	unimp
 698:	7200                	flw	fs0,32(a2)
 69a:	7369                	lui	t1,0xffffa
 69c:	01007663          	bgeu	zero,a6,6a8 <putstring+0x48>
 6a0:	0000000f          	fence	unknown,unknown
 6a4:	7205                	lui	tp,0xfffe1
 6a6:	3376                	fld	ft6,376(sp)
 6a8:	6932                	flw	fs2,12(sp)
 6aa:	7032                	flw	ft0,44(sp)
 6ac:	0030                	addi	a2,sp,8
